# Logfile created on 2026-03-29 21:51:25 +0200 by logger.rb/v1.6.4
2026-03-29 21:51:25 +0200: Memory Usage (369812K) : Starting running IHP-SG13CMOS5L KLayout DRC runset on /home/syndace/Projects/OpenROAD-flow-scripts/flow/results/ihp-sg13cmos5l/prjleisurecruise/base/6_final.gds
2026-03-29 21:51:25 +0200: Memory Usage (369812K) : Ruby Version for klayout: 3.4.8
2026-03-29 21:51:25 +0200: Memory Usage (460016K) : Loading database to memory is complete.
2026-03-29 21:51:25 +0200: Memory Usage (460016K) : IHP-SG13CMOS5L KLayout DRC runset output at: /home/syndace/Projects/OpenROAD-flow-scripts/drc_run_LeisureCruiseHarness/6_final_LeisureCruiseHarness_metaln.lyrdb
2026-03-29 21:51:25 +0200: Memory Usage (460016K) : Evaluate switches.
2026-03-29 21:51:25 +0200: Memory Usage (460016K) : tables selected: metaln
2026-03-29 21:51:25 +0200: Memory Usage (460016K) : KLayout will use 8 thread(s) in tiled mode.
2026-03-29 21:51:25 +0200: Memory Usage (460016K) : deep mode is enabled.
2026-03-29 21:51:25 +0200: Memory Usage (460016K) : FEOL enabled: false
2026-03-29 21:51:25 +0200: Memory Usage (460016K) : BEOL enabled: false
2026-03-29 21:51:25 +0200: Memory Usage (460016K) : OFFGRID enabled: false
2026-03-29 21:51:25 +0200: Memory Usage (460016K) : ANGLE enabled: true
2026-03-29 21:51:25 +0200: Memory Usage (460016K) : PIN enabled: false
2026-03-29 21:51:25 +0200: Memory Usage (460016K) : FORBIDDEN enabled: false
2026-03-29 21:51:25 +0200: Memory Usage (460016K) : RECOMMENDED enabled: true
2026-03-29 21:51:25 +0200: Memory Usage (460016K) : PreCheck DRC enabled: false
2026-03-29 21:51:25 +0200: Memory Usage (460016K) : CONNECTIVITY_RULES enabled: false.
2026-03-29 21:51:25 +0200: Memory Usage (460016K) : Read in polygons from layers.
2026-03-29 21:51:25 +0200: Memory Usage (473860K) : activ_drw has 1345255 polygons
2026-03-29 21:51:25 +0200: Memory Usage (473860K) : activ_pin has 0 polygons
2026-03-29 21:51:25 +0200: Memory Usage (473860K) : activ_mask has 0 polygons
2026-03-29 21:51:25 +0200: Memory Usage (473860K) : activ_filler has 0 polygons
2026-03-29 21:51:26 +0200: Memory Usage (473860K) : activ_nofill has 0 polygons
2026-03-29 21:51:26 +0200: Memory Usage (473860K) : activ_opc has 0 polygons
2026-03-29 21:51:26 +0200: Memory Usage (473860K) : activ_iopc has 0 polygons
2026-03-29 21:51:26 +0200: Memory Usage (473860K) : activ_noqrc has 0 polygons
2026-03-29 21:51:26 +0200: Memory Usage (473860K) : biwind_drw has 0 polygons
2026-03-29 21:51:26 +0200: Memory Usage (473860K) : biwind_opc has 0 polygons
2026-03-29 21:51:26 +0200: Memory Usage (473860K) : pemwind_drw has 0 polygons
2026-03-29 21:51:26 +0200: Memory Usage (473860K) : gatpoly_drw has 1156047 polygons
2026-03-29 21:51:26 +0200: Memory Usage (473860K) : gatpoly_pin has 0 polygons
2026-03-29 21:51:26 +0200: Memory Usage (473860K) : gatpoly_filler has 0 polygons
2026-03-29 21:51:26 +0200: Memory Usage (473860K) : gatpoly_nofill has 0 polygons
2026-03-29 21:51:26 +0200: Memory Usage (473860K) : gatpoly_opc has 0 polygons
2026-03-29 21:51:26 +0200: Memory Usage (473860K) : gatpoly_iopc has 0 polygons
2026-03-29 21:51:26 +0200: Memory Usage (473860K) : gatpoly_noqrc has 0 polygons
2026-03-29 21:51:26 +0200: Memory Usage (482500K) : cont_drw has 7660295 polygons
2026-03-29 21:51:26 +0200: Memory Usage (482500K) : cont_opc has 0 polygons
2026-03-29 21:51:26 +0200: Memory Usage (482500K) : nsd_drw has 0 polygons
2026-03-29 21:51:26 +0200: Memory Usage (482500K) : nsd_block has 0 polygons
2026-03-29 21:51:27 +0200: Memory Usage (482692K) : metal1_drw has 2301922 polygons
2026-03-29 21:51:27 +0200: Memory Usage (482692K) : metal1_pin has 257060 polygons
2026-03-29 21:51:27 +0200: Memory Usage (482692K) : metal1_mask has 0 polygons
2026-03-29 21:51:27 +0200: Memory Usage (482692K) : metal1_filler has 0 polygons
2026-03-29 21:51:27 +0200: Memory Usage (482692K) : metal1_nofill has 0 polygons
2026-03-29 21:51:27 +0200: Memory Usage (482692K) : metal1_slit has 0 polygons
2026-03-29 21:51:27 +0200: Memory Usage (482692K) : metal1_text has 224260 polygons
2026-03-29 21:51:27 +0200: Memory Usage (482692K) : metal1_opc has 0 polygons
2026-03-29 21:51:27 +0200: Memory Usage (482692K) : metal1_noqrc has 0 polygons
2026-03-29 21:51:27 +0200: Memory Usage (482692K) : metal1_res has 48 polygons
2026-03-29 21:51:27 +0200: Memory Usage (482692K) : metal1_iprobe has 0 polygons
2026-03-29 21:51:27 +0200: Memory Usage (482692K) : metal1_diffprb has 0 polygons
2026-03-29 21:51:27 +0200: Memory Usage (482692K) : passiv_drw has 44 polygons
2026-03-29 21:51:27 +0200: Memory Usage (482692K) : passiv_pin has 0 polygons
2026-03-29 21:51:27 +0200: Memory Usage (482692K) : passiv_sbump has 0 polygons
2026-03-29 21:51:27 +0200: Memory Usage (482692K) : passiv_pillar has 0 polygons
2026-03-29 21:51:27 +0200: Memory Usage (482692K) : passiv_pdl has 0 polygons
2026-03-29 21:51:28 +0200: Memory Usage (487876K) : metal2_drw has 1067535 polygons
2026-03-29 21:51:28 +0200: Memory Usage (487876K) : metal2_pin has 742134 polygons
2026-03-29 21:51:28 +0200: Memory Usage (487876K) : metal2_mask has 0 polygons
2026-03-29 21:51:28 +0200: Memory Usage (487876K) : metal2_filler has 0 polygons
2026-03-29 21:51:28 +0200: Memory Usage (487876K) : metal2_nofill has 0 polygons
2026-03-29 21:51:28 +0200: Memory Usage (487876K) : metal2_slit has 0 polygons
2026-03-29 21:51:28 +0200: Memory Usage (487876K) : metal2_text has 478838 polygons
2026-03-29 21:51:28 +0200: Memory Usage (487876K) : metal2_opc has 0 polygons
2026-03-29 21:51:28 +0200: Memory Usage (487876K) : metal2_noqrc has 0 polygons
2026-03-29 21:51:28 +0200: Memory Usage (487876K) : metal2_res has 131136 polygons
2026-03-29 21:51:28 +0200: Memory Usage (487876K) : metal2_iprobe has 0 polygons
2026-03-29 21:51:28 +0200: Memory Usage (487876K) : metal2_diffprb has 0 polygons
2026-03-29 21:51:28 +0200: Memory Usage (487876K) : baspoly_drw has 0 polygons
2026-03-29 21:51:28 +0200: Memory Usage (487876K) : baspoly_pin has 0 polygons
2026-03-29 21:51:28 +0200: Memory Usage (487876K) : psd_drw has 316903 polygons
2026-03-29 21:51:28 +0200: Memory Usage (487876K) : nldb_drw has 0 polygons
2026-03-29 21:51:28 +0200: Memory Usage (487876K) : digibnd_drw has 84684 polygons
2026-03-29 21:51:28 +0200: Memory Usage (487876K) : via1_drw has 882711 polygons
2026-03-29 21:51:29 +0200: Memory Usage (487876K) : backmetal1_drw has 0 polygons
2026-03-29 21:51:29 +0200: Memory Usage (487876K) : backmetal1_pin has 0 polygons
2026-03-29 21:51:29 +0200: Memory Usage (487876K) : backmetal1_mask has 0 polygons
2026-03-29 21:51:29 +0200: Memory Usage (487876K) : backmetal1_filler has 0 polygons
2026-03-29 21:51:29 +0200: Memory Usage (487876K) : backmetal1_nofill has 0 polygons
2026-03-29 21:51:29 +0200: Memory Usage (487876K) : backmetal1_slit has 0 polygons
2026-03-29 21:51:29 +0200: Memory Usage (487876K) : backmetal1_text has 0 polygons
2026-03-29 21:51:29 +0200: Memory Usage (487876K) : backmetal1_opc has 0 polygons
2026-03-29 21:51:29 +0200: Memory Usage (487876K) : backmetal1_noqrc has 0 polygons
2026-03-29 21:51:29 +0200: Memory Usage (487876K) : backmetal1_res has 0 polygons
2026-03-29 21:51:29 +0200: Memory Usage (487876K) : backmetal1_iprobe has 0 polygons
2026-03-29 21:51:29 +0200: Memory Usage (487876K) : backmetal1_diffprb has 0 polygons
2026-03-29 21:51:29 +0200: Memory Usage (487876K) : backpassiv_drw has 0 polygons
2026-03-29 21:51:29 +0200: Memory Usage (487876K) : res_drw has 0 polygons
2026-03-29 21:51:29 +0200: Memory Usage (487876K) : sram_drw has 76032 polygons
2026-03-29 21:51:29 +0200: Memory Usage (487876K) : trans_drw has 0 polygons
2026-03-29 21:51:29 +0200: Memory Usage (487876K) : ind_drw has 0 polygons
2026-03-29 21:51:29 +0200: Memory Usage (487876K) : ind_pin has 0 polygons
2026-03-29 21:51:29 +0200: Memory Usage (487876K) : ind_text has 0 polygons
2026-03-29 21:51:29 +0200: Memory Usage (487876K) : salblock_drw has 20 polygons
2026-03-29 21:51:29 +0200: Memory Usage (487876K) : via2_drw has 590378 polygons
2026-03-29 21:51:29 +0200: Memory Usage (487876K) : metal3_drw has 452119 polygons
2026-03-29 21:51:30 +0200: Memory Usage (487876K) : metal3_pin has 349323 polygons
2026-03-29 21:51:30 +0200: Memory Usage (487876K) : metal3_mask has 0 polygons
2026-03-29 21:51:30 +0200: Memory Usage (487876K) : metal3_filler has 0 polygons
2026-03-29 21:51:30 +0200: Memory Usage (487876K) : metal3_nofill has 0 polygons
2026-03-29 21:51:30 +0200: Memory Usage (487876K) : metal3_slit has 0 polygons
2026-03-29 21:51:30 +0200: Memory Usage (487876K) : metal3_text has 207243 polygons
2026-03-29 21:51:30 +0200: Memory Usage (487876K) : metal3_opc has 0 polygons
2026-03-29 21:51:30 +0200: Memory Usage (487876K) : metal3_noqrc has 0 polygons
2026-03-29 21:51:30 +0200: Memory Usage (487876K) : metal3_res has 66304 polygons
2026-03-29 21:51:30 +0200: Memory Usage (487876K) : metal3_iprobe has 0 polygons
2026-03-29 21:51:30 +0200: Memory Usage (487876K) : metal3_diffprb has 0 polygons
2026-03-29 21:51:30 +0200: Memory Usage (487876K) : nwell_drw has 226877 polygons
2026-03-29 21:51:30 +0200: Memory Usage (487876K) : nwell_pin has 0 polygons
2026-03-29 21:51:30 +0200: Memory Usage (487876K) : nbulay_drw has 0 polygons
2026-03-29 21:51:30 +0200: Memory Usage (487876K) : nbulay_pin has 0 polygons
2026-03-29 21:51:30 +0200: Memory Usage (487876K) : nbulay_block has 0 polygons
2026-03-29 21:51:30 +0200: Memory Usage (487876K) : emwind_drw has 0 polygons
2026-03-29 21:51:30 +0200: Memory Usage (487876K) : emwind_opc has 0 polygons
2026-03-29 21:51:30 +0200: Memory Usage (487876K) : deepco_drw has 0 polygons
2026-03-29 21:51:30 +0200: Memory Usage (487876K) : deepco_drw has 0 polygons
2026-03-29 21:51:30 +0200: Memory Usage (487876K) : mim_drw has 0 polygons
2026-03-29 21:51:30 +0200: Memory Usage (487876K) : edgeseal_drw has 24 polygons
2026-03-29 21:51:31 +0200: Memory Usage (487876K) : edgeseal_bound has 1 polygons
2026-03-29 21:51:31 +0200: Memory Usage (487876K) : substrate_drw has 966 polygons
2026-03-29 21:51:31 +0200: Memory Usage (487876K) : substrate_text has 0 polygons
2026-03-29 21:51:31 +0200: Memory Usage (487876K) : dfpad_drw has 32 polygons
2026-03-29 21:51:31 +0200: Memory Usage (487876K) : dfpad_pillar has 0 polygons
2026-03-29 21:51:31 +0200: Memory Usage (487876K) : dfpad_sbump has 0 polygons
2026-03-29 21:51:31 +0200: Memory Usage (487876K) : thickgateox_drw has 64 polygons
2026-03-29 21:51:31 +0200: Memory Usage (487876K) : pldb_drw has 0 polygons
2026-03-29 21:51:31 +0200: Memory Usage (487876K) : pwell_drw has 0 polygons
2026-03-29 21:51:31 +0200: Memory Usage (487876K) : pwell_pin has 0 polygons
2026-03-29 21:51:31 +0200: Memory Usage (487876K) : pwell_block has 0 polygons
2026-03-29 21:51:31 +0200: Memory Usage (487876K) : ic_drw has 0 polygons
2026-03-29 21:51:31 +0200: Memory Usage (487876K) : via3_drw has 423079 polygons
2026-03-29 21:51:31 +0200: Memory Usage (487876K) : metal4_drw has 46129 polygons
2026-03-29 21:51:31 +0200: Memory Usage (487876K) : metal4_pin has 1492 polygons
2026-03-29 21:51:31 +0200: Memory Usage (487876K) : metal4_mask has 0 polygons
2026-03-29 21:51:31 +0200: Memory Usage (487876K) : metal4_filler has 0 polygons
2026-03-29 21:51:31 +0200: Memory Usage (487876K) : metal4_nofill has 0 polygons
2026-03-29 21:51:32 +0200: Memory Usage (487876K) : metal4_slit has 0 polygons
2026-03-29 21:51:32 +0200: Memory Usage (487876K) : metal4_text has 1409 polygons
2026-03-29 21:51:32 +0200: Memory Usage (487876K) : metal4_opc has 0 polygons
2026-03-29 21:51:32 +0200: Memory Usage (487876K) : metal4_noqrc has 0 polygons
2026-03-29 21:51:32 +0200: Memory Usage (487876K) : metal4_res has 0 polygons
2026-03-29 21:51:32 +0200: Memory Usage (487876K) : metal4_iprobe has 0 polygons
2026-03-29 21:51:32 +0200: Memory Usage (487876K) : metal4_diffprb has 0 polygons
2026-03-29 21:51:32 +0200: Memory Usage (487876K) : heattrans_drw has 0 polygons
2026-03-29 21:51:32 +0200: Memory Usage (487876K) : heatres_drw has 0 polygons
2026-03-29 21:51:32 +0200: Memory Usage (487876K) : pempoly_drw has 0 polygons
2026-03-29 21:51:32 +0200: Memory Usage (487876K) : fbe_drw has 0 polygons
2026-03-29 21:51:32 +0200: Memory Usage (487876K) : empoly_drw has 0 polygons
2026-03-29 21:51:32 +0200: Memory Usage (487876K) : ldmos_drw has 0 polygons
2026-03-29 21:51:32 +0200: Memory Usage (487876K) : pbiwind_drw has 0 polygons
2026-03-29 21:51:32 +0200: Memory Usage (487876K) : digisub_drw has 0 polygons
2026-03-29 21:51:32 +0200: Memory Usage (487876K) : nodrc_drw has 0 polygons
2026-03-29 21:51:32 +0200: Memory Usage (487876K) : text_drw has 800794 polygons
2026-03-29 21:51:32 +0200: Memory Usage (487876K) : via4_drw has 0 polygons
2026-03-29 21:51:32 +0200: Memory Usage (487876K) : metal5_drw has 0 polygons
2026-03-29 21:51:32 +0200: Memory Usage (487876K) : metal5_pin has 0 polygons
2026-03-29 21:51:32 +0200: Memory Usage (487876K) : metal5_mask has 0 polygons
2026-03-29 21:51:32 +0200: Memory Usage (487876K) : metal5_filler has 0 polygons
2026-03-29 21:51:32 +0200: Memory Usage (487876K) : metal5_nofill has 0 polygons
2026-03-29 21:51:32 +0200: Memory Usage (487876K) : metal5_slit has 0 polygons
2026-03-29 21:51:32 +0200: Memory Usage (487876K) : metal5_text has 0 polygons
2026-03-29 21:51:32 +0200: Memory Usage (487876K) : metal5_opc has 0 polygons
2026-03-29 21:51:32 +0200: Memory Usage (487876K) : metal5_noqrc has 0 polygons
2026-03-29 21:51:32 +0200: Memory Usage (487876K) : metal5_res has 0 polygons
2026-03-29 21:51:32 +0200: Memory Usage (487876K) : metal5_iprobe has 0 polygons
2026-03-29 21:51:32 +0200: Memory Usage (487876K) : metal5_diffprb has 0 polygons
2026-03-29 21:51:32 +0200: Memory Usage (487876K) : radhard_drw has 0 polygons
2026-03-29 21:51:32 +0200: Memory Usage (487876K) : memcap_drw has 0 polygons
2026-03-29 21:51:32 +0200: Memory Usage (487876K) : varicap_drw has 0 polygons
2026-03-29 21:51:32 +0200: Memory Usage (487876K) : flash_drw has 0 polygons
2026-03-29 21:51:33 +0200: Memory Usage (487876K) : intbondvia_drw has 0 polygons
2026-03-29 21:51:33 +0200: Memory Usage (487876K) : intbondmet_drw has 0 polygons
2026-03-29 21:51:33 +0200: Memory Usage (487876K) : devbondvia_drw has 0 polygons
2026-03-29 21:51:33 +0200: Memory Usage (487876K) : devbondmet_drw has 0 polygons
2026-03-29 21:51:33 +0200: Memory Usage (487876K) : devtrench_drw has 0 polygons
2026-03-29 21:51:33 +0200: Memory Usage (487876K) : redist_drw has 0 polygons
2026-03-29 21:51:33 +0200: Memory Usage (487876K) : graphbot_drw has 0 polygons
2026-03-29 21:51:33 +0200: Memory Usage (487876K) : graphtop_drw has 0 polygons
2026-03-29 21:51:33 +0200: Memory Usage (487876K) : antvia1_drw has 0 polygons
2026-03-29 21:51:33 +0200: Memory Usage (487876K) : antmetal2_drw has 0 polygons
2026-03-29 21:51:33 +0200: Memory Usage (487876K) : graphcont_drw has 0 polygons
2026-03-29 21:51:33 +0200: Memory Usage (487876K) : siwg_drw has 0 polygons
2026-03-29 21:51:33 +0200: Memory Usage (487876K) : siwg_filler has 0 polygons
2026-03-29 21:51:33 +0200: Memory Usage (487876K) : siwg_nofill has 0 polygons
2026-03-29 21:51:33 +0200: Memory Usage (487876K) : sigrating_drw has 0 polygons
2026-03-29 21:51:33 +0200: Memory Usage (487876K) : singrating_drw has 0 polygons
2026-03-29 21:51:33 +0200: Memory Usage (487876K) : graphpas_drw has 0 polygons
2026-03-29 21:51:33 +0200: Memory Usage (487876K) : emwind3_drw has 0 polygons
2026-03-29 21:51:33 +0200: Memory Usage (487876K) : emwihv3_drw has 0 polygons
2026-03-29 21:51:33 +0200: Memory Usage (487876K) : redbulay_drw has 0 polygons
2026-03-29 21:51:33 +0200: Memory Usage (487876K) : smos_drw has 0 polygons
2026-03-29 21:51:33 +0200: Memory Usage (487876K) : graphpad_drw has 0 polygons
2026-03-29 21:51:33 +0200: Memory Usage (487876K) : polimide_drw has 0 polygons
2026-03-29 21:51:33 +0200: Memory Usage (487876K) : polimide_pin has 0 polygons
2026-03-29 21:51:33 +0200: Memory Usage (487876K) : recog_drw has 0 polygons
2026-03-29 21:51:33 +0200: Memory Usage (487876K) : recog_pin has 0 polygons
2026-03-29 21:51:33 +0200: Memory Usage (487876K) : recog_esd has 0 polygons
2026-03-29 21:51:33 +0200: Memory Usage (487876K) : recog_diode has 350 polygons
2026-03-29 21:51:33 +0200: Memory Usage (487876K) : recog_tsv has 0 polygons
2026-03-29 21:51:33 +0200: Memory Usage (487876K) : recog_iprobe has 0 polygons
2026-03-29 21:51:33 +0200: Memory Usage (487876K) : recog_diffprb has 0 polygons
2026-03-29 21:51:33 +0200: Memory Usage (487876K) : recog_pillar has 0 polygons
2026-03-29 21:51:33 +0200: Memory Usage (487876K) : recog_sbump has 0 polygons
2026-03-29 21:51:33 +0200: Memory Usage (487876K) : recog_otp has 0 polygons
2026-03-29 21:51:33 +0200: Memory Usage (487876K) : recog_pdiode has 0 polygons
2026-03-29 21:51:33 +0200: Memory Usage (487876K) : recog_mom has 0 polygons
2026-03-29 21:51:34 +0200: Memory Usage (487876K) : recog_pcm has 0 polygons
2026-03-29 21:51:34 +0200: Memory Usage (487876K) : colopen_drw has 0 polygons
2026-03-29 21:51:34 +0200: Memory Usage (487876K) : graphmetal1_drw has 0 polygons
2026-03-29 21:51:34 +0200: Memory Usage (487876K) : graphmetal1_filler has 0 polygons
2026-03-29 21:51:34 +0200: Memory Usage (487876K) : graphmetal1_nofill has 0 polygons
2026-03-29 21:51:34 +0200: Memory Usage (487876K) : graphmetal1_slit has 0 polygons
2026-03-29 21:51:34 +0200: Memory Usage (487876K) : graphmetal1_opc has 0 polygons
2026-03-29 21:51:34 +0200: Memory Usage (487876K) : graphmet1l_drw has 0 polygons
2026-03-29 21:51:34 +0200: Memory Usage (487876K) : graphmet1l_filler has 0 polygons
2026-03-29 21:51:34 +0200: Memory Usage (487876K) : graphmet1l_nofill has 0 polygons
2026-03-29 21:51:34 +0200: Memory Usage (487876K) : graphmet1l_slit has 0 polygons
2026-03-29 21:51:34 +0200: Memory Usage (487876K) : graphmet1l_opc has 0 polygons
2026-03-29 21:51:34 +0200: Memory Usage (487876K) : extblock_drw has 20 polygons
2026-03-29 21:51:34 +0200: Memory Usage (487876K) : nldd_drw has 0 polygons
2026-03-29 21:51:34 +0200: Memory Usage (487876K) : pldd_drw has 0 polygons
2026-03-29 21:51:34 +0200: Memory Usage (487876K) : next_drw has 0 polygons
2026-03-29 21:51:34 +0200: Memory Usage (487876K) : pext_drw has 0 polygons
2026-03-29 21:51:34 +0200: Memory Usage (487876K) : nexthv_drw has 0 polygons
2026-03-29 21:51:34 +0200: Memory Usage (487876K) : pexthv_drw has 0 polygons
2026-03-29 21:51:34 +0200: Memory Usage (487876K) : graphgate_drw has 0 polygons
2026-03-29 21:51:34 +0200: Memory Usage (487876K) : sinwg_drw has 0 polygons
2026-03-29 21:51:34 +0200: Memory Usage (487876K) : sinwg_filler has 0 polygons
2026-03-29 21:51:34 +0200: Memory Usage (487876K) : sinwg_nofill has 0 polygons
2026-03-29 21:51:34 +0200: Memory Usage (487876K) : mempad_drw has 0 polygons
2026-03-29 21:51:34 +0200: Memory Usage (487876K) : topvia1_drw has 152344 polygons
2026-03-29 21:51:34 +0200: Memory Usage (487876K) : topmetal1_drw has 3670 polygons
2026-03-29 21:51:35 +0200: Memory Usage (487876K) : topmetal1_pin has 888 polygons
2026-03-29 21:51:35 +0200: Memory Usage (487876K) : topmetal1_mask has 0 polygons
2026-03-29 21:51:35 +0200: Memory Usage (487876K) : topmetal1_filler has 0 polygons
2026-03-29 21:51:35 +0200: Memory Usage (487876K) : topmetal1_nofill has 0 polygons
2026-03-29 21:51:35 +0200: Memory Usage (487876K) : topmetal1_slit has 0 polygons
2026-03-29 21:51:35 +0200: Memory Usage (487876K) : topmetal1_text has 714 polygons
2026-03-29 21:51:35 +0200: Memory Usage (487876K) : topmetal1_noqrc has 0 polygons
2026-03-29 21:51:35 +0200: Memory Usage (487876K) : topmetal1_res has 0 polygons
2026-03-29 21:51:35 +0200: Memory Usage (487876K) : topmetal1_iprobe has 0 polygons
2026-03-29 21:51:35 +0200: Memory Usage (487876K) : topmetal1_diffprb has 0 polygons
2026-03-29 21:51:35 +0200: Memory Usage (487876K) : inldpwl_drw has 0 polygons
2026-03-29 21:51:35 +0200: Memory Usage (487876K) : polyres_drw has 0 polygons
2026-03-29 21:51:35 +0200: Memory Usage (487876K) : polyres_pin has 0 polygons
2026-03-29 21:51:35 +0200: Memory Usage (487876K) : vmim_drw has 0 polygons
2026-03-29 21:51:35 +0200: Memory Usage (487876K) : nbulaycut_drw has 0 polygons
2026-03-29 21:51:35 +0200: Memory Usage (487876K) : antmetal1_drw has 0 polygons
2026-03-29 21:51:35 +0200: Memory Usage (487876K) : topvia2_drw has 0 polygons
2026-03-29 21:51:35 +0200: Memory Usage (487876K) : topmetal2_drw has 0 polygons
2026-03-29 21:51:35 +0200: Memory Usage (487876K) : topmetal2_pin has 0 polygons
2026-03-29 21:51:35 +0200: Memory Usage (487876K) : topmetal2_mask has 0 polygons
2026-03-29 21:51:35 +0200: Memory Usage (487876K) : topmetal2_filler has 0 polygons
2026-03-29 21:51:35 +0200: Memory Usage (487876K) : topmetal2_nofill has 0 polygons
2026-03-29 21:51:35 +0200: Memory Usage (487876K) : topmetal2_slit has 0 polygons
2026-03-29 21:51:35 +0200: Memory Usage (487876K) : topmetal2_text has 0 polygons
2026-03-29 21:51:35 +0200: Memory Usage (487876K) : topmetal2_noqrc has 0 polygons
2026-03-29 21:51:35 +0200: Memory Usage (487876K) : topmetal2_res has 0 polygons
2026-03-29 21:51:35 +0200: Memory Usage (487876K) : topmetal2_iprobe has 0 polygons
2026-03-29 21:51:35 +0200: Memory Usage (487876K) : topmetal2_diffprb has 0 polygons
2026-03-29 21:51:35 +0200: Memory Usage (487876K) : snsring_drw has 0 polygons
2026-03-29 21:51:35 +0200: Memory Usage (487876K) : sensor_drw has 0 polygons
2026-03-29 21:51:35 +0200: Memory Usage (487876K) : snsarms_drw has 0 polygons
2026-03-29 21:51:35 +0200: Memory Usage (487876K) : snscmosvia_drw has 0 polygons
2026-03-29 21:51:35 +0200: Memory Usage (487876K) : colwind_drw has 0 polygons
2026-03-29 21:51:35 +0200: Memory Usage (487876K) : flm_drw has 0 polygons
2026-03-29 21:51:35 +0200: Memory Usage (487876K) : hafniumox_drw has 0 polygons
2026-03-29 21:51:35 +0200: Memory Usage (487876K) : memvia_drw has 0 polygons
2026-03-29 21:51:36 +0200: Memory Usage (487876K) : thinfilmres_drw has 0 polygons
2026-03-29 21:51:36 +0200: Memory Usage (487876K) : rfmem_drw has 0 polygons
2026-03-29 21:51:36 +0200: Memory Usage (487876K) : norcx_drw has 0 polygons
2026-03-29 21:51:36 +0200: Memory Usage (487876K) : norcx_m2m3 has 0 polygons
2026-03-29 21:51:36 +0200: Memory Usage (487876K) : norcx_m2m4 has 0 polygons
2026-03-29 21:51:36 +0200: Memory Usage (487876K) : norcx_m2m5 has 0 polygons
2026-03-29 21:51:36 +0200: Memory Usage (487876K) : norcx_m2tm1 has 0 polygons
2026-03-29 21:51:36 +0200: Memory Usage (487876K) : norcx_m2tm2 has 0 polygons
2026-03-29 21:51:36 +0200: Memory Usage (487876K) : norcx_m3m4 has 0 polygons
2026-03-29 21:51:36 +0200: Memory Usage (487876K) : norcx_m3m5 has 0 polygons
2026-03-29 21:51:36 +0200: Memory Usage (487876K) : norcx_m3tm1 has 0 polygons
2026-03-29 21:51:36 +0200: Memory Usage (487876K) : norcx_m3tm2 has 0 polygons
2026-03-29 21:51:36 +0200: Memory Usage (487876K) : norcx_m4m5 has 0 polygons
2026-03-29 21:51:36 +0200: Memory Usage (487876K) : norcx_m4tm1 has 0 polygons
2026-03-29 21:51:36 +0200: Memory Usage (487876K) : norcx_m4tm2 has 0 polygons
2026-03-29 21:51:36 +0200: Memory Usage (487876K) : norcx_m5tm1 has 0 polygons
2026-03-29 21:51:36 +0200: Memory Usage (487876K) : norcx_m5tm2 has 0 polygons
2026-03-29 21:51:36 +0200: Memory Usage (487876K) : norcx_tm1tm2 has 0 polygons
2026-03-29 21:51:36 +0200: Memory Usage (487876K) : norcx_m1sub has 0 polygons
2026-03-29 21:51:36 +0200: Memory Usage (487876K) : norcx_m2sub has 0 polygons
2026-03-29 21:51:36 +0200: Memory Usage (487876K) : norcx_m3sub has 0 polygons
2026-03-29 21:51:36 +0200: Memory Usage (487876K) : norcx_m4sub has 0 polygons
2026-03-29 21:51:36 +0200: Memory Usage (487876K) : norcx_m5sub has 0 polygons
2026-03-29 21:51:36 +0200: Memory Usage (487876K) : norcx_tm1sub has 0 polygons
2026-03-29 21:51:36 +0200: Memory Usage (487876K) : norcx_tm2sub has 0 polygons
2026-03-29 21:51:36 +0200: Memory Usage (487876K) : snsbotvia_drw has 0 polygons
2026-03-29 21:51:36 +0200: Memory Usage (487876K) : snstopvia_drw has 0 polygons
2026-03-29 21:51:36 +0200: Memory Usage (487876K) : deepvia_drw has 0 polygons
2026-03-29 21:51:36 +0200: Memory Usage (487876K) : fgetch_drw has 0 polygons
2026-03-29 21:51:36 +0200: Memory Usage (487876K) : ctrgat_drw has 0 polygons
2026-03-29 21:51:36 +0200: Memory Usage (487876K) : fgimp_drw has 0 polygons
2026-03-29 21:51:36 +0200: Memory Usage (487876K) : emwihv_drw has 0 polygons
2026-03-29 21:51:36 +0200: Memory Usage (487876K) : lbe_drw has 0 polygons
2026-03-29 21:51:36 +0200: Memory Usage (487876K) : alcustop_drw has 0 polygons
2026-03-29 21:51:36 +0200: Memory Usage (487876K) : nometfiller_drw has 0 polygons
2026-03-29 21:51:36 +0200: Memory Usage (487876K) : prboundary_drw has 0 polygons
2026-03-29 21:51:36 +0200: Memory Usage (487876K) : exchange0_drw has 0 polygons
2026-03-29 21:51:37 +0200: Memory Usage (487876K) : exchange0_pin has 0 polygons
2026-03-29 21:51:37 +0200: Memory Usage (487876K) : exchange0_text has 0 polygons
2026-03-29 21:51:37 +0200: Memory Usage (487876K) : exchange1_drw has 0 polygons
2026-03-29 21:51:37 +0200: Memory Usage (487876K) : exchange1_pin has 0 polygons
2026-03-29 21:51:37 +0200: Memory Usage (487876K) : exchange1_text has 0 polygons
2026-03-29 21:51:37 +0200: Memory Usage (487876K) : exchange2_drw has 0 polygons
2026-03-29 21:51:37 +0200: Memory Usage (487876K) : exchange2_pin has 0 polygons
2026-03-29 21:51:37 +0200: Memory Usage (487876K) : exchange2_text has 0 polygons
2026-03-29 21:51:37 +0200: Memory Usage (487876K) : exchange3_drw has 0 polygons
2026-03-29 21:51:37 +0200: Memory Usage (487876K) : exchange3_pin has 0 polygons
2026-03-29 21:51:37 +0200: Memory Usage (487876K) : exchange3_text has 0 polygons
2026-03-29 21:51:37 +0200: Memory Usage (487876K) : exchange4_drw has 0 polygons
2026-03-29 21:51:37 +0200: Memory Usage (487876K) : exchange4_pin has 0 polygons
2026-03-29 21:51:37 +0200: Memory Usage (487876K) : exchange4_text has 0 polygons
2026-03-29 21:51:37 +0200: Memory Usage (487876K) : isonwell_drw has 0 polygons
2026-03-29 21:51:37 +0200: Memory Usage (487876K) : Total no. of polygons in the design is 20049144
2026-03-29 21:51:37 +0200: Memory Usage (487876K) : Loaded TECH DRC rules values from /home/syndace/Projects/IHP-Open-PDK/ihp-sg13cmos5l/libs.tech/klayout/python/sg13cmos5l_pycell_lib/sg13cmos5l_tech_mod.json
2026-03-29 21:51:37 +0200: Memory Usage (487876K) : Loaded default DRC rules values from /home/syndace/Projects/IHP-Open-PDK/ihp-sg13cmos5l/libs.tech/klayout/tech/drc/rule_decks/sg13cmos5l_tech_default.json
2026-03-29 21:51:37 +0200: Memory Usage (498352K) : Total area of the design is 3240000.0 um^2.
2026-03-29 21:51:37 +0200: Memory Usage (498352K) : The design dimensions are 1800.0 um * 1800.0 um.
2026-03-29 21:51:37 +0200: Memory Usage (498352K) : Starting general IHP-SG13CMOS5L derivations.
2026-03-29 21:51:37 +0200: Memory Usage (498352K) : Starting Pwell derivations
2026-03-29 21:51:39 +0200: Memory Usage (568368K) : Starting IHP-SG13CMOS5L DRC rules.
2026-03-29 21:51:39 +0200: Memory Usage (568368K) : Starting 5.17 Metaln table
2026-03-29 21:51:39 +0200: Memory Usage (568368K) : Executing rule M2.a
2026-03-29 21:51:47 +0200: Memory Usage (671856K) : Executing rule M2.b
2026-03-29 21:51:55 +0200: Memory Usage (797712K) : Executing rule M2.e
2026-03-29 21:52:01 +0200: Memory Usage (814800K) : Executing rule M2.f
2026-03-29 21:52:02 +0200: Memory Usage (814800K) : Executing rule M2.g
2026-03-29 21:52:02 +0200: Memory Usage (826896K) : Executing rule M2.i
2026-03-29 21:52:03 +0200: Memory Usage (882576K) : Executing rule M3.a
2026-03-29 21:52:07 +0200: Memory Usage (883152K) : Executing rule M3.b
2026-03-29 21:52:11 +0200: Memory Usage (928080K) : Executing rule M3.e
2026-03-29 21:52:21 +0200: Memory Usage (946128K) : Executing rule M3.f
2026-03-29 21:52:23 +0200: Memory Usage (965520K) : Executing rule M3.g
2026-03-29 21:52:24 +0200: Memory Usage (965712K) : Executing rule M3.i
2026-03-29 21:52:24 +0200: Memory Usage (973584K) : Executing rule M4.a
2026-03-29 21:52:25 +0200: Memory Usage (973584K) : Executing rule M4.b
2026-03-29 21:52:25 +0200: Memory Usage (979536K) : Executing rule M4.e
2026-03-29 21:52:27 +0200: Memory Usage (979536K) : Executing rule M4.f
2026-03-29 21:52:28 +0200: Memory Usage (979536K) : Executing rule M4.g
2026-03-29 21:52:28 +0200: Memory Usage (979536K) : Executing rule M4.i
2026-03-29 21:52:29 +0200: Memory Usage (979728K) : KLayout DRC run for tables 'metaln' completed in 64.17 seconds
