# Logfile created on 2026-03-29 21:52:26 +0200 by logger.rb/v1.6.4
2026-03-29 21:52:26 +0200: Memory Usage (369868K) : Starting running IHP-SG13CMOS5L KLayout DRC runset on /home/syndace/Projects/OpenROAD-flow-scripts/flow/results/ihp-sg13cmos5l/prjleisurecruise/base/6_final.gds
2026-03-29 21:52:26 +0200: Memory Usage (369868K) : Ruby Version for klayout: 3.4.8
2026-03-29 21:52:27 +0200: Memory Usage (460436K) : Loading database to memory is complete.
2026-03-29 21:52:27 +0200: Memory Usage (460436K) : IHP-SG13CMOS5L KLayout DRC runset output at: /home/syndace/Projects/OpenROAD-flow-scripts/drc_run_LeisureCruiseHarness/6_final_LeisureCruiseHarness_angle.lyrdb
2026-03-29 21:52:27 +0200: Memory Usage (460436K) : Evaluate switches.
2026-03-29 21:52:27 +0200: Memory Usage (460436K) : tables selected: angle
2026-03-29 21:52:27 +0200: Memory Usage (460436K) : KLayout will use 8 thread(s) in tiled mode.
2026-03-29 21:52:27 +0200: Memory Usage (460436K) : deep mode is enabled.
2026-03-29 21:52:27 +0200: Memory Usage (460436K) : FEOL enabled: false
2026-03-29 21:52:27 +0200: Memory Usage (460436K) : BEOL enabled: false
2026-03-29 21:52:27 +0200: Memory Usage (460436K) : OFFGRID enabled: false
2026-03-29 21:52:27 +0200: Memory Usage (460436K) : ANGLE enabled: true
2026-03-29 21:52:27 +0200: Memory Usage (460436K) : PIN enabled: false
2026-03-29 21:52:27 +0200: Memory Usage (460436K) : FORBIDDEN enabled: false
2026-03-29 21:52:27 +0200: Memory Usage (460436K) : RECOMMENDED enabled: true
2026-03-29 21:52:27 +0200: Memory Usage (460436K) : PreCheck DRC enabled: false
2026-03-29 21:52:27 +0200: Memory Usage (460436K) : CONNECTIVITY_RULES enabled: false.
2026-03-29 21:52:27 +0200: Memory Usage (460436K) : Read in polygons from layers.
2026-03-29 21:52:27 +0200: Memory Usage (474488K) : activ_drw has 1345255 polygons
2026-03-29 21:52:27 +0200: Memory Usage (474488K) : activ_pin has 0 polygons
2026-03-29 21:52:27 +0200: Memory Usage (474488K) : activ_mask has 0 polygons
2026-03-29 21:52:27 +0200: Memory Usage (474488K) : activ_filler has 0 polygons
2026-03-29 21:52:27 +0200: Memory Usage (474488K) : activ_nofill has 0 polygons
2026-03-29 21:52:27 +0200: Memory Usage (474488K) : activ_opc has 0 polygons
2026-03-29 21:52:27 +0200: Memory Usage (474488K) : activ_iopc has 0 polygons
2026-03-29 21:52:27 +0200: Memory Usage (474488K) : activ_noqrc has 0 polygons
2026-03-29 21:52:27 +0200: Memory Usage (474488K) : biwind_drw has 0 polygons
2026-03-29 21:52:27 +0200: Memory Usage (474488K) : biwind_opc has 0 polygons
2026-03-29 21:52:27 +0200: Memory Usage (474488K) : pemwind_drw has 0 polygons
2026-03-29 21:52:27 +0200: Memory Usage (474488K) : gatpoly_drw has 1156047 polygons
2026-03-29 21:52:27 +0200: Memory Usage (474488K) : gatpoly_pin has 0 polygons
2026-03-29 21:52:27 +0200: Memory Usage (474488K) : gatpoly_filler has 0 polygons
2026-03-29 21:52:27 +0200: Memory Usage (474488K) : gatpoly_nofill has 0 polygons
2026-03-29 21:52:27 +0200: Memory Usage (474488K) : gatpoly_opc has 0 polygons
2026-03-29 21:52:27 +0200: Memory Usage (474488K) : gatpoly_iopc has 0 polygons
2026-03-29 21:52:28 +0200: Memory Usage (474488K) : gatpoly_noqrc has 0 polygons
2026-03-29 21:52:28 +0200: Memory Usage (483128K) : cont_drw has 7660295 polygons
2026-03-29 21:52:28 +0200: Memory Usage (483128K) : cont_opc has 0 polygons
2026-03-29 21:52:28 +0200: Memory Usage (483128K) : nsd_drw has 0 polygons
2026-03-29 21:52:28 +0200: Memory Usage (483128K) : nsd_block has 0 polygons
2026-03-29 21:52:28 +0200: Memory Usage (483320K) : metal1_drw has 2301922 polygons
2026-03-29 21:52:28 +0200: Memory Usage (483320K) : metal1_pin has 257060 polygons
2026-03-29 21:52:28 +0200: Memory Usage (483320K) : metal1_mask has 0 polygons
2026-03-29 21:52:28 +0200: Memory Usage (483320K) : metal1_filler has 0 polygons
2026-03-29 21:52:28 +0200: Memory Usage (483320K) : metal1_nofill has 0 polygons
2026-03-29 21:52:28 +0200: Memory Usage (483320K) : metal1_slit has 0 polygons
2026-03-29 21:52:28 +0200: Memory Usage (483512K) : metal1_text has 224260 polygons
2026-03-29 21:52:28 +0200: Memory Usage (483512K) : metal1_opc has 0 polygons
2026-03-29 21:52:28 +0200: Memory Usage (483512K) : metal1_noqrc has 0 polygons
2026-03-29 21:52:29 +0200: Memory Usage (483512K) : metal1_res has 48 polygons
2026-03-29 21:52:29 +0200: Memory Usage (483512K) : metal1_iprobe has 0 polygons
2026-03-29 21:52:29 +0200: Memory Usage (483512K) : metal1_diffprb has 0 polygons
2026-03-29 21:52:29 +0200: Memory Usage (483512K) : passiv_drw has 44 polygons
2026-03-29 21:52:29 +0200: Memory Usage (483512K) : passiv_pin has 0 polygons
2026-03-29 21:52:29 +0200: Memory Usage (483512K) : passiv_sbump has 0 polygons
2026-03-29 21:52:29 +0200: Memory Usage (483512K) : passiv_pillar has 0 polygons
2026-03-29 21:52:29 +0200: Memory Usage (483512K) : passiv_pdl has 0 polygons
2026-03-29 21:52:29 +0200: Memory Usage (488696K) : metal2_drw has 1067535 polygons
2026-03-29 21:52:29 +0200: Memory Usage (488696K) : metal2_pin has 742134 polygons
2026-03-29 21:52:29 +0200: Memory Usage (488696K) : metal2_mask has 0 polygons
2026-03-29 21:52:29 +0200: Memory Usage (488696K) : metal2_filler has 0 polygons
2026-03-29 21:52:29 +0200: Memory Usage (488696K) : metal2_nofill has 0 polygons
2026-03-29 21:52:29 +0200: Memory Usage (488696K) : metal2_slit has 0 polygons
2026-03-29 21:52:29 +0200: Memory Usage (488696K) : metal2_text has 478838 polygons
2026-03-29 21:52:29 +0200: Memory Usage (488696K) : metal2_opc has 0 polygons
2026-03-29 21:52:29 +0200: Memory Usage (488696K) : metal2_noqrc has 0 polygons
2026-03-29 21:52:30 +0200: Memory Usage (488696K) : metal2_res has 131136 polygons
2026-03-29 21:52:30 +0200: Memory Usage (488696K) : metal2_iprobe has 0 polygons
2026-03-29 21:52:30 +0200: Memory Usage (488696K) : metal2_diffprb has 0 polygons
2026-03-29 21:52:30 +0200: Memory Usage (488696K) : baspoly_drw has 0 polygons
2026-03-29 21:52:30 +0200: Memory Usage (488696K) : baspoly_pin has 0 polygons
2026-03-29 21:52:30 +0200: Memory Usage (488696K) : psd_drw has 316903 polygons
2026-03-29 21:52:30 +0200: Memory Usage (488696K) : nldb_drw has 0 polygons
2026-03-29 21:52:30 +0200: Memory Usage (488696K) : digibnd_drw has 84684 polygons
2026-03-29 21:52:30 +0200: Memory Usage (488696K) : via1_drw has 882711 polygons
2026-03-29 21:52:30 +0200: Memory Usage (488696K) : backmetal1_drw has 0 polygons
2026-03-29 21:52:30 +0200: Memory Usage (488696K) : backmetal1_pin has 0 polygons
2026-03-29 21:52:30 +0200: Memory Usage (488696K) : backmetal1_mask has 0 polygons
2026-03-29 21:52:30 +0200: Memory Usage (488696K) : backmetal1_filler has 0 polygons
2026-03-29 21:52:30 +0200: Memory Usage (488696K) : backmetal1_nofill has 0 polygons
2026-03-29 21:52:30 +0200: Memory Usage (488696K) : backmetal1_slit has 0 polygons
2026-03-29 21:52:30 +0200: Memory Usage (488696K) : backmetal1_text has 0 polygons
2026-03-29 21:52:30 +0200: Memory Usage (488696K) : backmetal1_opc has 0 polygons
2026-03-29 21:52:30 +0200: Memory Usage (488696K) : backmetal1_noqrc has 0 polygons
2026-03-29 21:52:30 +0200: Memory Usage (488696K) : backmetal1_res has 0 polygons
2026-03-29 21:52:30 +0200: Memory Usage (488696K) : backmetal1_iprobe has 0 polygons
2026-03-29 21:52:30 +0200: Memory Usage (488696K) : backmetal1_diffprb has 0 polygons
2026-03-29 21:52:30 +0200: Memory Usage (488696K) : backpassiv_drw has 0 polygons
2026-03-29 21:52:30 +0200: Memory Usage (488696K) : res_drw has 0 polygons
2026-03-29 21:52:31 +0200: Memory Usage (488696K) : sram_drw has 76032 polygons
2026-03-29 21:52:31 +0200: Memory Usage (488696K) : trans_drw has 0 polygons
2026-03-29 21:52:31 +0200: Memory Usage (488696K) : ind_drw has 0 polygons
2026-03-29 21:52:31 +0200: Memory Usage (488696K) : ind_pin has 0 polygons
2026-03-29 21:52:31 +0200: Memory Usage (488696K) : ind_text has 0 polygons
2026-03-29 21:52:31 +0200: Memory Usage (488696K) : salblock_drw has 20 polygons
2026-03-29 21:52:31 +0200: Memory Usage (488696K) : via2_drw has 590378 polygons
2026-03-29 21:52:31 +0200: Memory Usage (488696K) : metal3_drw has 452119 polygons
2026-03-29 21:52:31 +0200: Memory Usage (488696K) : metal3_pin has 349323 polygons
2026-03-29 21:52:31 +0200: Memory Usage (488696K) : metal3_mask has 0 polygons
2026-03-29 21:52:31 +0200: Memory Usage (488696K) : metal3_filler has 0 polygons
2026-03-29 21:52:31 +0200: Memory Usage (488696K) : metal3_nofill has 0 polygons
2026-03-29 21:52:31 +0200: Memory Usage (488696K) : metal3_slit has 0 polygons
2026-03-29 21:52:31 +0200: Memory Usage (488696K) : metal3_text has 207243 polygons
2026-03-29 21:52:31 +0200: Memory Usage (488696K) : metal3_opc has 0 polygons
2026-03-29 21:52:31 +0200: Memory Usage (488696K) : metal3_noqrc has 0 polygons
2026-03-29 21:52:32 +0200: Memory Usage (488696K) : metal3_res has 66304 polygons
2026-03-29 21:52:32 +0200: Memory Usage (488696K) : metal3_iprobe has 0 polygons
2026-03-29 21:52:32 +0200: Memory Usage (488696K) : metal3_diffprb has 0 polygons
2026-03-29 21:52:32 +0200: Memory Usage (488696K) : nwell_drw has 226877 polygons
2026-03-29 21:52:32 +0200: Memory Usage (488696K) : nwell_pin has 0 polygons
2026-03-29 21:52:32 +0200: Memory Usage (488696K) : nbulay_drw has 0 polygons
2026-03-29 21:52:32 +0200: Memory Usage (488696K) : nbulay_pin has 0 polygons
2026-03-29 21:52:32 +0200: Memory Usage (488696K) : nbulay_block has 0 polygons
2026-03-29 21:52:32 +0200: Memory Usage (488696K) : emwind_drw has 0 polygons
2026-03-29 21:52:32 +0200: Memory Usage (488696K) : emwind_opc has 0 polygons
2026-03-29 21:52:32 +0200: Memory Usage (488696K) : deepco_drw has 0 polygons
2026-03-29 21:52:32 +0200: Memory Usage (488696K) : deepco_drw has 0 polygons
2026-03-29 21:52:32 +0200: Memory Usage (488696K) : mim_drw has 0 polygons
2026-03-29 21:52:32 +0200: Memory Usage (488696K) : edgeseal_drw has 24 polygons
2026-03-29 21:52:32 +0200: Memory Usage (488696K) : edgeseal_bound has 1 polygons
2026-03-29 21:52:32 +0200: Memory Usage (488696K) : substrate_drw has 966 polygons
2026-03-29 21:52:32 +0200: Memory Usage (488696K) : substrate_text has 0 polygons
2026-03-29 21:52:32 +0200: Memory Usage (488696K) : dfpad_drw has 32 polygons
2026-03-29 21:52:32 +0200: Memory Usage (488696K) : dfpad_pillar has 0 polygons
2026-03-29 21:52:32 +0200: Memory Usage (488696K) : dfpad_sbump has 0 polygons
2026-03-29 21:52:32 +0200: Memory Usage (488696K) : thickgateox_drw has 64 polygons
2026-03-29 21:52:33 +0200: Memory Usage (488696K) : pldb_drw has 0 polygons
2026-03-29 21:52:33 +0200: Memory Usage (488696K) : pwell_drw has 0 polygons
2026-03-29 21:52:33 +0200: Memory Usage (488696K) : pwell_pin has 0 polygons
2026-03-29 21:52:33 +0200: Memory Usage (488696K) : pwell_block has 0 polygons
2026-03-29 21:52:33 +0200: Memory Usage (488696K) : ic_drw has 0 polygons
2026-03-29 21:52:33 +0200: Memory Usage (488696K) : via3_drw has 423079 polygons
2026-03-29 21:52:33 +0200: Memory Usage (488696K) : metal4_drw has 46129 polygons
2026-03-29 21:52:33 +0200: Memory Usage (488696K) : metal4_pin has 1492 polygons
2026-03-29 21:52:33 +0200: Memory Usage (488696K) : metal4_mask has 0 polygons
2026-03-29 21:52:33 +0200: Memory Usage (488696K) : metal4_filler has 0 polygons
2026-03-29 21:52:33 +0200: Memory Usage (488696K) : metal4_nofill has 0 polygons
2026-03-29 21:52:33 +0200: Memory Usage (488696K) : metal4_slit has 0 polygons
2026-03-29 21:52:33 +0200: Memory Usage (488696K) : metal4_text has 1409 polygons
2026-03-29 21:52:33 +0200: Memory Usage (488696K) : metal4_opc has 0 polygons
2026-03-29 21:52:33 +0200: Memory Usage (488696K) : metal4_noqrc has 0 polygons
2026-03-29 21:52:33 +0200: Memory Usage (488696K) : metal4_res has 0 polygons
2026-03-29 21:52:33 +0200: Memory Usage (488696K) : metal4_iprobe has 0 polygons
2026-03-29 21:52:33 +0200: Memory Usage (488696K) : metal4_diffprb has 0 polygons
2026-03-29 21:52:33 +0200: Memory Usage (488696K) : heattrans_drw has 0 polygons
2026-03-29 21:52:33 +0200: Memory Usage (488696K) : heatres_drw has 0 polygons
2026-03-29 21:52:33 +0200: Memory Usage (488696K) : pempoly_drw has 0 polygons
2026-03-29 21:52:33 +0200: Memory Usage (488696K) : fbe_drw has 0 polygons
2026-03-29 21:52:33 +0200: Memory Usage (488696K) : empoly_drw has 0 polygons
2026-03-29 21:52:33 +0200: Memory Usage (488696K) : ldmos_drw has 0 polygons
2026-03-29 21:52:33 +0200: Memory Usage (488696K) : pbiwind_drw has 0 polygons
2026-03-29 21:52:34 +0200: Memory Usage (488696K) : digisub_drw has 0 polygons
2026-03-29 21:52:34 +0200: Memory Usage (488696K) : nodrc_drw has 0 polygons
2026-03-29 21:52:34 +0200: Memory Usage (488696K) : text_drw has 800794 polygons
2026-03-29 21:52:34 +0200: Memory Usage (488696K) : via4_drw has 0 polygons
2026-03-29 21:52:34 +0200: Memory Usage (488696K) : metal5_drw has 0 polygons
2026-03-29 21:52:34 +0200: Memory Usage (488696K) : metal5_pin has 0 polygons
2026-03-29 21:52:34 +0200: Memory Usage (488696K) : metal5_mask has 0 polygons
2026-03-29 21:52:34 +0200: Memory Usage (488696K) : metal5_filler has 0 polygons
2026-03-29 21:52:34 +0200: Memory Usage (488696K) : metal5_nofill has 0 polygons
2026-03-29 21:52:34 +0200: Memory Usage (488696K) : metal5_slit has 0 polygons
2026-03-29 21:52:34 +0200: Memory Usage (488696K) : metal5_text has 0 polygons
2026-03-29 21:52:34 +0200: Memory Usage (488696K) : metal5_opc has 0 polygons
2026-03-29 21:52:34 +0200: Memory Usage (488696K) : metal5_noqrc has 0 polygons
2026-03-29 21:52:34 +0200: Memory Usage (488696K) : metal5_res has 0 polygons
2026-03-29 21:52:34 +0200: Memory Usage (488696K) : metal5_iprobe has 0 polygons
2026-03-29 21:52:34 +0200: Memory Usage (488696K) : metal5_diffprb has 0 polygons
2026-03-29 21:52:34 +0200: Memory Usage (488696K) : radhard_drw has 0 polygons
2026-03-29 21:52:34 +0200: Memory Usage (488696K) : memcap_drw has 0 polygons
2026-03-29 21:52:34 +0200: Memory Usage (488696K) : varicap_drw has 0 polygons
2026-03-29 21:52:34 +0200: Memory Usage (488696K) : flash_drw has 0 polygons
2026-03-29 21:52:34 +0200: Memory Usage (488696K) : intbondvia_drw has 0 polygons
2026-03-29 21:52:34 +0200: Memory Usage (488696K) : intbondmet_drw has 0 polygons
2026-03-29 21:52:34 +0200: Memory Usage (488696K) : devbondvia_drw has 0 polygons
2026-03-29 21:52:34 +0200: Memory Usage (488696K) : devbondmet_drw has 0 polygons
2026-03-29 21:52:34 +0200: Memory Usage (488696K) : devtrench_drw has 0 polygons
2026-03-29 21:52:34 +0200: Memory Usage (488696K) : redist_drw has 0 polygons
2026-03-29 21:52:34 +0200: Memory Usage (488696K) : graphbot_drw has 0 polygons
2026-03-29 21:52:34 +0200: Memory Usage (488696K) : graphtop_drw has 0 polygons
2026-03-29 21:52:34 +0200: Memory Usage (488696K) : antvia1_drw has 0 polygons
2026-03-29 21:52:34 +0200: Memory Usage (488696K) : antmetal2_drw has 0 polygons
2026-03-29 21:52:34 +0200: Memory Usage (488696K) : graphcont_drw has 0 polygons
2026-03-29 21:52:34 +0200: Memory Usage (488696K) : siwg_drw has 0 polygons
2026-03-29 21:52:34 +0200: Memory Usage (488696K) : siwg_filler has 0 polygons
2026-03-29 21:52:34 +0200: Memory Usage (488696K) : siwg_nofill has 0 polygons
2026-03-29 21:52:34 +0200: Memory Usage (488696K) : sigrating_drw has 0 polygons
2026-03-29 21:52:34 +0200: Memory Usage (488696K) : singrating_drw has 0 polygons
2026-03-29 21:52:34 +0200: Memory Usage (488696K) : graphpas_drw has 0 polygons
2026-03-29 21:52:35 +0200: Memory Usage (488696K) : emwind3_drw has 0 polygons
2026-03-29 21:52:35 +0200: Memory Usage (488696K) : emwihv3_drw has 0 polygons
2026-03-29 21:52:35 +0200: Memory Usage (488696K) : redbulay_drw has 0 polygons
2026-03-29 21:52:35 +0200: Memory Usage (488696K) : smos_drw has 0 polygons
2026-03-29 21:52:35 +0200: Memory Usage (488696K) : graphpad_drw has 0 polygons
2026-03-29 21:52:35 +0200: Memory Usage (488696K) : polimide_drw has 0 polygons
2026-03-29 21:52:35 +0200: Memory Usage (488696K) : polimide_pin has 0 polygons
2026-03-29 21:52:35 +0200: Memory Usage (488696K) : recog_drw has 0 polygons
2026-03-29 21:52:35 +0200: Memory Usage (488696K) : recog_pin has 0 polygons
2026-03-29 21:52:35 +0200: Memory Usage (488696K) : recog_esd has 0 polygons
2026-03-29 21:52:35 +0200: Memory Usage (488696K) : recog_diode has 350 polygons
2026-03-29 21:52:35 +0200: Memory Usage (488696K) : recog_tsv has 0 polygons
2026-03-29 21:52:35 +0200: Memory Usage (488696K) : recog_iprobe has 0 polygons
2026-03-29 21:52:35 +0200: Memory Usage (488696K) : recog_diffprb has 0 polygons
2026-03-29 21:52:35 +0200: Memory Usage (488696K) : recog_pillar has 0 polygons
2026-03-29 21:52:35 +0200: Memory Usage (488696K) : recog_sbump has 0 polygons
2026-03-29 21:52:35 +0200: Memory Usage (488696K) : recog_otp has 0 polygons
2026-03-29 21:52:35 +0200: Memory Usage (488696K) : recog_pdiode has 0 polygons
2026-03-29 21:52:35 +0200: Memory Usage (488696K) : recog_mom has 0 polygons
2026-03-29 21:52:35 +0200: Memory Usage (488696K) : recog_pcm has 0 polygons
2026-03-29 21:52:35 +0200: Memory Usage (488696K) : colopen_drw has 0 polygons
2026-03-29 21:52:35 +0200: Memory Usage (488696K) : graphmetal1_drw has 0 polygons
2026-03-29 21:52:35 +0200: Memory Usage (488696K) : graphmetal1_filler has 0 polygons
2026-03-29 21:52:35 +0200: Memory Usage (488696K) : graphmetal1_nofill has 0 polygons
2026-03-29 21:52:35 +0200: Memory Usage (488696K) : graphmetal1_slit has 0 polygons
2026-03-29 21:52:35 +0200: Memory Usage (488696K) : graphmetal1_opc has 0 polygons
2026-03-29 21:52:35 +0200: Memory Usage (488696K) : graphmet1l_drw has 0 polygons
2026-03-29 21:52:35 +0200: Memory Usage (488696K) : graphmet1l_filler has 0 polygons
2026-03-29 21:52:35 +0200: Memory Usage (488696K) : graphmet1l_nofill has 0 polygons
2026-03-29 21:52:35 +0200: Memory Usage (488696K) : graphmet1l_slit has 0 polygons
2026-03-29 21:52:35 +0200: Memory Usage (488696K) : graphmet1l_opc has 0 polygons
2026-03-29 21:52:35 +0200: Memory Usage (488696K) : extblock_drw has 20 polygons
2026-03-29 21:52:35 +0200: Memory Usage (488696K) : nldd_drw has 0 polygons
2026-03-29 21:52:36 +0200: Memory Usage (488696K) : pldd_drw has 0 polygons
2026-03-29 21:52:36 +0200: Memory Usage (488696K) : next_drw has 0 polygons
2026-03-29 21:52:36 +0200: Memory Usage (488696K) : pext_drw has 0 polygons
2026-03-29 21:52:36 +0200: Memory Usage (488696K) : nexthv_drw has 0 polygons
2026-03-29 21:52:36 +0200: Memory Usage (488696K) : pexthv_drw has 0 polygons
2026-03-29 21:52:36 +0200: Memory Usage (488696K) : graphgate_drw has 0 polygons
2026-03-29 21:52:36 +0200: Memory Usage (488696K) : sinwg_drw has 0 polygons
2026-03-29 21:52:36 +0200: Memory Usage (488696K) : sinwg_filler has 0 polygons
2026-03-29 21:52:36 +0200: Memory Usage (488696K) : sinwg_nofill has 0 polygons
2026-03-29 21:52:36 +0200: Memory Usage (488696K) : mempad_drw has 0 polygons
2026-03-29 21:52:36 +0200: Memory Usage (488696K) : topvia1_drw has 152344 polygons
2026-03-29 21:52:36 +0200: Memory Usage (488696K) : topmetal1_drw has 3670 polygons
2026-03-29 21:52:36 +0200: Memory Usage (488696K) : topmetal1_pin has 888 polygons
2026-03-29 21:52:36 +0200: Memory Usage (488696K) : topmetal1_mask has 0 polygons
2026-03-29 21:52:36 +0200: Memory Usage (488696K) : topmetal1_filler has 0 polygons
2026-03-29 21:52:36 +0200: Memory Usage (488696K) : topmetal1_nofill has 0 polygons
2026-03-29 21:52:36 +0200: Memory Usage (488696K) : topmetal1_slit has 0 polygons
2026-03-29 21:52:36 +0200: Memory Usage (488696K) : topmetal1_text has 714 polygons
2026-03-29 21:52:36 +0200: Memory Usage (488696K) : topmetal1_noqrc has 0 polygons
2026-03-29 21:52:36 +0200: Memory Usage (488696K) : topmetal1_res has 0 polygons
2026-03-29 21:52:36 +0200: Memory Usage (488696K) : topmetal1_iprobe has 0 polygons
2026-03-29 21:52:36 +0200: Memory Usage (488696K) : topmetal1_diffprb has 0 polygons
2026-03-29 21:52:36 +0200: Memory Usage (488696K) : inldpwl_drw has 0 polygons
2026-03-29 21:52:36 +0200: Memory Usage (488696K) : polyres_drw has 0 polygons
2026-03-29 21:52:36 +0200: Memory Usage (488696K) : polyres_pin has 0 polygons
2026-03-29 21:52:36 +0200: Memory Usage (488696K) : vmim_drw has 0 polygons
2026-03-29 21:52:36 +0200: Memory Usage (488696K) : nbulaycut_drw has 0 polygons
2026-03-29 21:52:37 +0200: Memory Usage (488696K) : antmetal1_drw has 0 polygons
2026-03-29 21:52:37 +0200: Memory Usage (488696K) : topvia2_drw has 0 polygons
2026-03-29 21:52:37 +0200: Memory Usage (488696K) : topmetal2_drw has 0 polygons
2026-03-29 21:52:37 +0200: Memory Usage (488696K) : topmetal2_pin has 0 polygons
2026-03-29 21:52:37 +0200: Memory Usage (488696K) : topmetal2_mask has 0 polygons
2026-03-29 21:52:37 +0200: Memory Usage (488696K) : topmetal2_filler has 0 polygons
2026-03-29 21:52:37 +0200: Memory Usage (488696K) : topmetal2_nofill has 0 polygons
2026-03-29 21:52:37 +0200: Memory Usage (488696K) : topmetal2_slit has 0 polygons
2026-03-29 21:52:37 +0200: Memory Usage (488696K) : topmetal2_text has 0 polygons
2026-03-29 21:52:37 +0200: Memory Usage (488696K) : topmetal2_noqrc has 0 polygons
2026-03-29 21:52:37 +0200: Memory Usage (488696K) : topmetal2_res has 0 polygons
2026-03-29 21:52:37 +0200: Memory Usage (488696K) : topmetal2_iprobe has 0 polygons
2026-03-29 21:52:37 +0200: Memory Usage (488696K) : topmetal2_diffprb has 0 polygons
2026-03-29 21:52:37 +0200: Memory Usage (488696K) : snsring_drw has 0 polygons
2026-03-29 21:52:37 +0200: Memory Usage (488696K) : sensor_drw has 0 polygons
2026-03-29 21:52:37 +0200: Memory Usage (488696K) : snsarms_drw has 0 polygons
2026-03-29 21:52:37 +0200: Memory Usage (488696K) : snscmosvia_drw has 0 polygons
2026-03-29 21:52:37 +0200: Memory Usage (488696K) : colwind_drw has 0 polygons
2026-03-29 21:52:37 +0200: Memory Usage (488696K) : flm_drw has 0 polygons
2026-03-29 21:52:37 +0200: Memory Usage (488696K) : hafniumox_drw has 0 polygons
2026-03-29 21:52:37 +0200: Memory Usage (488696K) : memvia_drw has 0 polygons
2026-03-29 21:52:37 +0200: Memory Usage (488696K) : thinfilmres_drw has 0 polygons
2026-03-29 21:52:37 +0200: Memory Usage (488696K) : rfmem_drw has 0 polygons
2026-03-29 21:52:37 +0200: Memory Usage (488696K) : norcx_drw has 0 polygons
2026-03-29 21:52:37 +0200: Memory Usage (488696K) : norcx_m2m3 has 0 polygons
2026-03-29 21:52:37 +0200: Memory Usage (488696K) : norcx_m2m4 has 0 polygons
2026-03-29 21:52:37 +0200: Memory Usage (488696K) : norcx_m2m5 has 0 polygons
2026-03-29 21:52:37 +0200: Memory Usage (488696K) : norcx_m2tm1 has 0 polygons
2026-03-29 21:52:37 +0200: Memory Usage (488696K) : norcx_m2tm2 has 0 polygons
2026-03-29 21:52:37 +0200: Memory Usage (488696K) : norcx_m3m4 has 0 polygons
2026-03-29 21:52:37 +0200: Memory Usage (488696K) : norcx_m3m5 has 0 polygons
2026-03-29 21:52:37 +0200: Memory Usage (488696K) : norcx_m3tm1 has 0 polygons
2026-03-29 21:52:37 +0200: Memory Usage (488696K) : norcx_m3tm2 has 0 polygons
2026-03-29 21:52:37 +0200: Memory Usage (488696K) : norcx_m4m5 has 0 polygons
2026-03-29 21:52:37 +0200: Memory Usage (488696K) : norcx_m4tm1 has 0 polygons
2026-03-29 21:52:37 +0200: Memory Usage (488696K) : norcx_m4tm2 has 0 polygons
2026-03-29 21:52:37 +0200: Memory Usage (488696K) : norcx_m5tm1 has 0 polygons
2026-03-29 21:52:37 +0200: Memory Usage (488696K) : norcx_m5tm2 has 0 polygons
2026-03-29 21:52:37 +0200: Memory Usage (488696K) : norcx_tm1tm2 has 0 polygons
2026-03-29 21:52:37 +0200: Memory Usage (488696K) : norcx_m1sub has 0 polygons
2026-03-29 21:52:38 +0200: Memory Usage (488696K) : norcx_m2sub has 0 polygons
2026-03-29 21:52:38 +0200: Memory Usage (488696K) : norcx_m3sub has 0 polygons
2026-03-29 21:52:38 +0200: Memory Usage (488696K) : norcx_m4sub has 0 polygons
2026-03-29 21:52:38 +0200: Memory Usage (488696K) : norcx_m5sub has 0 polygons
2026-03-29 21:52:38 +0200: Memory Usage (488696K) : norcx_tm1sub has 0 polygons
2026-03-29 21:52:38 +0200: Memory Usage (488696K) : norcx_tm2sub has 0 polygons
2026-03-29 21:52:38 +0200: Memory Usage (488696K) : snsbotvia_drw has 0 polygons
2026-03-29 21:52:38 +0200: Memory Usage (488696K) : snstopvia_drw has 0 polygons
2026-03-29 21:52:38 +0200: Memory Usage (488696K) : deepvia_drw has 0 polygons
2026-03-29 21:52:38 +0200: Memory Usage (488696K) : fgetch_drw has 0 polygons
2026-03-29 21:52:38 +0200: Memory Usage (488696K) : ctrgat_drw has 0 polygons
2026-03-29 21:52:38 +0200: Memory Usage (488696K) : fgimp_drw has 0 polygons
2026-03-29 21:52:38 +0200: Memory Usage (488696K) : emwihv_drw has 0 polygons
2026-03-29 21:52:38 +0200: Memory Usage (488696K) : lbe_drw has 0 polygons
2026-03-29 21:52:38 +0200: Memory Usage (488696K) : alcustop_drw has 0 polygons
2026-03-29 21:52:38 +0200: Memory Usage (488696K) : nometfiller_drw has 0 polygons
2026-03-29 21:52:38 +0200: Memory Usage (488696K) : prboundary_drw has 0 polygons
2026-03-29 21:52:38 +0200: Memory Usage (488696K) : exchange0_drw has 0 polygons
2026-03-29 21:52:38 +0200: Memory Usage (488696K) : exchange0_pin has 0 polygons
2026-03-29 21:52:38 +0200: Memory Usage (488696K) : exchange0_text has 0 polygons
2026-03-29 21:52:38 +0200: Memory Usage (488696K) : exchange1_drw has 0 polygons
2026-03-29 21:52:38 +0200: Memory Usage (488696K) : exchange1_pin has 0 polygons
2026-03-29 21:52:38 +0200: Memory Usage (488696K) : exchange1_text has 0 polygons
2026-03-29 21:52:38 +0200: Memory Usage (488696K) : exchange2_drw has 0 polygons
2026-03-29 21:52:38 +0200: Memory Usage (488696K) : exchange2_pin has 0 polygons
2026-03-29 21:52:38 +0200: Memory Usage (488696K) : exchange2_text has 0 polygons
2026-03-29 21:52:38 +0200: Memory Usage (488696K) : exchange3_drw has 0 polygons
2026-03-29 21:52:38 +0200: Memory Usage (488696K) : exchange3_pin has 0 polygons
2026-03-29 21:52:38 +0200: Memory Usage (488696K) : exchange3_text has 0 polygons
2026-03-29 21:52:38 +0200: Memory Usage (488696K) : exchange4_drw has 0 polygons
2026-03-29 21:52:38 +0200: Memory Usage (488696K) : exchange4_pin has 0 polygons
2026-03-29 21:52:38 +0200: Memory Usage (488696K) : exchange4_text has 0 polygons
2026-03-29 21:52:38 +0200: Memory Usage (488696K) : isonwell_drw has 0 polygons
2026-03-29 21:52:38 +0200: Memory Usage (488696K) : Total no. of polygons in the design is 20049144
2026-03-29 21:52:38 +0200: Memory Usage (488696K) : Loaded TECH DRC rules values from /home/syndace/Projects/IHP-Open-PDK/ihp-sg13cmos5l/libs.tech/klayout/python/sg13cmos5l_pycell_lib/sg13cmos5l_tech_mod.json
2026-03-29 21:52:38 +0200: Memory Usage (488696K) : Loaded default DRC rules values from /home/syndace/Projects/IHP-Open-PDK/ihp-sg13cmos5l/libs.tech/klayout/tech/drc/rule_decks/sg13cmos5l_tech_default.json
2026-03-29 21:52:38 +0200: Memory Usage (499036K) : Total area of the design is 3240000.0 um^2.
2026-03-29 21:52:38 +0200: Memory Usage (499036K) : The design dimensions are 1800.0 um * 1800.0 um.
2026-03-29 21:52:38 +0200: Memory Usage (499036K) : Starting general IHP-SG13CMOS5L derivations.
2026-03-29 21:52:38 +0200: Memory Usage (499036K) : Starting Pwell derivations
2026-03-29 21:52:40 +0200: Memory Usage (569076K) : Starting IHP-SG13CMOS5L DRC rules.
2026-03-29 21:52:40 +0200: Memory Usage (569076K) : Starting 3.2. angle table
2026-03-29 21:52:40 +0200: Memory Usage (569076K) : Executing rule activ_drw_Acute
2026-03-29 21:53:12 +0200: Memory Usage (613056K) : Executing rule activ_pin_Acute
2026-03-29 21:53:13 +0200: Memory Usage (613056K) : Executing rule activ_mask_Acute
2026-03-29 21:53:13 +0200: Memory Usage (613056K) : Executing rule activ_filler_Acute
2026-03-29 21:53:13 +0200: Memory Usage (613056K) : Executing rule activ_nofill_Acute
2026-03-29 21:53:13 +0200: Memory Usage (613056K) : Executing rule activ_opc_Acute
2026-03-29 21:53:13 +0200: Memory Usage (613056K) : Executing rule activ_iopc_Acute
2026-03-29 21:53:13 +0200: Memory Usage (613056K) : Executing rule activ_noqrc_Acute
2026-03-29 21:53:14 +0200: Memory Usage (613056K) : Executing rule gatpoly_drw_Acute
2026-03-29 21:53:15 +0200: Memory Usage (613056K) : Executing rule gatpoly_pin_Acute
2026-03-29 21:53:15 +0200: Memory Usage (613056K) : Executing rule gatpoly_filler_Acute
2026-03-29 21:53:15 +0200: Memory Usage (613056K) : Executing rule gatpoly_nofill_Acute
2026-03-29 21:53:15 +0200: Memory Usage (613056K) : Executing rule gatpoly_opc_Acute
2026-03-29 21:53:15 +0200: Memory Usage (613056K) : Executing rule gatpoly_iopc_Acute
2026-03-29 21:53:16 +0200: Memory Usage (613056K) : Executing rule gatpoly_noqrc_Acute
2026-03-29 21:53:16 +0200: Memory Usage (613056K) : Executing rule cont_drw_Acute
2026-03-29 21:54:10 +0200: Memory Usage (1092124K) : Executing rule cont_opc_Acute
2026-03-29 21:54:10 +0200: Memory Usage (1092124K) : Executing rule nsd_drw_Acute
2026-03-29 21:54:10 +0200: Memory Usage (1092124K) : Executing rule nsd_block_Acute
2026-03-29 21:54:11 +0200: Memory Usage (1092124K) : Executing rule metal1_drw_Acute
2026-03-29 21:54:57 +0200: Memory Usage (1092124K) : Executing rule metal1_pin_Acute
2026-03-29 21:55:19 +0200: Memory Usage (1092124K) : Executing rule metal1_mask_Acute
2026-03-29 21:55:19 +0200: Memory Usage (1092124K) : Executing rule metal1_filler_Acute
2026-03-29 21:55:20 +0200: Memory Usage (1092124K) : Executing rule metal1_nofill_Acute
2026-03-29 21:55:20 +0200: Memory Usage (1092124K) : Executing rule metal1_slit_Acute
2026-03-29 21:55:20 +0200: Memory Usage (1092124K) : Executing rule metal1_opc_Acute
2026-03-29 21:55:20 +0200: Memory Usage (1092124K) : Executing rule metal1_noqrc_Acute
2026-03-29 21:55:20 +0200: Memory Usage (1092124K) : Executing rule metal1_res_Acute
2026-03-29 21:55:21 +0200: Memory Usage (1092124K) : Executing rule metal1_iprobe_Acute
2026-03-29 21:55:21 +0200: Memory Usage (1092124K) : Executing rule metal1_diffprb_Acute
2026-03-29 21:55:21 +0200: Memory Usage (1092124K) : Executing rule passiv_drw_Acute
2026-03-29 21:55:21 +0200: Memory Usage (1092124K) : Executing rule passiv_pin_Acute
2026-03-29 21:55:22 +0200: Memory Usage (1092124K) : Executing rule passiv_pillar_Acute
2026-03-29 21:55:22 +0200: Memory Usage (1092124K) : Executing rule passiv_sbump_Acute
2026-03-29 21:55:22 +0200: Memory Usage (1092124K) : Executing rule passiv_pdl_Acute
2026-03-29 21:55:22 +0200: Memory Usage (1092124K) : Executing rule metal2_drw_Acute
2026-03-29 21:55:38 +0200: Memory Usage (1092124K) : Executing rule metal2_pin_Acute
2026-03-29 21:55:38 +0200: Memory Usage (1092124K) : Executing rule metal2_mask_Acute
2026-03-29 21:55:39 +0200: Memory Usage (1092124K) : Executing rule metal2_filler_Acute
2026-03-29 21:55:39 +0200: Memory Usage (1092124K) : Executing rule metal2_nofill_Acute
2026-03-29 21:55:39 +0200: Memory Usage (1092124K) : Executing rule metal2_slit_Acute
2026-03-29 21:55:39 +0200: Memory Usage (1092124K) : Executing rule metal2_opc_Acute
2026-03-29 21:55:39 +0200: Memory Usage (1092124K) : Executing rule metal2_noqrc_Acute
2026-03-29 21:55:40 +0200: Memory Usage (1092124K) : Executing rule metal2_res_Acute
2026-03-29 21:55:40 +0200: Memory Usage (1092124K) : Executing rule metal2_iprobe_Acute
2026-03-29 21:55:40 +0200: Memory Usage (1092124K) : Executing rule metal2_diffprb_Acute
2026-03-29 21:55:40 +0200: Memory Usage (1092124K) : Executing rule psd_drw_Acute
2026-03-29 21:56:02 +0200: Memory Usage (1092124K) : Executing rule via1_drw_Acute
2026-03-29 21:56:12 +0200: Memory Usage (1099228K) : Executing rule salblock_drw_Acute
2026-03-29 21:56:12 +0200: Memory Usage (1099228K) : Executing rule via2_drw_Acute
2026-03-29 21:56:18 +0200: Memory Usage (1101676K) : Executing rule metal3_drw_Acute
2026-03-29 21:56:25 +0200: Memory Usage (1100828K) : Executing rule metal3_pin_Acute
2026-03-29 21:56:26 +0200: Memory Usage (1100444K) : Executing rule metal3_mask_Acute
2026-03-29 21:56:26 +0200: Memory Usage (1100444K) : Executing rule metal3_filler_Acute
2026-03-29 21:56:27 +0200: Memory Usage (1100252K) : Executing rule metal3_nofill_Acute
2026-03-29 21:56:27 +0200: Memory Usage (1100252K) : Executing rule metal3_slit_Acute
2026-03-29 21:56:27 +0200: Memory Usage (1100252K) : Executing rule metal3_opc_Acute
2026-03-29 21:56:27 +0200: Memory Usage (1100060K) : Executing rule metal3_noqrc_Acute
2026-03-29 21:56:28 +0200: Memory Usage (1100060K) : Executing rule metal3_res_Acute
2026-03-29 21:56:28 +0200: Memory Usage (1100060K) : Executing rule metal3_iprobe_Acute
2026-03-29 21:56:28 +0200: Memory Usage (1100060K) : Executing rule metal3_diffprb_Acute
2026-03-29 21:56:28 +0200: Memory Usage (1100060K) : Executing rule nwell_drw_Acute
2026-03-29 21:56:37 +0200: Memory Usage (1100060K) : Executing rule nwell_pin_Acute
2026-03-29 21:56:37 +0200: Memory Usage (1100060K) : Executing rule pwell_drw_Acute
2026-03-29 21:56:37 +0200: Memory Usage (1100060K) : Executing rule pwell_pin_Acute
2026-03-29 21:56:38 +0200: Memory Usage (1100060K) : Executing rule pwell_block_Acute
2026-03-29 21:56:38 +0200: Memory Usage (1100060K) : Executing rule substrate_drw_Acute
2026-03-29 21:56:38 +0200: Memory Usage (1100060K) : Executing rule via3_drw_Acute
2026-03-29 21:56:41 +0200: Memory Usage (1102120K) : Executing rule metal4_drw_Acute
2026-03-29 21:56:42 +0200: Memory Usage (1101116K) : Executing rule metal4_pin_Acute
2026-03-29 21:56:42 +0200: Memory Usage (1101116K) : Executing rule metal4_mask_Acute
2026-03-29 21:56:42 +0200: Memory Usage (1101116K) : Executing rule metal4_filler_Acute
2026-03-29 21:56:43 +0200: Memory Usage (1101116K) : Executing rule metal4_nofill_Acute
2026-03-29 21:56:43 +0200: Memory Usage (1101116K) : Executing rule metal4_slit_Acute
2026-03-29 21:56:43 +0200: Memory Usage (1101116K) : Executing rule metal4_opc_Acute
2026-03-29 21:56:43 +0200: Memory Usage (1101116K) : Executing rule metal4_noqrc_Acute
2026-03-29 21:56:43 +0200: Memory Usage (1100872K) : Executing rule metal4_res_Acute
2026-03-29 21:56:44 +0200: Memory Usage (1100872K) : Executing rule metal4_iprobe_Acute
2026-03-29 21:56:44 +0200: Memory Usage (1100872K) : Executing rule metal4_diffprb_Acute
2026-03-29 21:56:44 +0200: Memory Usage (1100872K) : Executing rule topvia1_drw_Acute
2026-03-29 21:56:45 +0200: Memory Usage (1100872K) : Executing rule topmetal1_drw_Acute
2026-03-29 21:56:46 +0200: Memory Usage (1100872K) : Executing rule topmetal1_pin_Acute
2026-03-29 21:56:46 +0200: Memory Usage (1100872K) : Executing rule topmetal1_mask_Acute
2026-03-29 21:56:46 +0200: Memory Usage (1100872K) : Executing rule topmetal1_filler_Acute
2026-03-29 21:56:46 +0200: Memory Usage (1100872K) : Executing rule topmetal1_nofill_Acute
2026-03-29 21:56:47 +0200: Memory Usage (1100872K) : Executing rule topmetal1_slit_Acute
2026-03-29 21:56:47 +0200: Memory Usage (1100872K) : Executing rule topmetal1_noqrc_Acute
2026-03-29 21:56:47 +0200: Memory Usage (1100872K) : Executing rule topmetal1_res_Acute
2026-03-29 21:56:47 +0200: Memory Usage (1100872K) : Executing rule topmetal1_iprobe_Acute
2026-03-29 21:56:47 +0200: Memory Usage (1100872K) : Executing rule topmetal1_diffprb_Acute
2026-03-29 21:56:48 +0200: Memory Usage (1100872K) : Executing rule thickgateox_drw_Acute
2026-03-29 21:56:48 +0200: Memory Usage (1100872K) : Executing rule polyres_drw_Acute
2026-03-29 21:56:48 +0200: Memory Usage (1100872K) : Executing rule polyres_pin_Acute
2026-03-29 21:56:48 +0200: Memory Usage (1100872K) : Executing rule antmetal1_drw_Acute
2026-03-29 21:56:48 +0200: Memory Usage (1100872K) : Executing rule thinfilmres_drw_Acute
2026-03-29 21:56:49 +0200: Memory Usage (1100872K) : Executing rule lbe_drw_Acute
2026-03-29 21:56:49 +0200: Memory Usage (1100872K) : Executing rule prboundary_drw_Acute
2026-03-29 21:56:49 +0200: Memory Usage (1100872K) : Executing rule cont_drw_Angle90
2026-03-29 21:57:52 +0200: Memory Usage (2431836K) : Executing rule via1_drw_Angle90
2026-03-29 21:58:00 +0200: Memory Usage (2455452K) : Executing rule via2_drw_Angle90
2026-03-29 21:58:07 +0200: Memory Usage (2490588K) : Executing rule via3_drw_Angle90
2026-03-29 21:58:09 +0200: Memory Usage (2492124K) : Executing rule topvia1_drw_Angle90
2026-03-29 21:58:11 +0200: Memory Usage (2492124K) : Executing rule gatpoly_drw_Angle45
2026-03-29 21:58:12 +0200: Memory Usage (2512092K) : Executing rule activ_drw_Angle45
2026-03-29 21:58:28 +0200: Memory Usage (2513204K) : Executing rule metal1_drw_Angle45
2026-03-29 21:59:02 +0200: Memory Usage (2689796K) : Executing rule metal2_drw_Angle45
2026-03-29 21:59:20 +0200: Memory Usage (2840708K) : Executing rule metal3_drw_Angle45
2026-03-29 21:59:28 +0200: Memory Usage (2885444K) : Executing rule metal4_drw_Angle45
2026-03-29 21:59:30 +0200: Memory Usage (2885444K) : Executing rule topmetal1_drw_Angle45
2026-03-29 21:59:30 +0200: Memory Usage (2885636K) : KLayout DRC run for tables 'angle' completed in 424.08 seconds
