# Logfile created on 2026-03-29 21:51:08 +0200 by logger.rb/v1.6.4
2026-03-29 21:51:08 +0200: Memory Usage (369760K) : Starting running IHP-SG13CMOS5L KLayout DRC runset on /home/syndace/Projects/OpenROAD-flow-scripts/flow/results/ihp-sg13cmos5l/prjleisurecruise/base/6_final.gds
2026-03-29 21:51:08 +0200: Memory Usage (369760K) : Ruby Version for klayout: 3.4.8
2026-03-29 21:51:08 +0200: Memory Usage (459792K) : Loading database to memory is complete.
2026-03-29 21:51:08 +0200: Memory Usage (459792K) : IHP-SG13CMOS5L KLayout DRC runset output at: /home/syndace/Projects/OpenROAD-flow-scripts/drc_run_LeisureCruiseHarness/6_final_LeisureCruiseHarness_topvia1.lyrdb
2026-03-29 21:51:08 +0200: Memory Usage (459792K) : Evaluate switches.
2026-03-29 21:51:08 +0200: Memory Usage (459792K) : tables selected: topvia1
2026-03-29 21:51:08 +0200: Memory Usage (459792K) : KLayout will use 8 thread(s) in tiled mode.
2026-03-29 21:51:08 +0200: Memory Usage (459792K) : deep mode is enabled.
2026-03-29 21:51:08 +0200: Memory Usage (459792K) : FEOL enabled: false
2026-03-29 21:51:08 +0200: Memory Usage (459792K) : BEOL enabled: false
2026-03-29 21:51:08 +0200: Memory Usage (459792K) : OFFGRID enabled: false
2026-03-29 21:51:08 +0200: Memory Usage (459792K) : ANGLE enabled: true
2026-03-29 21:51:08 +0200: Memory Usage (459792K) : PIN enabled: false
2026-03-29 21:51:08 +0200: Memory Usage (459792K) : FORBIDDEN enabled: false
2026-03-29 21:51:08 +0200: Memory Usage (459792K) : RECOMMENDED enabled: true
2026-03-29 21:51:08 +0200: Memory Usage (459792K) : PreCheck DRC enabled: false
2026-03-29 21:51:08 +0200: Memory Usage (459792K) : CONNECTIVITY_RULES enabled: false.
2026-03-29 21:51:08 +0200: Memory Usage (459792K) : Read in polygons from layers.
2026-03-29 21:51:09 +0200: Memory Usage (473636K) : activ_drw has 1345255 polygons
2026-03-29 21:51:09 +0200: Memory Usage (473636K) : activ_pin has 0 polygons
2026-03-29 21:51:09 +0200: Memory Usage (473636K) : activ_mask has 0 polygons
2026-03-29 21:51:09 +0200: Memory Usage (473636K) : activ_filler has 0 polygons
2026-03-29 21:51:09 +0200: Memory Usage (473636K) : activ_nofill has 0 polygons
2026-03-29 21:51:09 +0200: Memory Usage (473636K) : activ_opc has 0 polygons
2026-03-29 21:51:09 +0200: Memory Usage (473636K) : activ_iopc has 0 polygons
2026-03-29 21:51:09 +0200: Memory Usage (473636K) : activ_noqrc has 0 polygons
2026-03-29 21:51:09 +0200: Memory Usage (473636K) : biwind_drw has 0 polygons
2026-03-29 21:51:09 +0200: Memory Usage (473636K) : biwind_opc has 0 polygons
2026-03-29 21:51:09 +0200: Memory Usage (473636K) : pemwind_drw has 0 polygons
2026-03-29 21:51:09 +0200: Memory Usage (473636K) : gatpoly_drw has 1156047 polygons
2026-03-29 21:51:09 +0200: Memory Usage (473636K) : gatpoly_pin has 0 polygons
2026-03-29 21:51:09 +0200: Memory Usage (473636K) : gatpoly_filler has 0 polygons
2026-03-29 21:51:09 +0200: Memory Usage (473636K) : gatpoly_nofill has 0 polygons
2026-03-29 21:51:09 +0200: Memory Usage (473636K) : gatpoly_opc has 0 polygons
2026-03-29 21:51:09 +0200: Memory Usage (473636K) : gatpoly_iopc has 0 polygons
2026-03-29 21:51:09 +0200: Memory Usage (473636K) : gatpoly_noqrc has 0 polygons
2026-03-29 21:51:10 +0200: Memory Usage (482856K) : cont_drw has 7660295 polygons
2026-03-29 21:51:10 +0200: Memory Usage (482856K) : cont_opc has 0 polygons
2026-03-29 21:51:10 +0200: Memory Usage (482856K) : nsd_drw has 0 polygons
2026-03-29 21:51:10 +0200: Memory Usage (482856K) : nsd_block has 0 polygons
2026-03-29 21:51:10 +0200: Memory Usage (483048K) : metal1_drw has 2301922 polygons
2026-03-29 21:51:10 +0200: Memory Usage (483048K) : metal1_pin has 257060 polygons
2026-03-29 21:51:10 +0200: Memory Usage (483048K) : metal1_mask has 0 polygons
2026-03-29 21:51:10 +0200: Memory Usage (483048K) : metal1_filler has 0 polygons
2026-03-29 21:51:10 +0200: Memory Usage (483048K) : metal1_nofill has 0 polygons
2026-03-29 21:51:10 +0200: Memory Usage (483048K) : metal1_slit has 0 polygons
2026-03-29 21:51:10 +0200: Memory Usage (483296K) : metal1_text has 224260 polygons
2026-03-29 21:51:10 +0200: Memory Usage (483296K) : metal1_opc has 0 polygons
2026-03-29 21:51:10 +0200: Memory Usage (483296K) : metal1_noqrc has 0 polygons
2026-03-29 21:51:10 +0200: Memory Usage (483296K) : metal1_res has 48 polygons
2026-03-29 21:51:10 +0200: Memory Usage (483296K) : metal1_iprobe has 0 polygons
2026-03-29 21:51:10 +0200: Memory Usage (483296K) : metal1_diffprb has 0 polygons
2026-03-29 21:51:10 +0200: Memory Usage (483296K) : passiv_drw has 44 polygons
2026-03-29 21:51:10 +0200: Memory Usage (483296K) : passiv_pin has 0 polygons
2026-03-29 21:51:10 +0200: Memory Usage (483296K) : passiv_sbump has 0 polygons
2026-03-29 21:51:10 +0200: Memory Usage (483296K) : passiv_pillar has 0 polygons
2026-03-29 21:51:10 +0200: Memory Usage (483296K) : passiv_pdl has 0 polygons
2026-03-29 21:51:11 +0200: Memory Usage (488288K) : metal2_drw has 1067535 polygons
2026-03-29 21:51:11 +0200: Memory Usage (488288K) : metal2_pin has 742134 polygons
2026-03-29 21:51:11 +0200: Memory Usage (488288K) : metal2_mask has 0 polygons
2026-03-29 21:51:11 +0200: Memory Usage (488288K) : metal2_filler has 0 polygons
2026-03-29 21:51:11 +0200: Memory Usage (488288K) : metal2_nofill has 0 polygons
2026-03-29 21:51:11 +0200: Memory Usage (488288K) : metal2_slit has 0 polygons
2026-03-29 21:51:11 +0200: Memory Usage (488288K) : metal2_text has 478838 polygons
2026-03-29 21:51:11 +0200: Memory Usage (488288K) : metal2_opc has 0 polygons
2026-03-29 21:51:11 +0200: Memory Usage (488288K) : metal2_noqrc has 0 polygons
2026-03-29 21:51:11 +0200: Memory Usage (488288K) : metal2_res has 131136 polygons
2026-03-29 21:51:11 +0200: Memory Usage (488288K) : metal2_iprobe has 0 polygons
2026-03-29 21:51:11 +0200: Memory Usage (488288K) : metal2_diffprb has 0 polygons
2026-03-29 21:51:11 +0200: Memory Usage (488288K) : baspoly_drw has 0 polygons
2026-03-29 21:51:11 +0200: Memory Usage (488288K) : baspoly_pin has 0 polygons
2026-03-29 21:51:11 +0200: Memory Usage (488288K) : psd_drw has 316903 polygons
2026-03-29 21:51:11 +0200: Memory Usage (488288K) : nldb_drw has 0 polygons
2026-03-29 21:51:12 +0200: Memory Usage (488288K) : digibnd_drw has 84684 polygons
2026-03-29 21:51:12 +0200: Memory Usage (488288K) : via1_drw has 882711 polygons
2026-03-29 21:51:12 +0200: Memory Usage (488288K) : backmetal1_drw has 0 polygons
2026-03-29 21:51:12 +0200: Memory Usage (488288K) : backmetal1_pin has 0 polygons
2026-03-29 21:51:12 +0200: Memory Usage (488288K) : backmetal1_mask has 0 polygons
2026-03-29 21:51:12 +0200: Memory Usage (488288K) : backmetal1_filler has 0 polygons
2026-03-29 21:51:12 +0200: Memory Usage (488288K) : backmetal1_nofill has 0 polygons
2026-03-29 21:51:12 +0200: Memory Usage (488288K) : backmetal1_slit has 0 polygons
2026-03-29 21:51:12 +0200: Memory Usage (488288K) : backmetal1_text has 0 polygons
2026-03-29 21:51:12 +0200: Memory Usage (488288K) : backmetal1_opc has 0 polygons
2026-03-29 21:51:12 +0200: Memory Usage (488288K) : backmetal1_noqrc has 0 polygons
2026-03-29 21:51:12 +0200: Memory Usage (488288K) : backmetal1_res has 0 polygons
2026-03-29 21:51:12 +0200: Memory Usage (488288K) : backmetal1_iprobe has 0 polygons
2026-03-29 21:51:12 +0200: Memory Usage (488288K) : backmetal1_diffprb has 0 polygons
2026-03-29 21:51:12 +0200: Memory Usage (488288K) : backpassiv_drw has 0 polygons
2026-03-29 21:51:12 +0200: Memory Usage (488288K) : res_drw has 0 polygons
2026-03-29 21:51:12 +0200: Memory Usage (488288K) : sram_drw has 76032 polygons
2026-03-29 21:51:12 +0200: Memory Usage (488288K) : trans_drw has 0 polygons
2026-03-29 21:51:12 +0200: Memory Usage (488288K) : ind_drw has 0 polygons
2026-03-29 21:51:12 +0200: Memory Usage (488288K) : ind_pin has 0 polygons
2026-03-29 21:51:12 +0200: Memory Usage (488288K) : ind_text has 0 polygons
2026-03-29 21:51:12 +0200: Memory Usage (488288K) : salblock_drw has 20 polygons
2026-03-29 21:51:12 +0200: Memory Usage (488288K) : via2_drw has 590378 polygons
2026-03-29 21:51:13 +0200: Memory Usage (488288K) : metal3_drw has 452119 polygons
2026-03-29 21:51:13 +0200: Memory Usage (488288K) : metal3_pin has 349323 polygons
2026-03-29 21:51:13 +0200: Memory Usage (488288K) : metal3_mask has 0 polygons
2026-03-29 21:51:13 +0200: Memory Usage (488288K) : metal3_filler has 0 polygons
2026-03-29 21:51:13 +0200: Memory Usage (488288K) : metal3_nofill has 0 polygons
2026-03-29 21:51:13 +0200: Memory Usage (488288K) : metal3_slit has 0 polygons
2026-03-29 21:51:13 +0200: Memory Usage (488288K) : metal3_text has 207243 polygons
2026-03-29 21:51:13 +0200: Memory Usage (488288K) : metal3_opc has 0 polygons
2026-03-29 21:51:13 +0200: Memory Usage (488288K) : metal3_noqrc has 0 polygons
2026-03-29 21:51:13 +0200: Memory Usage (488288K) : metal3_res has 66304 polygons
2026-03-29 21:51:13 +0200: Memory Usage (488288K) : metal3_iprobe has 0 polygons
2026-03-29 21:51:13 +0200: Memory Usage (488288K) : metal3_diffprb has 0 polygons
2026-03-29 21:51:13 +0200: Memory Usage (488288K) : nwell_drw has 226877 polygons
2026-03-29 21:51:13 +0200: Memory Usage (488288K) : nwell_pin has 0 polygons
2026-03-29 21:51:13 +0200: Memory Usage (488288K) : nbulay_drw has 0 polygons
2026-03-29 21:51:13 +0200: Memory Usage (488288K) : nbulay_pin has 0 polygons
2026-03-29 21:51:13 +0200: Memory Usage (488288K) : nbulay_block has 0 polygons
2026-03-29 21:51:13 +0200: Memory Usage (488288K) : emwind_drw has 0 polygons
2026-03-29 21:51:13 +0200: Memory Usage (488288K) : emwind_opc has 0 polygons
2026-03-29 21:51:13 +0200: Memory Usage (488288K) : deepco_drw has 0 polygons
2026-03-29 21:51:13 +0200: Memory Usage (488288K) : deepco_drw has 0 polygons
2026-03-29 21:51:13 +0200: Memory Usage (488288K) : mim_drw has 0 polygons
2026-03-29 21:51:14 +0200: Memory Usage (488288K) : edgeseal_drw has 24 polygons
2026-03-29 21:51:14 +0200: Memory Usage (488288K) : edgeseal_bound has 1 polygons
2026-03-29 21:51:14 +0200: Memory Usage (488288K) : substrate_drw has 966 polygons
2026-03-29 21:51:14 +0200: Memory Usage (488288K) : substrate_text has 0 polygons
2026-03-29 21:51:14 +0200: Memory Usage (488288K) : dfpad_drw has 32 polygons
2026-03-29 21:51:14 +0200: Memory Usage (488288K) : dfpad_pillar has 0 polygons
2026-03-29 21:51:14 +0200: Memory Usage (488288K) : dfpad_sbump has 0 polygons
2026-03-29 21:51:14 +0200: Memory Usage (488288K) : thickgateox_drw has 64 polygons
2026-03-29 21:51:14 +0200: Memory Usage (488288K) : pldb_drw has 0 polygons
2026-03-29 21:51:14 +0200: Memory Usage (488288K) : pwell_drw has 0 polygons
2026-03-29 21:51:14 +0200: Memory Usage (488288K) : pwell_pin has 0 polygons
2026-03-29 21:51:14 +0200: Memory Usage (488288K) : pwell_block has 0 polygons
2026-03-29 21:51:14 +0200: Memory Usage (488288K) : ic_drw has 0 polygons
2026-03-29 21:51:14 +0200: Memory Usage (488288K) : via3_drw has 423079 polygons
2026-03-29 21:51:14 +0200: Memory Usage (488288K) : metal4_drw has 46129 polygons
2026-03-29 21:51:15 +0200: Memory Usage (488288K) : metal4_pin has 1492 polygons
2026-03-29 21:51:15 +0200: Memory Usage (488288K) : metal4_mask has 0 polygons
2026-03-29 21:51:15 +0200: Memory Usage (488288K) : metal4_filler has 0 polygons
2026-03-29 21:51:15 +0200: Memory Usage (488288K) : metal4_nofill has 0 polygons
2026-03-29 21:51:15 +0200: Memory Usage (488288K) : metal4_slit has 0 polygons
2026-03-29 21:51:15 +0200: Memory Usage (488288K) : metal4_text has 1409 polygons
2026-03-29 21:51:15 +0200: Memory Usage (488288K) : metal4_opc has 0 polygons
2026-03-29 21:51:15 +0200: Memory Usage (488288K) : metal4_noqrc has 0 polygons
2026-03-29 21:51:15 +0200: Memory Usage (488288K) : metal4_res has 0 polygons
2026-03-29 21:51:15 +0200: Memory Usage (488288K) : metal4_iprobe has 0 polygons
2026-03-29 21:51:15 +0200: Memory Usage (488288K) : metal4_diffprb has 0 polygons
2026-03-29 21:51:15 +0200: Memory Usage (488288K) : heattrans_drw has 0 polygons
2026-03-29 21:51:15 +0200: Memory Usage (488288K) : heatres_drw has 0 polygons
2026-03-29 21:51:15 +0200: Memory Usage (488288K) : pempoly_drw has 0 polygons
2026-03-29 21:51:15 +0200: Memory Usage (488288K) : fbe_drw has 0 polygons
2026-03-29 21:51:15 +0200: Memory Usage (488288K) : empoly_drw has 0 polygons
2026-03-29 21:51:15 +0200: Memory Usage (488288K) : ldmos_drw has 0 polygons
2026-03-29 21:51:15 +0200: Memory Usage (488288K) : pbiwind_drw has 0 polygons
2026-03-29 21:51:15 +0200: Memory Usage (488288K) : digisub_drw has 0 polygons
2026-03-29 21:51:15 +0200: Memory Usage (488288K) : nodrc_drw has 0 polygons
2026-03-29 21:51:15 +0200: Memory Usage (488288K) : text_drw has 800794 polygons
2026-03-29 21:51:15 +0200: Memory Usage (488288K) : via4_drw has 0 polygons
2026-03-29 21:51:15 +0200: Memory Usage (488288K) : metal5_drw has 0 polygons
2026-03-29 21:51:15 +0200: Memory Usage (488288K) : metal5_pin has 0 polygons
2026-03-29 21:51:15 +0200: Memory Usage (488288K) : metal5_mask has 0 polygons
2026-03-29 21:51:15 +0200: Memory Usage (488288K) : metal5_filler has 0 polygons
2026-03-29 21:51:15 +0200: Memory Usage (488288K) : metal5_nofill has 0 polygons
2026-03-29 21:51:15 +0200: Memory Usage (488288K) : metal5_slit has 0 polygons
2026-03-29 21:51:15 +0200: Memory Usage (488288K) : metal5_text has 0 polygons
2026-03-29 21:51:15 +0200: Memory Usage (488288K) : metal5_opc has 0 polygons
2026-03-29 21:51:16 +0200: Memory Usage (488288K) : metal5_noqrc has 0 polygons
2026-03-29 21:51:16 +0200: Memory Usage (488288K) : metal5_res has 0 polygons
2026-03-29 21:51:16 +0200: Memory Usage (488288K) : metal5_iprobe has 0 polygons
2026-03-29 21:51:16 +0200: Memory Usage (488288K) : metal5_diffprb has 0 polygons
2026-03-29 21:51:16 +0200: Memory Usage (488288K) : radhard_drw has 0 polygons
2026-03-29 21:51:16 +0200: Memory Usage (488288K) : memcap_drw has 0 polygons
2026-03-29 21:51:16 +0200: Memory Usage (488288K) : varicap_drw has 0 polygons
2026-03-29 21:51:16 +0200: Memory Usage (488288K) : flash_drw has 0 polygons
2026-03-29 21:51:16 +0200: Memory Usage (488288K) : intbondvia_drw has 0 polygons
2026-03-29 21:51:16 +0200: Memory Usage (488288K) : intbondmet_drw has 0 polygons
2026-03-29 21:51:16 +0200: Memory Usage (488288K) : devbondvia_drw has 0 polygons
2026-03-29 21:51:16 +0200: Memory Usage (488288K) : devbondmet_drw has 0 polygons
2026-03-29 21:51:16 +0200: Memory Usage (488288K) : devtrench_drw has 0 polygons
2026-03-29 21:51:16 +0200: Memory Usage (488288K) : redist_drw has 0 polygons
2026-03-29 21:51:16 +0200: Memory Usage (488288K) : graphbot_drw has 0 polygons
2026-03-29 21:51:16 +0200: Memory Usage (488288K) : graphtop_drw has 0 polygons
2026-03-29 21:51:16 +0200: Memory Usage (488288K) : antvia1_drw has 0 polygons
2026-03-29 21:51:16 +0200: Memory Usage (488288K) : antmetal2_drw has 0 polygons
2026-03-29 21:51:16 +0200: Memory Usage (488288K) : graphcont_drw has 0 polygons
2026-03-29 21:51:16 +0200: Memory Usage (488288K) : siwg_drw has 0 polygons
2026-03-29 21:51:16 +0200: Memory Usage (488288K) : siwg_filler has 0 polygons
2026-03-29 21:51:16 +0200: Memory Usage (488288K) : siwg_nofill has 0 polygons
2026-03-29 21:51:16 +0200: Memory Usage (488288K) : sigrating_drw has 0 polygons
2026-03-29 21:51:16 +0200: Memory Usage (488288K) : singrating_drw has 0 polygons
2026-03-29 21:51:16 +0200: Memory Usage (488288K) : graphpas_drw has 0 polygons
2026-03-29 21:51:16 +0200: Memory Usage (488288K) : emwind3_drw has 0 polygons
2026-03-29 21:51:16 +0200: Memory Usage (488288K) : emwihv3_drw has 0 polygons
2026-03-29 21:51:16 +0200: Memory Usage (488288K) : redbulay_drw has 0 polygons
2026-03-29 21:51:16 +0200: Memory Usage (488288K) : smos_drw has 0 polygons
2026-03-29 21:51:16 +0200: Memory Usage (488288K) : graphpad_drw has 0 polygons
2026-03-29 21:51:16 +0200: Memory Usage (488288K) : polimide_drw has 0 polygons
2026-03-29 21:51:16 +0200: Memory Usage (488288K) : polimide_pin has 0 polygons
2026-03-29 21:51:16 +0200: Memory Usage (488288K) : recog_drw has 0 polygons
2026-03-29 21:51:16 +0200: Memory Usage (488288K) : recog_pin has 0 polygons
2026-03-29 21:51:16 +0200: Memory Usage (488288K) : recog_esd has 0 polygons
2026-03-29 21:51:16 +0200: Memory Usage (488288K) : recog_diode has 350 polygons
2026-03-29 21:51:17 +0200: Memory Usage (488288K) : recog_tsv has 0 polygons
2026-03-29 21:51:17 +0200: Memory Usage (488288K) : recog_iprobe has 0 polygons
2026-03-29 21:51:17 +0200: Memory Usage (488288K) : recog_diffprb has 0 polygons
2026-03-29 21:51:17 +0200: Memory Usage (488288K) : recog_pillar has 0 polygons
2026-03-29 21:51:17 +0200: Memory Usage (488288K) : recog_sbump has 0 polygons
2026-03-29 21:51:17 +0200: Memory Usage (488288K) : recog_otp has 0 polygons
2026-03-29 21:51:17 +0200: Memory Usage (488288K) : recog_pdiode has 0 polygons
2026-03-29 21:51:17 +0200: Memory Usage (488288K) : recog_mom has 0 polygons
2026-03-29 21:51:17 +0200: Memory Usage (488288K) : recog_pcm has 0 polygons
2026-03-29 21:51:17 +0200: Memory Usage (488288K) : colopen_drw has 0 polygons
2026-03-29 21:51:17 +0200: Memory Usage (488288K) : graphmetal1_drw has 0 polygons
2026-03-29 21:51:17 +0200: Memory Usage (488288K) : graphmetal1_filler has 0 polygons
2026-03-29 21:51:17 +0200: Memory Usage (488288K) : graphmetal1_nofill has 0 polygons
2026-03-29 21:51:17 +0200: Memory Usage (488288K) : graphmetal1_slit has 0 polygons
2026-03-29 21:51:17 +0200: Memory Usage (488288K) : graphmetal1_opc has 0 polygons
2026-03-29 21:51:17 +0200: Memory Usage (488288K) : graphmet1l_drw has 0 polygons
2026-03-29 21:51:17 +0200: Memory Usage (488288K) : graphmet1l_filler has 0 polygons
2026-03-29 21:51:17 +0200: Memory Usage (488288K) : graphmet1l_nofill has 0 polygons
2026-03-29 21:51:17 +0200: Memory Usage (488288K) : graphmet1l_slit has 0 polygons
2026-03-29 21:51:17 +0200: Memory Usage (488288K) : graphmet1l_opc has 0 polygons
2026-03-29 21:51:17 +0200: Memory Usage (488288K) : extblock_drw has 20 polygons
2026-03-29 21:51:17 +0200: Memory Usage (488288K) : nldd_drw has 0 polygons
2026-03-29 21:51:17 +0200: Memory Usage (488288K) : pldd_drw has 0 polygons
2026-03-29 21:51:17 +0200: Memory Usage (488288K) : next_drw has 0 polygons
2026-03-29 21:51:17 +0200: Memory Usage (488288K) : pext_drw has 0 polygons
2026-03-29 21:51:17 +0200: Memory Usage (488288K) : nexthv_drw has 0 polygons
2026-03-29 21:51:17 +0200: Memory Usage (488288K) : pexthv_drw has 0 polygons
2026-03-29 21:51:17 +0200: Memory Usage (488288K) : graphgate_drw has 0 polygons
2026-03-29 21:51:17 +0200: Memory Usage (488288K) : sinwg_drw has 0 polygons
2026-03-29 21:51:17 +0200: Memory Usage (488288K) : sinwg_filler has 0 polygons
2026-03-29 21:51:17 +0200: Memory Usage (488288K) : sinwg_nofill has 0 polygons
2026-03-29 21:51:17 +0200: Memory Usage (488288K) : mempad_drw has 0 polygons
2026-03-29 21:51:18 +0200: Memory Usage (488288K) : topvia1_drw has 152344 polygons
2026-03-29 21:51:18 +0200: Memory Usage (488288K) : topmetal1_drw has 3670 polygons
2026-03-29 21:51:18 +0200: Memory Usage (488288K) : topmetal1_pin has 888 polygons
2026-03-29 21:51:18 +0200: Memory Usage (488288K) : topmetal1_mask has 0 polygons
2026-03-29 21:51:18 +0200: Memory Usage (488288K) : topmetal1_filler has 0 polygons
2026-03-29 21:51:18 +0200: Memory Usage (488288K) : topmetal1_nofill has 0 polygons
2026-03-29 21:51:18 +0200: Memory Usage (488288K) : topmetal1_slit has 0 polygons
2026-03-29 21:51:18 +0200: Memory Usage (488288K) : topmetal1_text has 714 polygons
2026-03-29 21:51:18 +0200: Memory Usage (488288K) : topmetal1_noqrc has 0 polygons
2026-03-29 21:51:18 +0200: Memory Usage (488288K) : topmetal1_res has 0 polygons
2026-03-29 21:51:18 +0200: Memory Usage (488288K) : topmetal1_iprobe has 0 polygons
2026-03-29 21:51:18 +0200: Memory Usage (488288K) : topmetal1_diffprb has 0 polygons
2026-03-29 21:51:18 +0200: Memory Usage (488288K) : inldpwl_drw has 0 polygons
2026-03-29 21:51:18 +0200: Memory Usage (488288K) : polyres_drw has 0 polygons
2026-03-29 21:51:18 +0200: Memory Usage (488288K) : polyres_pin has 0 polygons
2026-03-29 21:51:18 +0200: Memory Usage (488288K) : vmim_drw has 0 polygons
2026-03-29 21:51:18 +0200: Memory Usage (488288K) : nbulaycut_drw has 0 polygons
2026-03-29 21:51:18 +0200: Memory Usage (488288K) : antmetal1_drw has 0 polygons
2026-03-29 21:51:18 +0200: Memory Usage (488288K) : topvia2_drw has 0 polygons
2026-03-29 21:51:18 +0200: Memory Usage (488288K) : topmetal2_drw has 0 polygons
2026-03-29 21:51:18 +0200: Memory Usage (488288K) : topmetal2_pin has 0 polygons
2026-03-29 21:51:18 +0200: Memory Usage (488288K) : topmetal2_mask has 0 polygons
2026-03-29 21:51:18 +0200: Memory Usage (488288K) : topmetal2_filler has 0 polygons
2026-03-29 21:51:18 +0200: Memory Usage (488288K) : topmetal2_nofill has 0 polygons
2026-03-29 21:51:18 +0200: Memory Usage (488288K) : topmetal2_slit has 0 polygons
2026-03-29 21:51:18 +0200: Memory Usage (488288K) : topmetal2_text has 0 polygons
2026-03-29 21:51:18 +0200: Memory Usage (488288K) : topmetal2_noqrc has 0 polygons
2026-03-29 21:51:18 +0200: Memory Usage (488288K) : topmetal2_res has 0 polygons
2026-03-29 21:51:19 +0200: Memory Usage (488288K) : topmetal2_iprobe has 0 polygons
2026-03-29 21:51:19 +0200: Memory Usage (488288K) : topmetal2_diffprb has 0 polygons
2026-03-29 21:51:19 +0200: Memory Usage (488288K) : snsring_drw has 0 polygons
2026-03-29 21:51:19 +0200: Memory Usage (488288K) : sensor_drw has 0 polygons
2026-03-29 21:51:19 +0200: Memory Usage (488288K) : snsarms_drw has 0 polygons
2026-03-29 21:51:19 +0200: Memory Usage (488288K) : snscmosvia_drw has 0 polygons
2026-03-29 21:51:19 +0200: Memory Usage (488288K) : colwind_drw has 0 polygons
2026-03-29 21:51:19 +0200: Memory Usage (488288K) : flm_drw has 0 polygons
2026-03-29 21:51:19 +0200: Memory Usage (488288K) : hafniumox_drw has 0 polygons
2026-03-29 21:51:19 +0200: Memory Usage (488288K) : memvia_drw has 0 polygons
2026-03-29 21:51:19 +0200: Memory Usage (488288K) : thinfilmres_drw has 0 polygons
2026-03-29 21:51:19 +0200: Memory Usage (488288K) : rfmem_drw has 0 polygons
2026-03-29 21:51:19 +0200: Memory Usage (488288K) : norcx_drw has 0 polygons
2026-03-29 21:51:19 +0200: Memory Usage (488288K) : norcx_m2m3 has 0 polygons
2026-03-29 21:51:19 +0200: Memory Usage (488288K) : norcx_m2m4 has 0 polygons
2026-03-29 21:51:19 +0200: Memory Usage (488288K) : norcx_m2m5 has 0 polygons
2026-03-29 21:51:19 +0200: Memory Usage (488288K) : norcx_m2tm1 has 0 polygons
2026-03-29 21:51:19 +0200: Memory Usage (488288K) : norcx_m2tm2 has 0 polygons
2026-03-29 21:51:19 +0200: Memory Usage (488288K) : norcx_m3m4 has 0 polygons
2026-03-29 21:51:19 +0200: Memory Usage (488288K) : norcx_m3m5 has 0 polygons
2026-03-29 21:51:19 +0200: Memory Usage (488288K) : norcx_m3tm1 has 0 polygons
2026-03-29 21:51:19 +0200: Memory Usage (488288K) : norcx_m3tm2 has 0 polygons
2026-03-29 21:51:19 +0200: Memory Usage (488288K) : norcx_m4m5 has 0 polygons
2026-03-29 21:51:19 +0200: Memory Usage (488288K) : norcx_m4tm1 has 0 polygons
2026-03-29 21:51:19 +0200: Memory Usage (488288K) : norcx_m4tm2 has 0 polygons
2026-03-29 21:51:19 +0200: Memory Usage (488288K) : norcx_m5tm1 has 0 polygons
2026-03-29 21:51:19 +0200: Memory Usage (488288K) : norcx_m5tm2 has 0 polygons
2026-03-29 21:51:19 +0200: Memory Usage (488288K) : norcx_tm1tm2 has 0 polygons
2026-03-29 21:51:19 +0200: Memory Usage (488288K) : norcx_m1sub has 0 polygons
2026-03-29 21:51:19 +0200: Memory Usage (488288K) : norcx_m2sub has 0 polygons
2026-03-29 21:51:19 +0200: Memory Usage (488288K) : norcx_m3sub has 0 polygons
2026-03-29 21:51:19 +0200: Memory Usage (488288K) : norcx_m4sub has 0 polygons
2026-03-29 21:51:19 +0200: Memory Usage (488288K) : norcx_m5sub has 0 polygons
2026-03-29 21:51:19 +0200: Memory Usage (488288K) : norcx_tm1sub has 0 polygons
2026-03-29 21:51:19 +0200: Memory Usage (488288K) : norcx_tm2sub has 0 polygons
2026-03-29 21:51:19 +0200: Memory Usage (488288K) : snsbotvia_drw has 0 polygons
2026-03-29 21:51:19 +0200: Memory Usage (488288K) : snstopvia_drw has 0 polygons
2026-03-29 21:51:19 +0200: Memory Usage (488288K) : deepvia_drw has 0 polygons
2026-03-29 21:51:20 +0200: Memory Usage (488288K) : fgetch_drw has 0 polygons
2026-03-29 21:51:20 +0200: Memory Usage (488288K) : ctrgat_drw has 0 polygons
2026-03-29 21:51:20 +0200: Memory Usage (488288K) : fgimp_drw has 0 polygons
2026-03-29 21:51:20 +0200: Memory Usage (488288K) : emwihv_drw has 0 polygons
2026-03-29 21:51:20 +0200: Memory Usage (488288K) : lbe_drw has 0 polygons
2026-03-29 21:51:20 +0200: Memory Usage (488288K) : alcustop_drw has 0 polygons
2026-03-29 21:51:20 +0200: Memory Usage (488288K) : nometfiller_drw has 0 polygons
2026-03-29 21:51:20 +0200: Memory Usage (488288K) : prboundary_drw has 0 polygons
2026-03-29 21:51:20 +0200: Memory Usage (488288K) : exchange0_drw has 0 polygons
2026-03-29 21:51:20 +0200: Memory Usage (488288K) : exchange0_pin has 0 polygons
2026-03-29 21:51:20 +0200: Memory Usage (488288K) : exchange0_text has 0 polygons
2026-03-29 21:51:20 +0200: Memory Usage (488288K) : exchange1_drw has 0 polygons
2026-03-29 21:51:20 +0200: Memory Usage (488288K) : exchange1_pin has 0 polygons
2026-03-29 21:51:20 +0200: Memory Usage (488288K) : exchange1_text has 0 polygons
2026-03-29 21:51:20 +0200: Memory Usage (488288K) : exchange2_drw has 0 polygons
2026-03-29 21:51:20 +0200: Memory Usage (488288K) : exchange2_pin has 0 polygons
2026-03-29 21:51:20 +0200: Memory Usage (488288K) : exchange2_text has 0 polygons
2026-03-29 21:51:20 +0200: Memory Usage (488288K) : exchange3_drw has 0 polygons
2026-03-29 21:51:20 +0200: Memory Usage (488288K) : exchange3_pin has 0 polygons
2026-03-29 21:51:20 +0200: Memory Usage (488288K) : exchange3_text has 0 polygons
2026-03-29 21:51:20 +0200: Memory Usage (488288K) : exchange4_drw has 0 polygons
2026-03-29 21:51:20 +0200: Memory Usage (488288K) : exchange4_pin has 0 polygons
2026-03-29 21:51:20 +0200: Memory Usage (488288K) : exchange4_text has 0 polygons
2026-03-29 21:51:20 +0200: Memory Usage (488288K) : isonwell_drw has 0 polygons
2026-03-29 21:51:20 +0200: Memory Usage (488288K) : Total no. of polygons in the design is 20049144
2026-03-29 21:51:20 +0200: Memory Usage (488288K) : Loaded TECH DRC rules values from /home/syndace/Projects/IHP-Open-PDK/ihp-sg13cmos5l/libs.tech/klayout/python/sg13cmos5l_pycell_lib/sg13cmos5l_tech_mod.json
2026-03-29 21:51:20 +0200: Memory Usage (488288K) : Loaded default DRC rules values from /home/syndace/Projects/IHP-Open-PDK/ihp-sg13cmos5l/libs.tech/klayout/tech/drc/rule_decks/sg13cmos5l_tech_default.json
2026-03-29 21:51:20 +0200: Memory Usage (498816K) : Total area of the design is 3240000.0 um^2.
2026-03-29 21:51:20 +0200: Memory Usage (498816K) : The design dimensions are 1800.0 um * 1800.0 um.
2026-03-29 21:51:20 +0200: Memory Usage (498816K) : Starting general IHP-SG13CMOS5L derivations.
2026-03-29 21:51:20 +0200: Memory Usage (498816K) : Starting Pwell derivations
2026-03-29 21:51:22 +0200: Memory Usage (568384K) : Starting IHP-SG13CMOS5L DRC rules.
2026-03-29 21:51:22 +0200: Memory Usage (568384K) : Starting 5.21. TopVia1 table
2026-03-29 21:51:22 +0200: Memory Usage (571264K) : Executing rule TV1.a
2026-03-29 21:51:23 +0200: Memory Usage (575872K) : Executing rule TV1.b
2026-03-29 21:51:23 +0200: Memory Usage (576448K) : Executing rule TV1.c
2026-03-29 21:51:23 +0200: Memory Usage (577792K) : Executing rule TV1.d
2026-03-29 21:51:23 +0200: Memory Usage (579136K) : KLayout DRC run for tables 'topvia1' completed in 15.32 seconds
