# Logfile created on 2026-03-30 16:02:05 +0200 by logger.rb/v1.6.4
2026-03-30 16:02:05 +0200: Memory Usage (370416K) : Starting running IHP-SG13CMOS5L KLayout DRC runset on /home/syndace/Projects/IHP__RISCV2617/release/v.1.0.0/gds/RISCV2617.gds.gz
2026-03-30 16:02:05 +0200: Memory Usage (370416K) : Ruby Version for klayout: 3.4.8
2026-03-30 16:02:06 +0200: Memory Usage (462716K) : Loading database to memory is complete.
2026-03-30 16:02:06 +0200: Memory Usage (462716K) : IHP-SG13CMOS5L KLayout DRC runset output at: /home/syndace/Projects/IHP__RISCV2617/drc_run_RISCV2617/RISCV2617.gds_RISCV2617_offgrid.lyrdb
2026-03-30 16:02:06 +0200: Memory Usage (462716K) : Evaluate switches.
2026-03-30 16:02:06 +0200: Memory Usage (462716K) : tables selected: offgrid
2026-03-30 16:02:06 +0200: Memory Usage (462716K) : KLayout will use 12 thread(s) in tiled mode.
2026-03-30 16:02:06 +0200: Memory Usage (462716K) : deep mode is enabled.
2026-03-30 16:02:06 +0200: Memory Usage (462716K) : FEOL enabled: false
2026-03-30 16:02:06 +0200: Memory Usage (462716K) : BEOL enabled: false
2026-03-30 16:02:06 +0200: Memory Usage (462716K) : OFFGRID enabled: true
2026-03-30 16:02:06 +0200: Memory Usage (462716K) : ANGLE enabled: true
2026-03-30 16:02:06 +0200: Memory Usage (462716K) : PIN enabled: false
2026-03-30 16:02:06 +0200: Memory Usage (462716K) : FORBIDDEN enabled: false
2026-03-30 16:02:06 +0200: Memory Usage (462716K) : RECOMMENDED enabled: true
2026-03-30 16:02:06 +0200: Memory Usage (462716K) : PreCheck DRC enabled: false
2026-03-30 16:02:06 +0200: Memory Usage (462716K) : CONNECTIVITY_RULES enabled: false.
2026-03-30 16:02:06 +0200: Memory Usage (462716K) : Read in polygons from layers.
2026-03-30 16:02:07 +0200: Memory Usage (476940K) : activ_drw has 1345255 polygons
2026-03-30 16:02:07 +0200: Memory Usage (476940K) : activ_pin has 0 polygons
2026-03-30 16:02:07 +0200: Memory Usage (476940K) : activ_mask has 0 polygons
2026-03-30 16:02:07 +0200: Memory Usage (476940K) : activ_filler has 37143 polygons
2026-03-30 16:02:07 +0200: Memory Usage (476940K) : activ_nofill has 0 polygons
2026-03-30 16:02:07 +0200: Memory Usage (476940K) : activ_opc has 0 polygons
2026-03-30 16:02:07 +0200: Memory Usage (476940K) : activ_iopc has 0 polygons
2026-03-30 16:02:07 +0200: Memory Usage (476940K) : activ_noqrc has 0 polygons
2026-03-30 16:02:07 +0200: Memory Usage (476940K) : biwind_drw has 0 polygons
2026-03-30 16:02:07 +0200: Memory Usage (476940K) : biwind_opc has 0 polygons
2026-03-30 16:02:07 +0200: Memory Usage (476940K) : pemwind_drw has 0 polygons
2026-03-30 16:02:07 +0200: Memory Usage (476940K) : gatpoly_drw has 1156047 polygons
2026-03-30 16:02:07 +0200: Memory Usage (476940K) : gatpoly_pin has 0 polygons
2026-03-30 16:02:07 +0200: Memory Usage (476940K) : gatpoly_filler has 37143 polygons
2026-03-30 16:02:08 +0200: Memory Usage (476940K) : gatpoly_nofill has 0 polygons
2026-03-30 16:02:08 +0200: Memory Usage (476940K) : gatpoly_opc has 0 polygons
2026-03-30 16:02:08 +0200: Memory Usage (476940K) : gatpoly_iopc has 0 polygons
2026-03-30 16:02:08 +0200: Memory Usage (476940K) : gatpoly_noqrc has 0 polygons
2026-03-30 16:02:09 +0200: Memory Usage (485964K) : cont_drw has 7660295 polygons
2026-03-30 16:02:09 +0200: Memory Usage (485964K) : cont_opc has 0 polygons
2026-03-30 16:02:09 +0200: Memory Usage (485964K) : nsd_drw has 0 polygons
2026-03-30 16:02:09 +0200: Memory Usage (485964K) : nsd_block has 0 polygons
2026-03-30 16:02:09 +0200: Memory Usage (486156K) : metal1_drw has 2301922 polygons
2026-03-30 16:02:09 +0200: Memory Usage (486156K) : metal1_pin has 257060 polygons
2026-03-30 16:02:09 +0200: Memory Usage (486156K) : metal1_mask has 0 polygons
2026-03-30 16:02:10 +0200: Memory Usage (486156K) : metal1_filler has 52221 polygons
2026-03-30 16:02:10 +0200: Memory Usage (486156K) : metal1_nofill has 0 polygons
2026-03-30 16:02:10 +0200: Memory Usage (486156K) : metal1_slit has 0 polygons
2026-03-30 16:02:10 +0200: Memory Usage (486156K) : metal1_text has 224260 polygons
2026-03-30 16:02:10 +0200: Memory Usage (486156K) : metal1_opc has 0 polygons
2026-03-30 16:02:10 +0200: Memory Usage (486156K) : metal1_noqrc has 0 polygons
2026-03-30 16:02:10 +0200: Memory Usage (486156K) : metal1_res has 48 polygons
2026-03-30 16:02:10 +0200: Memory Usage (486156K) : metal1_iprobe has 0 polygons
2026-03-30 16:02:10 +0200: Memory Usage (486156K) : metal1_diffprb has 0 polygons
2026-03-30 16:02:10 +0200: Memory Usage (486156K) : passiv_drw has 44 polygons
2026-03-30 16:02:10 +0200: Memory Usage (486156K) : passiv_pin has 0 polygons
2026-03-30 16:02:10 +0200: Memory Usage (486156K) : passiv_sbump has 0 polygons
2026-03-30 16:02:10 +0200: Memory Usage (486156K) : passiv_pillar has 0 polygons
2026-03-30 16:02:10 +0200: Memory Usage (486156K) : passiv_pdl has 0 polygons
2026-03-30 16:02:11 +0200: Memory Usage (491148K) : metal2_drw has 1067535 polygons
2026-03-30 16:02:11 +0200: Memory Usage (491148K) : metal2_pin has 742134 polygons
2026-03-30 16:02:11 +0200: Memory Usage (491148K) : metal2_mask has 0 polygons
2026-03-30 16:02:11 +0200: Memory Usage (491148K) : metal2_filler has 85891 polygons
2026-03-30 16:02:11 +0200: Memory Usage (491148K) : metal2_nofill has 0 polygons
2026-03-30 16:02:11 +0200: Memory Usage (491148K) : metal2_slit has 0 polygons
2026-03-30 16:02:11 +0200: Memory Usage (491148K) : metal2_text has 478838 polygons
2026-03-30 16:02:11 +0200: Memory Usage (491148K) : metal2_opc has 0 polygons
2026-03-30 16:02:11 +0200: Memory Usage (491148K) : metal2_noqrc has 0 polygons
2026-03-30 16:02:11 +0200: Memory Usage (491148K) : metal2_res has 131136 polygons
2026-03-30 16:02:11 +0200: Memory Usage (491148K) : metal2_iprobe has 0 polygons
2026-03-30 16:02:11 +0200: Memory Usage (491148K) : metal2_diffprb has 0 polygons
2026-03-30 16:02:11 +0200: Memory Usage (491148K) : baspoly_drw has 0 polygons
2026-03-30 16:02:11 +0200: Memory Usage (491148K) : baspoly_pin has 0 polygons
2026-03-30 16:02:11 +0200: Memory Usage (491148K) : psd_drw has 316903 polygons
2026-03-30 16:02:11 +0200: Memory Usage (491148K) : nldb_drw has 0 polygons
2026-03-30 16:02:12 +0200: Memory Usage (491148K) : digibnd_drw has 84684 polygons
2026-03-30 16:02:12 +0200: Memory Usage (491148K) : via1_drw has 882711 polygons
2026-03-30 16:02:12 +0200: Memory Usage (491148K) : backmetal1_drw has 0 polygons
2026-03-30 16:02:12 +0200: Memory Usage (491148K) : backmetal1_pin has 0 polygons
2026-03-30 16:02:12 +0200: Memory Usage (491148K) : backmetal1_mask has 0 polygons
2026-03-30 16:02:12 +0200: Memory Usage (491148K) : backmetal1_filler has 0 polygons
2026-03-30 16:02:12 +0200: Memory Usage (491148K) : backmetal1_nofill has 0 polygons
2026-03-30 16:02:12 +0200: Memory Usage (491148K) : backmetal1_slit has 0 polygons
2026-03-30 16:02:12 +0200: Memory Usage (491148K) : backmetal1_text has 0 polygons
2026-03-30 16:02:12 +0200: Memory Usage (491148K) : backmetal1_opc has 0 polygons
2026-03-30 16:02:12 +0200: Memory Usage (491148K) : backmetal1_noqrc has 0 polygons
2026-03-30 16:02:12 +0200: Memory Usage (491148K) : backmetal1_res has 0 polygons
2026-03-30 16:02:12 +0200: Memory Usage (491148K) : backmetal1_iprobe has 0 polygons
2026-03-30 16:02:12 +0200: Memory Usage (491148K) : backmetal1_diffprb has 0 polygons
2026-03-30 16:02:12 +0200: Memory Usage (491148K) : backpassiv_drw has 0 polygons
2026-03-30 16:02:12 +0200: Memory Usage (491148K) : res_drw has 0 polygons
2026-03-30 16:02:12 +0200: Memory Usage (491148K) : sram_drw has 76032 polygons
2026-03-30 16:02:12 +0200: Memory Usage (491148K) : trans_drw has 0 polygons
2026-03-30 16:02:12 +0200: Memory Usage (491148K) : ind_drw has 0 polygons
2026-03-30 16:02:12 +0200: Memory Usage (491148K) : ind_pin has 0 polygons
2026-03-30 16:02:13 +0200: Memory Usage (491148K) : ind_text has 0 polygons
2026-03-30 16:02:13 +0200: Memory Usage (491148K) : salblock_drw has 20 polygons
2026-03-30 16:02:13 +0200: Memory Usage (491148K) : via2_drw has 590378 polygons
2026-03-30 16:02:13 +0200: Memory Usage (491148K) : metal3_drw has 452163 polygons
2026-03-30 16:02:13 +0200: Memory Usage (491148K) : metal3_pin has 349323 polygons
2026-03-30 16:02:13 +0200: Memory Usage (491148K) : metal3_mask has 0 polygons
2026-03-30 16:02:14 +0200: Memory Usage (491148K) : metal3_filler has 40624 polygons
2026-03-30 16:02:14 +0200: Memory Usage (491148K) : metal3_nofill has 0 polygons
2026-03-30 16:02:14 +0200: Memory Usage (491148K) : metal3_slit has 0 polygons
2026-03-30 16:02:14 +0200: Memory Usage (491148K) : metal3_text has 207243 polygons
2026-03-30 16:02:14 +0200: Memory Usage (491148K) : metal3_opc has 0 polygons
2026-03-30 16:02:14 +0200: Memory Usage (491148K) : metal3_noqrc has 0 polygons
2026-03-30 16:02:14 +0200: Memory Usage (491148K) : metal3_res has 66304 polygons
2026-03-30 16:02:14 +0200: Memory Usage (491148K) : metal3_iprobe has 0 polygons
2026-03-30 16:02:14 +0200: Memory Usage (491148K) : metal3_diffprb has 0 polygons
2026-03-30 16:02:14 +0200: Memory Usage (491148K) : nwell_drw has 226877 polygons
2026-03-30 16:02:14 +0200: Memory Usage (491148K) : nwell_pin has 0 polygons
2026-03-30 16:02:14 +0200: Memory Usage (491148K) : nbulay_drw has 0 polygons
2026-03-30 16:02:14 +0200: Memory Usage (491148K) : nbulay_pin has 0 polygons
2026-03-30 16:02:14 +0200: Memory Usage (491148K) : nbulay_block has 0 polygons
2026-03-30 16:02:15 +0200: Memory Usage (491148K) : emwind_drw has 0 polygons
2026-03-30 16:02:15 +0200: Memory Usage (491148K) : emwind_opc has 0 polygons
2026-03-30 16:02:15 +0200: Memory Usage (491148K) : deepco_drw has 0 polygons
2026-03-30 16:02:15 +0200: Memory Usage (491148K) : deepco_drw has 0 polygons
2026-03-30 16:02:15 +0200: Memory Usage (491148K) : mim_drw has 0 polygons
2026-03-30 16:02:15 +0200: Memory Usage (491148K) : edgeseal_drw has 24 polygons
2026-03-30 16:02:15 +0200: Memory Usage (491148K) : edgeseal_bound has 1 polygons
2026-03-30 16:02:15 +0200: Memory Usage (491148K) : substrate_drw has 966 polygons
2026-03-30 16:02:15 +0200: Memory Usage (491148K) : substrate_text has 0 polygons
2026-03-30 16:02:15 +0200: Memory Usage (491148K) : dfpad_drw has 32 polygons
2026-03-30 16:02:15 +0200: Memory Usage (491148K) : dfpad_pillar has 0 polygons
2026-03-30 16:02:15 +0200: Memory Usage (491148K) : dfpad_sbump has 0 polygons
2026-03-30 16:02:16 +0200: Memory Usage (491148K) : thickgateox_drw has 64 polygons
2026-03-30 16:02:16 +0200: Memory Usage (491148K) : pldb_drw has 0 polygons
2026-03-30 16:02:16 +0200: Memory Usage (491148K) : pwell_drw has 0 polygons
2026-03-30 16:02:16 +0200: Memory Usage (491148K) : pwell_pin has 0 polygons
2026-03-30 16:02:16 +0200: Memory Usage (491148K) : pwell_block has 0 polygons
2026-03-30 16:02:16 +0200: Memory Usage (491148K) : ic_drw has 0 polygons
2026-03-30 16:02:16 +0200: Memory Usage (491148K) : via3_drw has 443767 polygons
2026-03-30 16:02:16 +0200: Memory Usage (491148K) : metal4_drw has 46010 polygons
2026-03-30 16:02:16 +0200: Memory Usage (491148K) : metal4_pin has 1494 polygons
2026-03-30 16:02:16 +0200: Memory Usage (491148K) : metal4_mask has 0 polygons
2026-03-30 16:02:16 +0200: Memory Usage (491148K) : metal4_filler has 56752 polygons
2026-03-30 16:02:16 +0200: Memory Usage (491148K) : metal4_nofill has 0 polygons
2026-03-30 16:02:17 +0200: Memory Usage (491148K) : metal4_slit has 0 polygons
2026-03-30 16:02:17 +0200: Memory Usage (491148K) : metal4_text has 1409 polygons
2026-03-30 16:02:17 +0200: Memory Usage (491148K) : metal4_opc has 0 polygons
2026-03-30 16:02:17 +0200: Memory Usage (491148K) : metal4_noqrc has 0 polygons
2026-03-30 16:02:17 +0200: Memory Usage (491148K) : metal4_res has 0 polygons
2026-03-30 16:02:17 +0200: Memory Usage (491148K) : metal4_iprobe has 0 polygons
2026-03-30 16:02:17 +0200: Memory Usage (491148K) : metal4_diffprb has 0 polygons
2026-03-30 16:02:17 +0200: Memory Usage (491148K) : heattrans_drw has 0 polygons
2026-03-30 16:02:17 +0200: Memory Usage (491148K) : heatres_drw has 0 polygons
2026-03-30 16:02:17 +0200: Memory Usage (491148K) : pempoly_drw has 0 polygons
2026-03-30 16:02:17 +0200: Memory Usage (491148K) : fbe_drw has 0 polygons
2026-03-30 16:02:17 +0200: Memory Usage (491148K) : empoly_drw has 0 polygons
2026-03-30 16:02:17 +0200: Memory Usage (491148K) : ldmos_drw has 0 polygons
2026-03-30 16:02:17 +0200: Memory Usage (491148K) : pbiwind_drw has 0 polygons
2026-03-30 16:02:17 +0200: Memory Usage (491148K) : digisub_drw has 0 polygons
2026-03-30 16:02:17 +0200: Memory Usage (491148K) : nodrc_drw has 0 polygons
2026-03-30 16:02:17 +0200: Memory Usage (491148K) : text_drw has 800794 polygons
2026-03-30 16:02:17 +0200: Memory Usage (491148K) : via4_drw has 0 polygons
2026-03-30 16:02:17 +0200: Memory Usage (491148K) : metal5_drw has 0 polygons
2026-03-30 16:02:17 +0200: Memory Usage (491148K) : metal5_pin has 0 polygons
2026-03-30 16:02:18 +0200: Memory Usage (491148K) : metal5_mask has 0 polygons
2026-03-30 16:02:18 +0200: Memory Usage (491148K) : metal5_filler has 0 polygons
2026-03-30 16:02:18 +0200: Memory Usage (491148K) : metal5_nofill has 0 polygons
2026-03-30 16:02:18 +0200: Memory Usage (491148K) : metal5_slit has 0 polygons
2026-03-30 16:02:18 +0200: Memory Usage (491148K) : metal5_text has 0 polygons
2026-03-30 16:02:18 +0200: Memory Usage (491148K) : metal5_opc has 0 polygons
2026-03-30 16:02:18 +0200: Memory Usage (491148K) : metal5_noqrc has 0 polygons
2026-03-30 16:02:18 +0200: Memory Usage (491148K) : metal5_res has 0 polygons
2026-03-30 16:02:18 +0200: Memory Usage (491148K) : metal5_iprobe has 0 polygons
2026-03-30 16:02:18 +0200: Memory Usage (491148K) : metal5_diffprb has 0 polygons
2026-03-30 16:02:18 +0200: Memory Usage (491148K) : radhard_drw has 0 polygons
2026-03-30 16:02:18 +0200: Memory Usage (491148K) : memcap_drw has 0 polygons
2026-03-30 16:02:18 +0200: Memory Usage (491148K) : varicap_drw has 0 polygons
2026-03-30 16:02:18 +0200: Memory Usage (491148K) : flash_drw has 0 polygons
2026-03-30 16:02:18 +0200: Memory Usage (491148K) : intbondvia_drw has 0 polygons
2026-03-30 16:02:18 +0200: Memory Usage (491148K) : intbondmet_drw has 0 polygons
2026-03-30 16:02:18 +0200: Memory Usage (491148K) : devbondvia_drw has 0 polygons
2026-03-30 16:02:18 +0200: Memory Usage (491148K) : devbondmet_drw has 0 polygons
2026-03-30 16:02:18 +0200: Memory Usage (491148K) : devtrench_drw has 0 polygons
2026-03-30 16:02:18 +0200: Memory Usage (491148K) : redist_drw has 0 polygons
2026-03-30 16:02:18 +0200: Memory Usage (491148K) : graphbot_drw has 0 polygons
2026-03-30 16:02:18 +0200: Memory Usage (491148K) : graphtop_drw has 0 polygons
2026-03-30 16:02:18 +0200: Memory Usage (491148K) : antvia1_drw has 0 polygons
2026-03-30 16:02:18 +0200: Memory Usage (491148K) : antmetal2_drw has 0 polygons
2026-03-30 16:02:18 +0200: Memory Usage (491148K) : graphcont_drw has 0 polygons
2026-03-30 16:02:18 +0200: Memory Usage (491148K) : siwg_drw has 0 polygons
2026-03-30 16:02:18 +0200: Memory Usage (491148K) : siwg_filler has 0 polygons
2026-03-30 16:02:18 +0200: Memory Usage (491148K) : siwg_nofill has 0 polygons
2026-03-30 16:02:18 +0200: Memory Usage (491148K) : sigrating_drw has 0 polygons
2026-03-30 16:02:18 +0200: Memory Usage (491148K) : singrating_drw has 0 polygons
2026-03-30 16:02:19 +0200: Memory Usage (491148K) : graphpas_drw has 0 polygons
2026-03-30 16:02:19 +0200: Memory Usage (491148K) : emwind3_drw has 0 polygons
2026-03-30 16:02:19 +0200: Memory Usage (491148K) : emwihv3_drw has 0 polygons
2026-03-30 16:02:19 +0200: Memory Usage (491148K) : redbulay_drw has 0 polygons
2026-03-30 16:02:19 +0200: Memory Usage (491148K) : smos_drw has 0 polygons
2026-03-30 16:02:19 +0200: Memory Usage (491148K) : graphpad_drw has 0 polygons
2026-03-30 16:02:19 +0200: Memory Usage (491148K) : polimide_drw has 0 polygons
2026-03-30 16:02:19 +0200: Memory Usage (491148K) : polimide_pin has 0 polygons
2026-03-30 16:02:19 +0200: Memory Usage (491148K) : recog_drw has 0 polygons
2026-03-30 16:02:19 +0200: Memory Usage (491148K) : recog_pin has 0 polygons
2026-03-30 16:02:19 +0200: Memory Usage (491148K) : recog_esd has 0 polygons
2026-03-30 16:02:19 +0200: Memory Usage (491148K) : recog_diode has 350 polygons
2026-03-30 16:02:19 +0200: Memory Usage (491148K) : recog_tsv has 0 polygons
2026-03-30 16:02:19 +0200: Memory Usage (491148K) : recog_iprobe has 0 polygons
2026-03-30 16:02:19 +0200: Memory Usage (491148K) : recog_diffprb has 0 polygons
2026-03-30 16:02:19 +0200: Memory Usage (491148K) : recog_pillar has 0 polygons
2026-03-30 16:02:19 +0200: Memory Usage (491148K) : recog_sbump has 0 polygons
2026-03-30 16:02:19 +0200: Memory Usage (491148K) : recog_otp has 0 polygons
2026-03-30 16:02:19 +0200: Memory Usage (491148K) : recog_pdiode has 0 polygons
2026-03-30 16:02:19 +0200: Memory Usage (491148K) : recog_mom has 0 polygons
2026-03-30 16:02:19 +0200: Memory Usage (491148K) : recog_pcm has 0 polygons
2026-03-30 16:02:19 +0200: Memory Usage (491148K) : colopen_drw has 0 polygons
2026-03-30 16:02:19 +0200: Memory Usage (491148K) : graphmetal1_drw has 0 polygons
2026-03-30 16:02:19 +0200: Memory Usage (491148K) : graphmetal1_filler has 0 polygons
2026-03-30 16:02:20 +0200: Memory Usage (491148K) : graphmetal1_nofill has 0 polygons
2026-03-30 16:02:20 +0200: Memory Usage (491148K) : graphmetal1_slit has 0 polygons
2026-03-30 16:02:20 +0200: Memory Usage (491148K) : graphmetal1_opc has 0 polygons
2026-03-30 16:02:20 +0200: Memory Usage (491148K) : graphmet1l_drw has 0 polygons
2026-03-30 16:02:20 +0200: Memory Usage (491148K) : graphmet1l_filler has 0 polygons
2026-03-30 16:02:20 +0200: Memory Usage (491148K) : graphmet1l_nofill has 0 polygons
2026-03-30 16:02:20 +0200: Memory Usage (491148K) : graphmet1l_slit has 0 polygons
2026-03-30 16:02:20 +0200: Memory Usage (491148K) : graphmet1l_opc has 0 polygons
2026-03-30 16:02:20 +0200: Memory Usage (491148K) : extblock_drw has 20 polygons
2026-03-30 16:02:20 +0200: Memory Usage (491148K) : nldd_drw has 0 polygons
2026-03-30 16:02:20 +0200: Memory Usage (491148K) : pldd_drw has 0 polygons
2026-03-30 16:02:20 +0200: Memory Usage (491148K) : next_drw has 0 polygons
2026-03-30 16:02:20 +0200: Memory Usage (491148K) : pext_drw has 0 polygons
2026-03-30 16:02:20 +0200: Memory Usage (491148K) : nexthv_drw has 0 polygons
2026-03-30 16:02:20 +0200: Memory Usage (491148K) : pexthv_drw has 0 polygons
2026-03-30 16:02:20 +0200: Memory Usage (491148K) : graphgate_drw has 0 polygons
2026-03-30 16:02:20 +0200: Memory Usage (491148K) : sinwg_drw has 0 polygons
2026-03-30 16:02:20 +0200: Memory Usage (491148K) : sinwg_filler has 0 polygons
2026-03-30 16:02:20 +0200: Memory Usage (491148K) : sinwg_nofill has 0 polygons
2026-03-30 16:02:20 +0200: Memory Usage (491148K) : mempad_drw has 0 polygons
2026-03-30 16:02:21 +0200: Memory Usage (491148K) : topvia1_drw has 142295 polygons
2026-03-30 16:02:21 +0200: Memory Usage (491148K) : topmetal1_drw has 3390 polygons
2026-03-30 16:02:21 +0200: Memory Usage (491148K) : topmetal1_pin has 795 polygons
2026-03-30 16:02:21 +0200: Memory Usage (491148K) : topmetal1_mask has 0 polygons
2026-03-30 16:02:21 +0200: Memory Usage (491148K) : topmetal1_filler has 9719 polygons
2026-03-30 16:02:21 +0200: Memory Usage (491148K) : topmetal1_nofill has 0 polygons
2026-03-30 16:02:21 +0200: Memory Usage (491148K) : topmetal1_slit has 0 polygons
2026-03-30 16:02:21 +0200: Memory Usage (491148K) : topmetal1_text has 714 polygons
2026-03-30 16:02:21 +0200: Memory Usage (491148K) : topmetal1_noqrc has 0 polygons
2026-03-30 16:02:22 +0200: Memory Usage (491148K) : topmetal1_res has 0 polygons
2026-03-30 16:02:22 +0200: Memory Usage (491148K) : topmetal1_iprobe has 0 polygons
2026-03-30 16:02:22 +0200: Memory Usage (491148K) : topmetal1_diffprb has 0 polygons
2026-03-30 16:02:22 +0200: Memory Usage (491148K) : inldpwl_drw has 0 polygons
2026-03-30 16:02:22 +0200: Memory Usage (491148K) : polyres_drw has 0 polygons
2026-03-30 16:02:22 +0200: Memory Usage (491148K) : polyres_pin has 0 polygons
2026-03-30 16:02:22 +0200: Memory Usage (491148K) : vmim_drw has 0 polygons
2026-03-30 16:02:22 +0200: Memory Usage (491148K) : nbulaycut_drw has 0 polygons
2026-03-30 16:02:22 +0200: Memory Usage (491148K) : antmetal1_drw has 0 polygons
2026-03-30 16:02:22 +0200: Memory Usage (491148K) : topvia2_drw has 0 polygons
2026-03-30 16:02:22 +0200: Memory Usage (491148K) : topmetal2_drw has 0 polygons
2026-03-30 16:02:22 +0200: Memory Usage (491148K) : topmetal2_pin has 0 polygons
2026-03-30 16:02:22 +0200: Memory Usage (491148K) : topmetal2_mask has 0 polygons
2026-03-30 16:02:22 +0200: Memory Usage (491148K) : topmetal2_filler has 0 polygons
2026-03-30 16:02:22 +0200: Memory Usage (491148K) : topmetal2_nofill has 0 polygons
2026-03-30 16:02:22 +0200: Memory Usage (491148K) : topmetal2_slit has 0 polygons
2026-03-30 16:02:22 +0200: Memory Usage (491148K) : topmetal2_text has 0 polygons
2026-03-30 16:02:22 +0200: Memory Usage (491148K) : topmetal2_noqrc has 0 polygons
2026-03-30 16:02:22 +0200: Memory Usage (491148K) : topmetal2_res has 0 polygons
2026-03-30 16:02:22 +0200: Memory Usage (491148K) : topmetal2_iprobe has 0 polygons
2026-03-30 16:02:22 +0200: Memory Usage (491148K) : topmetal2_diffprb has 0 polygons
2026-03-30 16:02:22 +0200: Memory Usage (491148K) : snsring_drw has 0 polygons
2026-03-30 16:02:22 +0200: Memory Usage (491148K) : sensor_drw has 0 polygons
2026-03-30 16:02:22 +0200: Memory Usage (491148K) : snsarms_drw has 0 polygons
2026-03-30 16:02:22 +0200: Memory Usage (491148K) : snscmosvia_drw has 0 polygons
2026-03-30 16:02:22 +0200: Memory Usage (491148K) : colwind_drw has 0 polygons
2026-03-30 16:02:22 +0200: Memory Usage (491148K) : flm_drw has 0 polygons
2026-03-30 16:02:22 +0200: Memory Usage (491148K) : hafniumox_drw has 0 polygons
2026-03-30 16:02:22 +0200: Memory Usage (491148K) : memvia_drw has 0 polygons
2026-03-30 16:02:22 +0200: Memory Usage (491148K) : thinfilmres_drw has 0 polygons
2026-03-30 16:02:22 +0200: Memory Usage (491148K) : rfmem_drw has 0 polygons
2026-03-30 16:02:22 +0200: Memory Usage (491148K) : norcx_drw has 0 polygons
2026-03-30 16:02:23 +0200: Memory Usage (491148K) : norcx_m2m3 has 0 polygons
2026-03-30 16:02:23 +0200: Memory Usage (491148K) : norcx_m2m4 has 0 polygons
2026-03-30 16:02:23 +0200: Memory Usage (491148K) : norcx_m2m5 has 0 polygons
2026-03-30 16:02:23 +0200: Memory Usage (491148K) : norcx_m2tm1 has 0 polygons
2026-03-30 16:02:23 +0200: Memory Usage (491148K) : norcx_m2tm2 has 0 polygons
2026-03-30 16:02:23 +0200: Memory Usage (491148K) : norcx_m3m4 has 0 polygons
2026-03-30 16:02:23 +0200: Memory Usage (491148K) : norcx_m3m5 has 0 polygons
2026-03-30 16:02:23 +0200: Memory Usage (491148K) : norcx_m3tm1 has 0 polygons
2026-03-30 16:02:23 +0200: Memory Usage (491148K) : norcx_m3tm2 has 0 polygons
2026-03-30 16:02:23 +0200: Memory Usage (491148K) : norcx_m4m5 has 0 polygons
2026-03-30 16:02:23 +0200: Memory Usage (491148K) : norcx_m4tm1 has 0 polygons
2026-03-30 16:02:23 +0200: Memory Usage (491148K) : norcx_m4tm2 has 0 polygons
2026-03-30 16:02:23 +0200: Memory Usage (491148K) : norcx_m5tm1 has 0 polygons
2026-03-30 16:02:23 +0200: Memory Usage (491148K) : norcx_m5tm2 has 0 polygons
2026-03-30 16:02:23 +0200: Memory Usage (491148K) : norcx_tm1tm2 has 0 polygons
2026-03-30 16:02:23 +0200: Memory Usage (491148K) : norcx_m1sub has 0 polygons
2026-03-30 16:02:23 +0200: Memory Usage (491148K) : norcx_m2sub has 0 polygons
2026-03-30 16:02:23 +0200: Memory Usage (491148K) : norcx_m3sub has 0 polygons
2026-03-30 16:02:23 +0200: Memory Usage (491148K) : norcx_m4sub has 0 polygons
2026-03-30 16:02:23 +0200: Memory Usage (491148K) : norcx_m5sub has 0 polygons
2026-03-30 16:02:23 +0200: Memory Usage (491148K) : norcx_tm1sub has 0 polygons
2026-03-30 16:02:23 +0200: Memory Usage (491148K) : norcx_tm2sub has 0 polygons
2026-03-30 16:02:23 +0200: Memory Usage (491148K) : snsbotvia_drw has 0 polygons
2026-03-30 16:02:23 +0200: Memory Usage (491148K) : snstopvia_drw has 0 polygons
2026-03-30 16:02:23 +0200: Memory Usage (491148K) : deepvia_drw has 0 polygons
2026-03-30 16:02:23 +0200: Memory Usage (491148K) : fgetch_drw has 0 polygons
2026-03-30 16:02:23 +0200: Memory Usage (491148K) : ctrgat_drw has 0 polygons
2026-03-30 16:02:23 +0200: Memory Usage (491148K) : fgimp_drw has 0 polygons
2026-03-30 16:02:23 +0200: Memory Usage (491148K) : emwihv_drw has 0 polygons
2026-03-30 16:02:23 +0200: Memory Usage (491148K) : lbe_drw has 0 polygons
2026-03-30 16:02:23 +0200: Memory Usage (491148K) : alcustop_drw has 0 polygons
2026-03-30 16:02:23 +0200: Memory Usage (491148K) : nometfiller_drw has 0 polygons
2026-03-30 16:02:24 +0200: Memory Usage (491148K) : prboundary_drw has 0 polygons
2026-03-30 16:02:24 +0200: Memory Usage (491148K) : exchange0_drw has 0 polygons
2026-03-30 16:02:24 +0200: Memory Usage (491148K) : exchange0_pin has 0 polygons
2026-03-30 16:02:24 +0200: Memory Usage (491148K) : exchange0_text has 0 polygons
2026-03-30 16:02:24 +0200: Memory Usage (491148K) : exchange1_drw has 0 polygons
2026-03-30 16:02:24 +0200: Memory Usage (491148K) : exchange1_pin has 0 polygons
2026-03-30 16:02:24 +0200: Memory Usage (491148K) : exchange1_text has 0 polygons
2026-03-30 16:02:24 +0200: Memory Usage (491148K) : exchange2_drw has 0 polygons
2026-03-30 16:02:24 +0200: Memory Usage (491148K) : exchange2_pin has 0 polygons
2026-03-30 16:02:24 +0200: Memory Usage (491148K) : exchange2_text has 0 polygons
2026-03-30 16:02:24 +0200: Memory Usage (491148K) : exchange3_drw has 0 polygons
2026-03-30 16:02:24 +0200: Memory Usage (491148K) : exchange3_pin has 0 polygons
2026-03-30 16:02:24 +0200: Memory Usage (491148K) : exchange3_text has 0 polygons
2026-03-30 16:02:24 +0200: Memory Usage (491148K) : exchange4_drw has 0 polygons
2026-03-30 16:02:24 +0200: Memory Usage (491148K) : exchange4_pin has 0 polygons
2026-03-30 16:02:24 +0200: Memory Usage (491148K) : exchange4_text has 0 polygons
2026-03-30 16:02:24 +0200: Memory Usage (491148K) : isonwell_drw has 0 polygons
2026-03-30 16:02:24 +0200: Memory Usage (491148K) : Total no. of polygons in the design is 20378830
2026-03-30 16:02:24 +0200: Memory Usage (491148K) : Loaded TECH DRC rules values from /home/syndace/Projects/IHP-Open-PDK/ihp-sg13cmos5l/libs.tech/klayout/python/sg13cmos5l_pycell_lib/sg13cmos5l_tech_mod.json
2026-03-30 16:02:24 +0200: Memory Usage (491148K) : Loaded default DRC rules values from /home/syndace/Projects/IHP-Open-PDK/ihp-sg13cmos5l/libs.tech/klayout/tech/drc/rule_decks/sg13cmos5l_tech_default.json
2026-03-30 16:02:24 +0200: Memory Usage (501864K) : Total area of the design is 3240000.0 um^2.
2026-03-30 16:02:24 +0200: Memory Usage (501864K) : The design dimensions are 1800.0 um * 1800.0 um.
2026-03-30 16:02:24 +0200: Memory Usage (501864K) : Starting general IHP-SG13CMOS5L derivations.
2026-03-30 16:02:24 +0200: Memory Usage (501864K) : Starting Pwell derivations
2026-03-30 16:02:26 +0200: Memory Usage (572008K) : Starting IHP-SG13CMOS5L DRC rules.
2026-03-30 16:02:26 +0200: Memory Usage (572008K) : Starting 3.1. offgrid table
2026-03-30 16:02:26 +0200: Memory Usage (572008K) : Executing rule activ_drw_Offgrid
2026-03-30 16:03:02 +0200: Memory Usage (617564K) : Executing rule activ_pin_Offgrid
2026-03-30 16:03:03 +0200: Memory Usage (617564K) : Executing rule activ_mask_Offgrid
2026-03-30 16:03:03 +0200: Memory Usage (617564K) : Executing rule activ_filler_Offgrid
2026-03-30 16:03:03 +0200: Memory Usage (619676K) : Executing rule activ_nofill_Offgrid
2026-03-30 16:03:04 +0200: Memory Usage (619676K) : Executing rule activ_opc_Offgrid
2026-03-30 16:03:04 +0200: Memory Usage (619676K) : Executing rule activ_iopc_Offgrid
2026-03-30 16:03:04 +0200: Memory Usage (619676K) : Executing rule activ_noqrc_Offgrid
2026-03-30 16:03:04 +0200: Memory Usage (619676K) : Executing rule gatpoly_drw_Offgrid
2026-03-30 16:03:05 +0200: Memory Usage (619676K) : Executing rule gatpoly_pin_Offgrid
2026-03-30 16:03:05 +0200: Memory Usage (619676K) : Executing rule gatpoly_filler_Offgrid
2026-03-30 16:03:06 +0200: Memory Usage (619676K) : Executing rule gatpoly_nofill_Offgrid
2026-03-30 16:03:06 +0200: Memory Usage (619676K) : Executing rule gatpoly_opc_Offgrid
2026-03-30 16:03:06 +0200: Memory Usage (619676K) : Executing rule gatpoly_iopc_Offgrid
2026-03-30 16:03:06 +0200: Memory Usage (619676K) : Executing rule gatpoly_noqrc_Offgrid
2026-03-30 16:03:07 +0200: Memory Usage (619676K) : Executing rule cont_drw_Offgrid
2026-03-30 16:04:03 +0200: Memory Usage (1091496K) : Executing rule cont_opc_Offgrid
2026-03-30 16:04:03 +0200: Memory Usage (1091496K) : Executing rule nsd_drw_Offgrid
2026-03-30 16:04:03 +0200: Memory Usage (1091496K) : Executing rule nsd_block_Offgrid
2026-03-30 16:04:04 +0200: Memory Usage (1091496K) : Executing rule metal1_drw_Offgrid
2026-03-30 16:04:52 +0200: Memory Usage (1091496K) : Executing rule metal1_pin_Offgrid
2026-03-30 16:05:15 +0200: Memory Usage (1091496K) : Executing rule metal1_mask_Offgrid
2026-03-30 16:05:15 +0200: Memory Usage (1091496K) : Executing rule metal1_filler_Offgrid
2026-03-30 16:05:16 +0200: Memory Usage (1091496K) : Executing rule metal1_nofill_Offgrid
2026-03-30 16:05:16 +0200: Memory Usage (1091496K) : Executing rule metal1_slit_Offgrid
2026-03-30 16:05:16 +0200: Memory Usage (1091496K) : Executing rule metal1_opc_Offgrid
2026-03-30 16:05:16 +0200: Memory Usage (1091496K) : Executing rule metal1_noqrc_Offgrid
2026-03-30 16:05:16 +0200: Memory Usage (1091496K) : Executing rule metal1_res_Offgrid
2026-03-30 16:05:17 +0200: Memory Usage (1091496K) : Executing rule metal1_iprobe_Offgrid
2026-03-30 16:05:17 +0200: Memory Usage (1091496K) : Executing rule metal1_diffprb_Offgrid
2026-03-30 16:05:17 +0200: Memory Usage (1091496K) : Executing rule passiv_drw_Offgrid
2026-03-30 16:05:18 +0200: Memory Usage (1091496K) : Executing rule passiv_pin_Offgrid
2026-03-30 16:05:18 +0200: Memory Usage (1091496K) : Executing rule passiv_pillar_Offgrid
2026-03-30 16:05:18 +0200: Memory Usage (1091496K) : Executing rule passiv_sbump_Offgrid
2026-03-30 16:05:18 +0200: Memory Usage (1091496K) : Executing rule passiv_pdl_Offgrid
2026-03-30 16:05:18 +0200: Memory Usage (1091496K) : Executing rule metal2_drw_Offgrid
2026-03-30 16:05:35 +0200: Memory Usage (1091496K) : Executing rule metal2_pin_Offgrid
2026-03-30 16:05:35 +0200: Memory Usage (1091496K) : Executing rule metal2_mask_Offgrid
2026-03-30 16:05:35 +0200: Memory Usage (1091496K) : Executing rule metal2_filler_Offgrid
2026-03-30 16:05:36 +0200: Memory Usage (1091496K) : Executing rule metal2_nofill_Offgrid
2026-03-30 16:05:36 +0200: Memory Usage (1091496K) : Executing rule metal2_slit_Offgrid
2026-03-30 16:05:37 +0200: Memory Usage (1091496K) : Executing rule metal2_opc_Offgrid
2026-03-30 16:05:37 +0200: Memory Usage (1091496K) : Executing rule metal2_noqrc_Offgrid
2026-03-30 16:05:37 +0200: Memory Usage (1091496K) : Executing rule metal2_res_Offgrid
2026-03-30 16:05:37 +0200: Memory Usage (1091496K) : Executing rule metal2_iprobe_Offgrid
2026-03-30 16:05:38 +0200: Memory Usage (1091496K) : Executing rule metal2_diffprb_Offgrid
2026-03-30 16:05:38 +0200: Memory Usage (1091496K) : Executing rule psd_drw_Offgrid
2026-03-30 16:05:59 +0200: Memory Usage (1091496K) : Executing rule via1_drw_Offgrid
2026-03-30 16:06:09 +0200: Memory Usage (1095276K) : Executing rule salblock_drw_Offgrid
2026-03-30 16:06:10 +0200: Memory Usage (1095276K) : Executing rule via2_drw_Offgrid
2026-03-30 16:06:15 +0200: Memory Usage (1097512K) : Executing rule metal3_drw_Offgrid
2026-03-30 16:06:23 +0200: Memory Usage (1096728K) : Executing rule metal3_pin_Offgrid
2026-03-30 16:06:24 +0200: Memory Usage (1096484K) : Executing rule metal3_mask_Offgrid
2026-03-30 16:06:25 +0200: Memory Usage (1096484K) : Executing rule metal3_filler_Offgrid
2026-03-30 16:06:25 +0200: Memory Usage (1096292K) : Executing rule metal3_nofill_Offgrid
2026-03-30 16:06:25 +0200: Memory Usage (1096292K) : Executing rule metal3_slit_Offgrid
2026-03-30 16:06:26 +0200: Memory Usage (1096292K) : Executing rule metal3_opc_Offgrid
2026-03-30 16:06:26 +0200: Memory Usage (1096292K) : Executing rule metal3_noqrc_Offgrid
2026-03-30 16:06:26 +0200: Memory Usage (1096292K) : Executing rule metal3_res_Offgrid
2026-03-30 16:06:27 +0200: Memory Usage (1096292K) : Executing rule metal3_iprobe_Offgrid
2026-03-30 16:06:27 +0200: Memory Usage (1096292K) : Executing rule metal3_diffprb_Offgrid
2026-03-30 16:06:27 +0200: Memory Usage (1096292K) : Executing rule nwell_drw_Offgrid
2026-03-30 16:06:36 +0200: Memory Usage (1096292K) : Executing rule nwell_pin_Offgrid
2026-03-30 16:06:36 +0200: Memory Usage (1096292K) : Executing rule pwell_drw_Offgrid
2026-03-30 16:06:36 +0200: Memory Usage (1096292K) : Executing rule pwell_pin_Offgrid
2026-03-30 16:06:37 +0200: Memory Usage (1096292K) : Executing rule pwell_block_Offgrid
2026-03-30 16:06:37 +0200: Memory Usage (1096292K) : Executing rule substrate_drw_Offgrid
2026-03-30 16:06:37 +0200: Memory Usage (1096292K) : Executing rule via3_drw_Offgrid
2026-03-30 16:06:40 +0200: Memory Usage (1098376K) : Executing rule metal4_drw_Offgrid
2026-03-30 16:06:41 +0200: Memory Usage (1096972K) : Executing rule metal4_pin_Offgrid
2026-03-30 16:06:42 +0200: Memory Usage (1096972K) : Executing rule metal4_mask_Offgrid
2026-03-30 16:06:42 +0200: Memory Usage (1096588K) : Executing rule metal4_filler_Offgrid
2026-03-30 16:06:43 +0200: Memory Usage (1096396K) : Executing rule metal4_nofill_Offgrid
2026-03-30 16:06:43 +0200: Memory Usage (1096396K) : Executing rule metal4_slit_Offgrid
2026-03-30 16:06:43 +0200: Memory Usage (1096204K) : Executing rule metal4_opc_Offgrid
2026-03-30 16:06:43 +0200: Memory Usage (1096204K) : Executing rule metal4_noqrc_Offgrid
2026-03-30 16:06:43 +0200: Memory Usage (1096204K) : Executing rule metal4_res_Offgrid
2026-03-30 16:06:44 +0200: Memory Usage (1096204K) : Executing rule metal4_iprobe_Offgrid
2026-03-30 16:06:44 +0200: Memory Usage (1096204K) : Executing rule metal4_diffprb_Offgrid
2026-03-30 16:06:44 +0200: Memory Usage (1096204K) : Executing rule topvia1_drw_Offgrid
2026-03-30 16:06:45 +0200: Memory Usage (1096204K) : Executing rule topmetal1_drw_Offgrid
2026-03-30 16:06:46 +0200: Memory Usage (1096204K) : Executing rule topmetal1_pin_Offgrid
2026-03-30 16:06:46 +0200: Memory Usage (1096204K) : Executing rule topmetal1_mask_Offgrid
2026-03-30 16:06:47 +0200: Memory Usage (1096204K) : Executing rule topmetal1_filler_Offgrid
2026-03-30 16:06:47 +0200: Memory Usage (1096204K) : Executing rule topmetal1_nofill_Offgrid
2026-03-30 16:06:47 +0200: Memory Usage (1096204K) : Executing rule topmetal1_slit_Offgrid
2026-03-30 16:06:47 +0200: Memory Usage (1096204K) : Executing rule topmetal1_noqrc_Offgrid
2026-03-30 16:06:48 +0200: Memory Usage (1096204K) : Executing rule topmetal1_res_Offgrid
2026-03-30 16:06:48 +0200: Memory Usage (1096204K) : Executing rule topmetal1_iprobe_Offgrid
2026-03-30 16:06:48 +0200: Memory Usage (1096204K) : Executing rule topmetal1_diffprb_Offgrid
2026-03-30 16:06:48 +0200: Memory Usage (1096204K) : Executing rule thickgateox_drw_Offgrid
2026-03-30 16:06:49 +0200: Memory Usage (1096204K) : Executing rule polyres_drw_Offgrid
2026-03-30 16:06:49 +0200: Memory Usage (1096204K) : Executing rule polyres_pin_Offgrid
2026-03-30 16:06:49 +0200: Memory Usage (1096204K) : Executing rule antmetal1_drw_Offgrid
2026-03-30 16:06:49 +0200: Memory Usage (1096204K) : Executing rule thinfilmres_drw_Offgrid
2026-03-30 16:06:49 +0200: Memory Usage (1096204K) : Executing rule lbe_drw_Offgrid
2026-03-30 16:06:50 +0200: Memory Usage (1096204K) : Executing rule prboundary_drw_Offgrid
2026-03-30 16:06:50 +0200: Memory Usage (1096204K) : KLayout DRC run for tables 'offgrid' completed in 284.56 seconds
