# Logfile created on 2026-03-30 16:01:28 +0200 by logger.rb/v1.6.4
2026-03-30 16:01:28 +0200: Memory Usage (370488K) : Starting running IHP-SG13CMOS5L KLayout DRC runset on /home/syndace/Projects/IHP__RISCV2617/release/v.1.0.0/gds/RISCV2617.gds.gz
2026-03-30 16:01:28 +0200: Memory Usage (370488K) : Ruby Version for klayout: 3.4.8
2026-03-30 16:01:29 +0200: Memory Usage (462620K) : Loading database to memory is complete.
2026-03-30 16:01:29 +0200: Memory Usage (462620K) : IHP-SG13CMOS5L KLayout DRC runset output at: /home/syndace/Projects/IHP__RISCV2617/drc_run_RISCV2617/RISCV2617.gds_RISCV2617_sealring.lyrdb
2026-03-30 16:01:29 +0200: Memory Usage (462620K) : Evaluate switches.
2026-03-30 16:01:29 +0200: Memory Usage (462620K) : tables selected: sealring
2026-03-30 16:01:29 +0200: Memory Usage (462620K) : KLayout will use 12 thread(s) in tiled mode.
2026-03-30 16:01:29 +0200: Memory Usage (462620K) : deep mode is enabled.
2026-03-30 16:01:29 +0200: Memory Usage (462620K) : FEOL enabled: false
2026-03-30 16:01:29 +0200: Memory Usage (462620K) : BEOL enabled: false
2026-03-30 16:01:29 +0200: Memory Usage (462620K) : OFFGRID enabled: true
2026-03-30 16:01:29 +0200: Memory Usage (462620K) : ANGLE enabled: true
2026-03-30 16:01:29 +0200: Memory Usage (462620K) : PIN enabled: false
2026-03-30 16:01:29 +0200: Memory Usage (462620K) : FORBIDDEN enabled: false
2026-03-30 16:01:29 +0200: Memory Usage (462620K) : RECOMMENDED enabled: true
2026-03-30 16:01:29 +0200: Memory Usage (462620K) : PreCheck DRC enabled: false
2026-03-30 16:01:29 +0200: Memory Usage (462620K) : CONNECTIVITY_RULES enabled: false.
2026-03-30 16:01:29 +0200: Memory Usage (462620K) : Read in polygons from layers.
2026-03-30 16:01:29 +0200: Memory Usage (476844K) : activ_drw has 1345255 polygons
2026-03-30 16:01:29 +0200: Memory Usage (476844K) : activ_pin has 0 polygons
2026-03-30 16:01:29 +0200: Memory Usage (476844K) : activ_mask has 0 polygons
2026-03-30 16:01:29 +0200: Memory Usage (476844K) : activ_filler has 37143 polygons
2026-03-30 16:01:29 +0200: Memory Usage (476844K) : activ_nofill has 0 polygons
2026-03-30 16:01:29 +0200: Memory Usage (476844K) : activ_opc has 0 polygons
2026-03-30 16:01:29 +0200: Memory Usage (476844K) : activ_iopc has 0 polygons
2026-03-30 16:01:29 +0200: Memory Usage (476844K) : activ_noqrc has 0 polygons
2026-03-30 16:01:29 +0200: Memory Usage (476844K) : biwind_drw has 0 polygons
2026-03-30 16:01:29 +0200: Memory Usage (476844K) : biwind_opc has 0 polygons
2026-03-30 16:01:29 +0200: Memory Usage (476844K) : pemwind_drw has 0 polygons
2026-03-30 16:01:30 +0200: Memory Usage (476844K) : gatpoly_drw has 1156047 polygons
2026-03-30 16:01:30 +0200: Memory Usage (476844K) : gatpoly_pin has 0 polygons
2026-03-30 16:01:30 +0200: Memory Usage (476844K) : gatpoly_filler has 37143 polygons
2026-03-30 16:01:30 +0200: Memory Usage (476844K) : gatpoly_nofill has 0 polygons
2026-03-30 16:01:30 +0200: Memory Usage (476844K) : gatpoly_opc has 0 polygons
2026-03-30 16:01:30 +0200: Memory Usage (476844K) : gatpoly_iopc has 0 polygons
2026-03-30 16:01:30 +0200: Memory Usage (476844K) : gatpoly_noqrc has 0 polygons
2026-03-30 16:01:31 +0200: Memory Usage (485868K) : cont_drw has 7660295 polygons
2026-03-30 16:01:31 +0200: Memory Usage (485868K) : cont_opc has 0 polygons
2026-03-30 16:01:31 +0200: Memory Usage (485868K) : nsd_drw has 0 polygons
2026-03-30 16:01:31 +0200: Memory Usage (485868K) : nsd_block has 0 polygons
2026-03-30 16:01:31 +0200: Memory Usage (486060K) : metal1_drw has 2301922 polygons
2026-03-30 16:01:31 +0200: Memory Usage (486060K) : metal1_pin has 257060 polygons
2026-03-30 16:01:31 +0200: Memory Usage (486060K) : metal1_mask has 0 polygons
2026-03-30 16:01:31 +0200: Memory Usage (486060K) : metal1_filler has 52221 polygons
2026-03-30 16:01:31 +0200: Memory Usage (486060K) : metal1_nofill has 0 polygons
2026-03-30 16:01:31 +0200: Memory Usage (486060K) : metal1_slit has 0 polygons
2026-03-30 16:01:31 +0200: Memory Usage (486060K) : metal1_text has 224260 polygons
2026-03-30 16:01:31 +0200: Memory Usage (486060K) : metal1_opc has 0 polygons
2026-03-30 16:01:31 +0200: Memory Usage (486060K) : metal1_noqrc has 0 polygons
2026-03-30 16:01:32 +0200: Memory Usage (486060K) : metal1_res has 48 polygons
2026-03-30 16:01:32 +0200: Memory Usage (486060K) : metal1_iprobe has 0 polygons
2026-03-30 16:01:32 +0200: Memory Usage (486060K) : metal1_diffprb has 0 polygons
2026-03-30 16:01:32 +0200: Memory Usage (486060K) : passiv_drw has 44 polygons
2026-03-30 16:01:32 +0200: Memory Usage (486060K) : passiv_pin has 0 polygons
2026-03-30 16:01:32 +0200: Memory Usage (486060K) : passiv_sbump has 0 polygons
2026-03-30 16:01:32 +0200: Memory Usage (486060K) : passiv_pillar has 0 polygons
2026-03-30 16:01:32 +0200: Memory Usage (486060K) : passiv_pdl has 0 polygons
2026-03-30 16:01:32 +0200: Memory Usage (491052K) : metal2_drw has 1067535 polygons
2026-03-30 16:01:32 +0200: Memory Usage (491052K) : metal2_pin has 742134 polygons
2026-03-30 16:01:32 +0200: Memory Usage (491052K) : metal2_mask has 0 polygons
2026-03-30 16:01:33 +0200: Memory Usage (491052K) : metal2_filler has 85891 polygons
2026-03-30 16:01:33 +0200: Memory Usage (491052K) : metal2_nofill has 0 polygons
2026-03-30 16:01:33 +0200: Memory Usage (491052K) : metal2_slit has 0 polygons
2026-03-30 16:01:33 +0200: Memory Usage (491052K) : metal2_text has 478838 polygons
2026-03-30 16:01:33 +0200: Memory Usage (491052K) : metal2_opc has 0 polygons
2026-03-30 16:01:33 +0200: Memory Usage (491052K) : metal2_noqrc has 0 polygons
2026-03-30 16:01:33 +0200: Memory Usage (491052K) : metal2_res has 131136 polygons
2026-03-30 16:01:33 +0200: Memory Usage (491052K) : metal2_iprobe has 0 polygons
2026-03-30 16:01:33 +0200: Memory Usage (491052K) : metal2_diffprb has 0 polygons
2026-03-30 16:01:33 +0200: Memory Usage (491052K) : baspoly_drw has 0 polygons
2026-03-30 16:01:33 +0200: Memory Usage (491052K) : baspoly_pin has 0 polygons
2026-03-30 16:01:33 +0200: Memory Usage (491052K) : psd_drw has 316903 polygons
2026-03-30 16:01:33 +0200: Memory Usage (491052K) : nldb_drw has 0 polygons
2026-03-30 16:01:33 +0200: Memory Usage (491052K) : digibnd_drw has 84684 polygons
2026-03-30 16:01:34 +0200: Memory Usage (491052K) : via1_drw has 882711 polygons
2026-03-30 16:01:34 +0200: Memory Usage (491052K) : backmetal1_drw has 0 polygons
2026-03-30 16:01:34 +0200: Memory Usage (491052K) : backmetal1_pin has 0 polygons
2026-03-30 16:01:34 +0200: Memory Usage (491052K) : backmetal1_mask has 0 polygons
2026-03-30 16:01:34 +0200: Memory Usage (491052K) : backmetal1_filler has 0 polygons
2026-03-30 16:01:34 +0200: Memory Usage (491052K) : backmetal1_nofill has 0 polygons
2026-03-30 16:01:34 +0200: Memory Usage (491052K) : backmetal1_slit has 0 polygons
2026-03-30 16:01:34 +0200: Memory Usage (491052K) : backmetal1_text has 0 polygons
2026-03-30 16:01:34 +0200: Memory Usage (491052K) : backmetal1_opc has 0 polygons
2026-03-30 16:01:34 +0200: Memory Usage (491052K) : backmetal1_noqrc has 0 polygons
2026-03-30 16:01:34 +0200: Memory Usage (491052K) : backmetal1_res has 0 polygons
2026-03-30 16:01:34 +0200: Memory Usage (491052K) : backmetal1_iprobe has 0 polygons
2026-03-30 16:01:34 +0200: Memory Usage (491052K) : backmetal1_diffprb has 0 polygons
2026-03-30 16:01:34 +0200: Memory Usage (491052K) : backpassiv_drw has 0 polygons
2026-03-30 16:01:34 +0200: Memory Usage (491052K) : res_drw has 0 polygons
2026-03-30 16:01:34 +0200: Memory Usage (491052K) : sram_drw has 76032 polygons
2026-03-30 16:01:34 +0200: Memory Usage (491052K) : trans_drw has 0 polygons
2026-03-30 16:01:34 +0200: Memory Usage (491052K) : ind_drw has 0 polygons
2026-03-30 16:01:34 +0200: Memory Usage (491052K) : ind_pin has 0 polygons
2026-03-30 16:01:34 +0200: Memory Usage (491052K) : ind_text has 0 polygons
2026-03-30 16:01:34 +0200: Memory Usage (491052K) : salblock_drw has 20 polygons
2026-03-30 16:01:34 +0200: Memory Usage (491052K) : via2_drw has 590378 polygons
2026-03-30 16:01:35 +0200: Memory Usage (491052K) : metal3_drw has 452163 polygons
2026-03-30 16:01:35 +0200: Memory Usage (491052K) : metal3_pin has 349323 polygons
2026-03-30 16:01:35 +0200: Memory Usage (491052K) : metal3_mask has 0 polygons
2026-03-30 16:01:35 +0200: Memory Usage (491052K) : metal3_filler has 40624 polygons
2026-03-30 16:01:35 +0200: Memory Usage (491052K) : metal3_nofill has 0 polygons
2026-03-30 16:01:35 +0200: Memory Usage (491052K) : metal3_slit has 0 polygons
2026-03-30 16:01:35 +0200: Memory Usage (491052K) : metal3_text has 207243 polygons
2026-03-30 16:01:35 +0200: Memory Usage (491052K) : metal3_opc has 0 polygons
2026-03-30 16:01:35 +0200: Memory Usage (491052K) : metal3_noqrc has 0 polygons
2026-03-30 16:01:35 +0200: Memory Usage (491052K) : metal3_res has 66304 polygons
2026-03-30 16:01:35 +0200: Memory Usage (491052K) : metal3_iprobe has 0 polygons
2026-03-30 16:01:35 +0200: Memory Usage (491052K) : metal3_diffprb has 0 polygons
2026-03-30 16:01:36 +0200: Memory Usage (491052K) : nwell_drw has 226877 polygons
2026-03-30 16:01:36 +0200: Memory Usage (491052K) : nwell_pin has 0 polygons
2026-03-30 16:01:36 +0200: Memory Usage (491052K) : nbulay_drw has 0 polygons
2026-03-30 16:01:36 +0200: Memory Usage (491052K) : nbulay_pin has 0 polygons
2026-03-30 16:01:36 +0200: Memory Usage (491052K) : nbulay_block has 0 polygons
2026-03-30 16:01:36 +0200: Memory Usage (491052K) : emwind_drw has 0 polygons
2026-03-30 16:01:36 +0200: Memory Usage (491052K) : emwind_opc has 0 polygons
2026-03-30 16:01:36 +0200: Memory Usage (491052K) : deepco_drw has 0 polygons
2026-03-30 16:01:36 +0200: Memory Usage (491052K) : deepco_drw has 0 polygons
2026-03-30 16:01:36 +0200: Memory Usage (491052K) : mim_drw has 0 polygons
2026-03-30 16:01:36 +0200: Memory Usage (491052K) : edgeseal_drw has 24 polygons
2026-03-30 16:01:36 +0200: Memory Usage (491052K) : edgeseal_bound has 1 polygons
2026-03-30 16:01:36 +0200: Memory Usage (491052K) : substrate_drw has 966 polygons
2026-03-30 16:01:36 +0200: Memory Usage (491052K) : substrate_text has 0 polygons
2026-03-30 16:01:36 +0200: Memory Usage (491052K) : dfpad_drw has 32 polygons
2026-03-30 16:01:36 +0200: Memory Usage (491052K) : dfpad_pillar has 0 polygons
2026-03-30 16:01:36 +0200: Memory Usage (491052K) : dfpad_sbump has 0 polygons
2026-03-30 16:01:37 +0200: Memory Usage (491052K) : thickgateox_drw has 64 polygons
2026-03-30 16:01:37 +0200: Memory Usage (491052K) : pldb_drw has 0 polygons
2026-03-30 16:01:37 +0200: Memory Usage (491052K) : pwell_drw has 0 polygons
2026-03-30 16:01:37 +0200: Memory Usage (491052K) : pwell_pin has 0 polygons
2026-03-30 16:01:37 +0200: Memory Usage (491052K) : pwell_block has 0 polygons
2026-03-30 16:01:37 +0200: Memory Usage (491052K) : ic_drw has 0 polygons
2026-03-30 16:01:37 +0200: Memory Usage (491052K) : via3_drw has 443767 polygons
2026-03-30 16:01:37 +0200: Memory Usage (491052K) : metal4_drw has 46010 polygons
2026-03-30 16:01:37 +0200: Memory Usage (491052K) : metal4_pin has 1494 polygons
2026-03-30 16:01:37 +0200: Memory Usage (491052K) : metal4_mask has 0 polygons
2026-03-30 16:01:37 +0200: Memory Usage (491052K) : metal4_filler has 56752 polygons
2026-03-30 16:01:37 +0200: Memory Usage (491052K) : metal4_nofill has 0 polygons
2026-03-30 16:01:37 +0200: Memory Usage (491052K) : metal4_slit has 0 polygons
2026-03-30 16:01:37 +0200: Memory Usage (491052K) : metal4_text has 1409 polygons
2026-03-30 16:01:38 +0200: Memory Usage (491052K) : metal4_opc has 0 polygons
2026-03-30 16:01:38 +0200: Memory Usage (491052K) : metal4_noqrc has 0 polygons
2026-03-30 16:01:38 +0200: Memory Usage (491052K) : metal4_res has 0 polygons
2026-03-30 16:01:38 +0200: Memory Usage (491052K) : metal4_iprobe has 0 polygons
2026-03-30 16:01:38 +0200: Memory Usage (491052K) : metal4_diffprb has 0 polygons
2026-03-30 16:01:38 +0200: Memory Usage (491052K) : heattrans_drw has 0 polygons
2026-03-30 16:01:38 +0200: Memory Usage (491052K) : heatres_drw has 0 polygons
2026-03-30 16:01:38 +0200: Memory Usage (491052K) : pempoly_drw has 0 polygons
2026-03-30 16:01:38 +0200: Memory Usage (491052K) : fbe_drw has 0 polygons
2026-03-30 16:01:38 +0200: Memory Usage (491052K) : empoly_drw has 0 polygons
2026-03-30 16:01:38 +0200: Memory Usage (491052K) : ldmos_drw has 0 polygons
2026-03-30 16:01:38 +0200: Memory Usage (491052K) : pbiwind_drw has 0 polygons
2026-03-30 16:01:38 +0200: Memory Usage (491052K) : digisub_drw has 0 polygons
2026-03-30 16:01:38 +0200: Memory Usage (491052K) : nodrc_drw has 0 polygons
2026-03-30 16:01:38 +0200: Memory Usage (491052K) : text_drw has 800794 polygons
2026-03-30 16:01:38 +0200: Memory Usage (491052K) : via4_drw has 0 polygons
2026-03-30 16:01:38 +0200: Memory Usage (491052K) : metal5_drw has 0 polygons
2026-03-30 16:01:38 +0200: Memory Usage (491052K) : metal5_pin has 0 polygons
2026-03-30 16:01:38 +0200: Memory Usage (491052K) : metal5_mask has 0 polygons
2026-03-30 16:01:38 +0200: Memory Usage (491052K) : metal5_filler has 0 polygons
2026-03-30 16:01:38 +0200: Memory Usage (491052K) : metal5_nofill has 0 polygons
2026-03-30 16:01:38 +0200: Memory Usage (491052K) : metal5_slit has 0 polygons
2026-03-30 16:01:38 +0200: Memory Usage (491052K) : metal5_text has 0 polygons
2026-03-30 16:01:38 +0200: Memory Usage (491052K) : metal5_opc has 0 polygons
2026-03-30 16:01:38 +0200: Memory Usage (491052K) : metal5_noqrc has 0 polygons
2026-03-30 16:01:38 +0200: Memory Usage (491052K) : metal5_res has 0 polygons
2026-03-30 16:01:38 +0200: Memory Usage (491052K) : metal5_iprobe has 0 polygons
2026-03-30 16:01:38 +0200: Memory Usage (491052K) : metal5_diffprb has 0 polygons
2026-03-30 16:01:38 +0200: Memory Usage (491052K) : radhard_drw has 0 polygons
2026-03-30 16:01:38 +0200: Memory Usage (491052K) : memcap_drw has 0 polygons
2026-03-30 16:01:38 +0200: Memory Usage (491052K) : varicap_drw has 0 polygons
2026-03-30 16:01:39 +0200: Memory Usage (491052K) : flash_drw has 0 polygons
2026-03-30 16:01:39 +0200: Memory Usage (491052K) : intbondvia_drw has 0 polygons
2026-03-30 16:01:39 +0200: Memory Usage (491052K) : intbondmet_drw has 0 polygons
2026-03-30 16:01:39 +0200: Memory Usage (491052K) : devbondvia_drw has 0 polygons
2026-03-30 16:01:39 +0200: Memory Usage (491052K) : devbondmet_drw has 0 polygons
2026-03-30 16:01:39 +0200: Memory Usage (491052K) : devtrench_drw has 0 polygons
2026-03-30 16:01:39 +0200: Memory Usage (491052K) : redist_drw has 0 polygons
2026-03-30 16:01:39 +0200: Memory Usage (491052K) : graphbot_drw has 0 polygons
2026-03-30 16:01:39 +0200: Memory Usage (491052K) : graphtop_drw has 0 polygons
2026-03-30 16:01:39 +0200: Memory Usage (491052K) : antvia1_drw has 0 polygons
2026-03-30 16:01:39 +0200: Memory Usage (491052K) : antmetal2_drw has 0 polygons
2026-03-30 16:01:39 +0200: Memory Usage (491052K) : graphcont_drw has 0 polygons
2026-03-30 16:01:39 +0200: Memory Usage (491052K) : siwg_drw has 0 polygons
2026-03-30 16:01:39 +0200: Memory Usage (491052K) : siwg_filler has 0 polygons
2026-03-30 16:01:39 +0200: Memory Usage (491052K) : siwg_nofill has 0 polygons
2026-03-30 16:01:39 +0200: Memory Usage (491052K) : sigrating_drw has 0 polygons
2026-03-30 16:01:39 +0200: Memory Usage (491052K) : singrating_drw has 0 polygons
2026-03-30 16:01:39 +0200: Memory Usage (491052K) : graphpas_drw has 0 polygons
2026-03-30 16:01:39 +0200: Memory Usage (491052K) : emwind3_drw has 0 polygons
2026-03-30 16:01:39 +0200: Memory Usage (491052K) : emwihv3_drw has 0 polygons
2026-03-30 16:01:39 +0200: Memory Usage (491052K) : redbulay_drw has 0 polygons
2026-03-30 16:01:39 +0200: Memory Usage (491052K) : smos_drw has 0 polygons
2026-03-30 16:01:39 +0200: Memory Usage (491052K) : graphpad_drw has 0 polygons
2026-03-30 16:01:39 +0200: Memory Usage (491052K) : polimide_drw has 0 polygons
2026-03-30 16:01:39 +0200: Memory Usage (491052K) : polimide_pin has 0 polygons
2026-03-30 16:01:39 +0200: Memory Usage (491052K) : recog_drw has 0 polygons
2026-03-30 16:01:39 +0200: Memory Usage (491052K) : recog_pin has 0 polygons
2026-03-30 16:01:39 +0200: Memory Usage (491052K) : recog_esd has 0 polygons
2026-03-30 16:01:39 +0200: Memory Usage (491052K) : recog_diode has 350 polygons
2026-03-30 16:01:39 +0200: Memory Usage (491052K) : recog_tsv has 0 polygons
2026-03-30 16:01:40 +0200: Memory Usage (491052K) : recog_iprobe has 0 polygons
2026-03-30 16:01:40 +0200: Memory Usage (491052K) : recog_diffprb has 0 polygons
2026-03-30 16:01:40 +0200: Memory Usage (491052K) : recog_pillar has 0 polygons
2026-03-30 16:01:40 +0200: Memory Usage (491052K) : recog_sbump has 0 polygons
2026-03-30 16:01:40 +0200: Memory Usage (491052K) : recog_otp has 0 polygons
2026-03-30 16:01:40 +0200: Memory Usage (491052K) : recog_pdiode has 0 polygons
2026-03-30 16:01:40 +0200: Memory Usage (491052K) : recog_mom has 0 polygons
2026-03-30 16:01:40 +0200: Memory Usage (491052K) : recog_pcm has 0 polygons
2026-03-30 16:01:40 +0200: Memory Usage (491052K) : colopen_drw has 0 polygons
2026-03-30 16:01:40 +0200: Memory Usage (491052K) : graphmetal1_drw has 0 polygons
2026-03-30 16:01:40 +0200: Memory Usage (491052K) : graphmetal1_filler has 0 polygons
2026-03-30 16:01:40 +0200: Memory Usage (491052K) : graphmetal1_nofill has 0 polygons
2026-03-30 16:01:40 +0200: Memory Usage (491052K) : graphmetal1_slit has 0 polygons
2026-03-30 16:01:40 +0200: Memory Usage (491052K) : graphmetal1_opc has 0 polygons
2026-03-30 16:01:40 +0200: Memory Usage (491052K) : graphmet1l_drw has 0 polygons
2026-03-30 16:01:40 +0200: Memory Usage (491052K) : graphmet1l_filler has 0 polygons
2026-03-30 16:01:40 +0200: Memory Usage (491052K) : graphmet1l_nofill has 0 polygons
2026-03-30 16:01:40 +0200: Memory Usage (491052K) : graphmet1l_slit has 0 polygons
2026-03-30 16:01:40 +0200: Memory Usage (491052K) : graphmet1l_opc has 0 polygons
2026-03-30 16:01:40 +0200: Memory Usage (491052K) : extblock_drw has 20 polygons
2026-03-30 16:01:40 +0200: Memory Usage (491052K) : nldd_drw has 0 polygons
2026-03-30 16:01:40 +0200: Memory Usage (491052K) : pldd_drw has 0 polygons
2026-03-30 16:01:40 +0200: Memory Usage (491052K) : next_drw has 0 polygons
2026-03-30 16:01:41 +0200: Memory Usage (491052K) : pext_drw has 0 polygons
2026-03-30 16:01:41 +0200: Memory Usage (491052K) : nexthv_drw has 0 polygons
2026-03-30 16:01:41 +0200: Memory Usage (491052K) : pexthv_drw has 0 polygons
2026-03-30 16:01:41 +0200: Memory Usage (491052K) : graphgate_drw has 0 polygons
2026-03-30 16:01:41 +0200: Memory Usage (491052K) : sinwg_drw has 0 polygons
2026-03-30 16:01:41 +0200: Memory Usage (491052K) : sinwg_filler has 0 polygons
2026-03-30 16:01:41 +0200: Memory Usage (491052K) : sinwg_nofill has 0 polygons
2026-03-30 16:01:41 +0200: Memory Usage (491052K) : mempad_drw has 0 polygons
2026-03-30 16:01:41 +0200: Memory Usage (491052K) : topvia1_drw has 142295 polygons
2026-03-30 16:01:41 +0200: Memory Usage (491052K) : topmetal1_drw has 3390 polygons
2026-03-30 16:01:41 +0200: Memory Usage (491052K) : topmetal1_pin has 795 polygons
2026-03-30 16:01:42 +0200: Memory Usage (491052K) : topmetal1_mask has 0 polygons
2026-03-30 16:01:42 +0200: Memory Usage (491052K) : topmetal1_filler has 9719 polygons
2026-03-30 16:01:42 +0200: Memory Usage (491052K) : topmetal1_nofill has 0 polygons
2026-03-30 16:01:42 +0200: Memory Usage (491052K) : topmetal1_slit has 0 polygons
2026-03-30 16:01:42 +0200: Memory Usage (491052K) : topmetal1_text has 714 polygons
2026-03-30 16:01:42 +0200: Memory Usage (491052K) : topmetal1_noqrc has 0 polygons
2026-03-30 16:01:42 +0200: Memory Usage (491052K) : topmetal1_res has 0 polygons
2026-03-30 16:01:42 +0200: Memory Usage (491052K) : topmetal1_iprobe has 0 polygons
2026-03-30 16:01:42 +0200: Memory Usage (491052K) : topmetal1_diffprb has 0 polygons
2026-03-30 16:01:42 +0200: Memory Usage (491052K) : inldpwl_drw has 0 polygons
2026-03-30 16:01:42 +0200: Memory Usage (491052K) : polyres_drw has 0 polygons
2026-03-30 16:01:42 +0200: Memory Usage (491052K) : polyres_pin has 0 polygons
2026-03-30 16:01:42 +0200: Memory Usage (491052K) : vmim_drw has 0 polygons
2026-03-30 16:01:42 +0200: Memory Usage (491052K) : nbulaycut_drw has 0 polygons
2026-03-30 16:01:42 +0200: Memory Usage (491052K) : antmetal1_drw has 0 polygons
2026-03-30 16:01:42 +0200: Memory Usage (491052K) : topvia2_drw has 0 polygons
2026-03-30 16:01:42 +0200: Memory Usage (491052K) : topmetal2_drw has 0 polygons
2026-03-30 16:01:43 +0200: Memory Usage (491052K) : topmetal2_pin has 0 polygons
2026-03-30 16:01:43 +0200: Memory Usage (491052K) : topmetal2_mask has 0 polygons
2026-03-30 16:01:43 +0200: Memory Usage (491052K) : topmetal2_filler has 0 polygons
2026-03-30 16:01:43 +0200: Memory Usage (491052K) : topmetal2_nofill has 0 polygons
2026-03-30 16:01:43 +0200: Memory Usage (491052K) : topmetal2_slit has 0 polygons
2026-03-30 16:01:43 +0200: Memory Usage (491052K) : topmetal2_text has 0 polygons
2026-03-30 16:01:43 +0200: Memory Usage (491052K) : topmetal2_noqrc has 0 polygons
2026-03-30 16:01:43 +0200: Memory Usage (491052K) : topmetal2_res has 0 polygons
2026-03-30 16:01:43 +0200: Memory Usage (491052K) : topmetal2_iprobe has 0 polygons
2026-03-30 16:01:43 +0200: Memory Usage (491052K) : topmetal2_diffprb has 0 polygons
2026-03-30 16:01:43 +0200: Memory Usage (491052K) : snsring_drw has 0 polygons
2026-03-30 16:01:43 +0200: Memory Usage (491052K) : sensor_drw has 0 polygons
2026-03-30 16:01:43 +0200: Memory Usage (491052K) : snsarms_drw has 0 polygons
2026-03-30 16:01:43 +0200: Memory Usage (491052K) : snscmosvia_drw has 0 polygons
2026-03-30 16:01:43 +0200: Memory Usage (491052K) : colwind_drw has 0 polygons
2026-03-30 16:01:43 +0200: Memory Usage (491052K) : flm_drw has 0 polygons
2026-03-30 16:01:43 +0200: Memory Usage (491052K) : hafniumox_drw has 0 polygons
2026-03-30 16:01:43 +0200: Memory Usage (491052K) : memvia_drw has 0 polygons
2026-03-30 16:01:43 +0200: Memory Usage (491052K) : thinfilmres_drw has 0 polygons
2026-03-30 16:01:43 +0200: Memory Usage (491052K) : rfmem_drw has 0 polygons
2026-03-30 16:01:43 +0200: Memory Usage (491052K) : norcx_drw has 0 polygons
2026-03-30 16:01:43 +0200: Memory Usage (491052K) : norcx_m2m3 has 0 polygons
2026-03-30 16:01:43 +0200: Memory Usage (491052K) : norcx_m2m4 has 0 polygons
2026-03-30 16:01:43 +0200: Memory Usage (491052K) : norcx_m2m5 has 0 polygons
2026-03-30 16:01:43 +0200: Memory Usage (491052K) : norcx_m2tm1 has 0 polygons
2026-03-30 16:01:43 +0200: Memory Usage (491052K) : norcx_m2tm2 has 0 polygons
2026-03-30 16:01:43 +0200: Memory Usage (491052K) : norcx_m3m4 has 0 polygons
2026-03-30 16:01:43 +0200: Memory Usage (491052K) : norcx_m3m5 has 0 polygons
2026-03-30 16:01:43 +0200: Memory Usage (491052K) : norcx_m3tm1 has 0 polygons
2026-03-30 16:01:43 +0200: Memory Usage (491052K) : norcx_m3tm2 has 0 polygons
2026-03-30 16:01:44 +0200: Memory Usage (491052K) : norcx_m4m5 has 0 polygons
2026-03-30 16:01:44 +0200: Memory Usage (491052K) : norcx_m4tm1 has 0 polygons
2026-03-30 16:01:44 +0200: Memory Usage (491052K) : norcx_m4tm2 has 0 polygons
2026-03-30 16:01:44 +0200: Memory Usage (491052K) : norcx_m5tm1 has 0 polygons
2026-03-30 16:01:44 +0200: Memory Usage (491052K) : norcx_m5tm2 has 0 polygons
2026-03-30 16:01:44 +0200: Memory Usage (491052K) : norcx_tm1tm2 has 0 polygons
2026-03-30 16:01:44 +0200: Memory Usage (491052K) : norcx_m1sub has 0 polygons
2026-03-30 16:01:44 +0200: Memory Usage (491052K) : norcx_m2sub has 0 polygons
2026-03-30 16:01:44 +0200: Memory Usage (491052K) : norcx_m3sub has 0 polygons
2026-03-30 16:01:44 +0200: Memory Usage (491052K) : norcx_m4sub has 0 polygons
2026-03-30 16:01:44 +0200: Memory Usage (491052K) : norcx_m5sub has 0 polygons
2026-03-30 16:01:44 +0200: Memory Usage (491052K) : norcx_tm1sub has 0 polygons
2026-03-30 16:01:44 +0200: Memory Usage (491052K) : norcx_tm2sub has 0 polygons
2026-03-30 16:01:44 +0200: Memory Usage (491052K) : snsbotvia_drw has 0 polygons
2026-03-30 16:01:44 +0200: Memory Usage (491052K) : snstopvia_drw has 0 polygons
2026-03-30 16:01:44 +0200: Memory Usage (491052K) : deepvia_drw has 0 polygons
2026-03-30 16:01:44 +0200: Memory Usage (491052K) : fgetch_drw has 0 polygons
2026-03-30 16:01:44 +0200: Memory Usage (491052K) : ctrgat_drw has 0 polygons
2026-03-30 16:01:44 +0200: Memory Usage (491052K) : fgimp_drw has 0 polygons
2026-03-30 16:01:44 +0200: Memory Usage (491052K) : emwihv_drw has 0 polygons
2026-03-30 16:01:44 +0200: Memory Usage (491052K) : lbe_drw has 0 polygons
2026-03-30 16:01:44 +0200: Memory Usage (491052K) : alcustop_drw has 0 polygons
2026-03-30 16:01:45 +0200: Memory Usage (491052K) : nometfiller_drw has 0 polygons
2026-03-30 16:01:45 +0200: Memory Usage (491052K) : prboundary_drw has 0 polygons
2026-03-30 16:01:45 +0200: Memory Usage (491052K) : exchange0_drw has 0 polygons
2026-03-30 16:01:45 +0200: Memory Usage (491052K) : exchange0_pin has 0 polygons
2026-03-30 16:01:45 +0200: Memory Usage (491052K) : exchange0_text has 0 polygons
2026-03-30 16:01:45 +0200: Memory Usage (491052K) : exchange1_drw has 0 polygons
2026-03-30 16:01:45 +0200: Memory Usage (491052K) : exchange1_pin has 0 polygons
2026-03-30 16:01:45 +0200: Memory Usage (491052K) : exchange1_text has 0 polygons
2026-03-30 16:01:45 +0200: Memory Usage (491052K) : exchange2_drw has 0 polygons
2026-03-30 16:01:45 +0200: Memory Usage (491052K) : exchange2_pin has 0 polygons
2026-03-30 16:01:45 +0200: Memory Usage (491052K) : exchange2_text has 0 polygons
2026-03-30 16:01:45 +0200: Memory Usage (491052K) : exchange3_drw has 0 polygons
2026-03-30 16:01:45 +0200: Memory Usage (491052K) : exchange3_pin has 0 polygons
2026-03-30 16:01:45 +0200: Memory Usage (491052K) : exchange3_text has 0 polygons
2026-03-30 16:01:45 +0200: Memory Usage (491052K) : exchange4_drw has 0 polygons
2026-03-30 16:01:45 +0200: Memory Usage (491052K) : exchange4_pin has 0 polygons
2026-03-30 16:01:45 +0200: Memory Usage (491052K) : exchange4_text has 0 polygons
2026-03-30 16:01:45 +0200: Memory Usage (491052K) : isonwell_drw has 0 polygons
2026-03-30 16:01:45 +0200: Memory Usage (491052K) : Total no. of polygons in the design is 20378830
2026-03-30 16:01:45 +0200: Memory Usage (491052K) : Loaded TECH DRC rules values from /home/syndace/Projects/IHP-Open-PDK/ihp-sg13cmos5l/libs.tech/klayout/python/sg13cmos5l_pycell_lib/sg13cmos5l_tech_mod.json
2026-03-30 16:01:45 +0200: Memory Usage (491052K) : Loaded default DRC rules values from /home/syndace/Projects/IHP-Open-PDK/ihp-sg13cmos5l/libs.tech/klayout/tech/drc/rule_decks/sg13cmos5l_tech_default.json
2026-03-30 16:01:45 +0200: Memory Usage (502828K) : Total area of the design is 3240000.0 um^2.
2026-03-30 16:01:45 +0200: Memory Usage (502828K) : The design dimensions are 1800.0 um * 1800.0 um.
2026-03-30 16:01:45 +0200: Memory Usage (502828K) : Starting general IHP-SG13CMOS5L derivations.
2026-03-30 16:01:45 +0200: Memory Usage (502828K) : Starting Pwell derivations
2026-03-30 16:01:48 +0200: Memory Usage (573644K) : Starting IHP-SG13CMOS5L DRC rules.
2026-03-30 16:01:48 +0200: Memory Usage (573644K) : Starting 6.10 Sealring table
2026-03-30 16:01:48 +0200: Memory Usage (573644K) : Tiling mode is enabled for Seal.l rule.
2026-03-30 16:01:48 +0200: Memory Usage (573644K) : Executing rule Seal.l
2026-03-30 16:02:43 +0200: Memory Usage (940988K) : deep mode is enabled after Seal.l rule.
2026-03-30 16:02:43 +0200: Memory Usage (940988K) : Executing rule Seal.n
2026-03-30 16:02:43 +0200: Memory Usage (940988K) : Executing rule seal.b_metal1
2026-03-30 16:03:01 +0200: Memory Usage (979008K) : Executing rule seal.b_metal2
2026-03-30 16:03:02 +0200: Memory Usage (988800K) : Executing rule seal.b_metal3
2026-03-30 16:03:02 +0200: Memory Usage (993216K) : Executing rule seal.b_metal4
2026-03-30 16:03:03 +0200: Memory Usage (993792K) : Executing rule seal.b_topmetal1
2026-03-30 16:03:03 +0200: Memory Usage (994176K) : Executing rule seal.b_activ
2026-03-30 16:03:04 +0200: Memory Usage (997632K) : Executing rule seal.b_psd
2026-03-30 16:03:04 +0200: Memory Usage (997632K) : Executing rule Seal.k
2026-03-30 16:03:05 +0200: Memory Usage (1023608K) : Executing rule Seal.m
2026-03-30 16:03:05 +0200: Memory Usage (1023608K) : KLayout DRC run for tables 'sealring' completed in 97.17 seconds
