# Logfile created on 2026-03-30 16:00:50 +0200 by logger.rb/v1.6.4
2026-03-30 16:00:50 +0200: Memory Usage (367288K) : Starting running IHP-SG13CMOS5L Klayout DRC Density runset on /home/syndace/Projects/IHP__RISCV2617/release/v.1.0.0/gds/RISCV2617.gds.gz
2026-03-30 16:00:50 +0200: Memory Usage (367288K) : Ruby Version for klayout: 3.4.8
2026-03-30 16:00:51 +0200: Memory Usage (461960K) : Loading database to memory is complete.
2026-03-30 16:00:51 +0200: Memory Usage (461960K) : IHP-SG13CMOS5L Klayout DRC Density runset output at: /home/syndace/Projects/IHP__RISCV2617/drc_run_RISCV2617/RISCV2617.gds_RISCV2617_density.lyrdb
2026-03-30 16:00:51 +0200: Memory Usage (461960K) : Evaluate switches.
2026-03-30 16:00:51 +0200: Memory Usage (461960K) : Configured KLayout worker thread(s): 12.
2026-03-30 16:00:51 +0200: Memory Usage (461960K) : Deep mode enabled: reading layers and preparing general derivations.
2026-03-30 16:00:51 +0200: Memory Usage (461960K) : PreCheck DRC enabled: false
2026-03-30 16:00:51 +0200: Memory Usage (461960K) : Density sanity checks enabled: false
2026-03-30 16:00:51 +0200: Memory Usage (461960K) : Read in polygons from layers.
2026-03-30 16:00:51 +0200: Memory Usage (476376K) : activ_drw has 1345255 polygons
2026-03-30 16:00:51 +0200: Memory Usage (476376K) : activ_mask has 0 polygons
2026-03-30 16:00:51 +0200: Memory Usage (476376K) : activ_filler has 37143 polygons
2026-03-30 16:00:51 +0200: Memory Usage (476376K) : gatpoly_drw has 1156047 polygons
2026-03-30 16:00:51 +0200: Memory Usage (476376K) : gatpoly_filler has 37143 polygons
2026-03-30 16:00:52 +0200: Memory Usage (476568K) : metal1_drw has 2301922 polygons
2026-03-30 16:00:52 +0200: Memory Usage (476568K) : metal1_filler has 52221 polygons
2026-03-30 16:00:52 +0200: Memory Usage (476568K) : metal1_slit has 0 polygons
2026-03-30 16:00:52 +0200: Memory Usage (480792K) : metal2_drw has 1067535 polygons
2026-03-30 16:00:52 +0200: Memory Usage (480792K) : metal2_filler has 85891 polygons
2026-03-30 16:00:52 +0200: Memory Usage (480792K) : metal2_slit has 0 polygons
2026-03-30 16:00:53 +0200: Memory Usage (480792K) : metal3_drw has 452163 polygons
2026-03-30 16:00:53 +0200: Memory Usage (480792K) : metal3_filler has 40624 polygons
2026-03-30 16:00:53 +0200: Memory Usage (480792K) : metal3_slit has 0 polygons
2026-03-30 16:00:53 +0200: Memory Usage (480792K) : metal4_drw has 46010 polygons
2026-03-30 16:00:53 +0200: Memory Usage (480792K) : metal4_filler has 56752 polygons
2026-03-30 16:00:53 +0200: Memory Usage (480792K) : metal4_slit has 0 polygons
2026-03-30 16:00:53 +0200: Memory Usage (480792K) : topmetal1_drw has 3390 polygons
2026-03-30 16:00:54 +0200: Memory Usage (480792K) : topmetal1_filler has 9719 polygons
2026-03-30 16:00:54 +0200: Memory Usage (480792K) : topmetal1_slit has 0 polygons
2026-03-30 16:00:54 +0200: Memory Usage (480792K) : lbe_drw has 0 polygons
2026-03-30 16:00:54 +0200: Memory Usage (480792K) : prboundary_drw has 0 polygons
2026-03-30 16:00:54 +0200: Memory Usage (480792K) : edgeseal_bound has 1 polygons
2026-03-30 16:00:54 +0200: Memory Usage (480792K) : Loaded TECH DRC rules values from /home/syndace/Projects/IHP-Open-PDK/ihp-sg13cmos5l/libs.tech/klayout/python/sg13cmos5l_pycell_lib/sg13cmos5l_tech_mod.json
2026-03-30 16:00:54 +0200: Memory Usage (480792K) : Loaded default DRC rules values from /home/syndace/Projects/IHP-Open-PDK/ihp-sg13cmos5l/libs.tech/klayout/tech/drc/rule_decks/sg13cmos5l_tech_default.json
2026-03-30 16:00:54 +0200: Memory Usage (483392K) : Density sanity markers are disabled (set -rd density_sanity=true to enable).
2026-03-30 16:00:54 +0200: Memory Usage (491456K) : Using EdgeSeal.boundary (39/4) for chip area: 3240000.0 um^2.
2026-03-30 16:00:54 +0200: Memory Usage (491456K) : Using bbox (0,0;1800,1800) for density window origin.
2026-03-30 16:00:54 +0200: Memory Usage (491456K) : Total area of the design is 3240000.0 um^2.
2026-03-30 16:00:54 +0200: Memory Usage (491456K) : Starting density IHP-SG13CMOS5L derivations.
2026-03-30 16:00:56 +0200: Memory Usage (491456K) : Starting IHP-SG13CMOS5L DENSITY DRC rules.
2026-03-30 16:00:56 +0200: Memory Usage (491456K) : Computing activ area and density...
2026-03-30 16:01:17 +0200: Memory Usage (536960K) : Executing rule AFil.g
2026-03-30 16:01:17 +0200: Memory Usage (536960K) : Executing rule AFil.g1
2026-03-30 16:01:17 +0200: Memory Usage (536960K) : Executing rule AFil.g2
2026-03-30 16:01:45 +0200: Memory Usage (855664K) : Executing rule AFil.g3
2026-03-30 16:02:12 +0200: Memory Usage (959136K) : Computing poly area and density...
2026-03-30 16:02:13 +0200: Memory Usage (959136K) : Executing rule GFil.g
2026-03-30 16:02:13 +0200: Memory Usage (959136K) : Computing metal1 area and density...
2026-03-30 16:02:42 +0200: Memory Usage (1008864K) : Executing rule M1.j
2026-03-30 16:02:42 +0200: Memory Usage (1008864K) : Executing rule M1.k
2026-03-30 16:02:42 +0200: Memory Usage (1008864K) : Computing metal2 area and density...
2026-03-30 16:02:51 +0200: Memory Usage (1038624K) : Computing metal3 area and density...
2026-03-30 16:02:55 +0200: Memory Usage (1038624K) : Computing metal4 area and density...
2026-03-30 16:02:56 +0200: Memory Usage (1038624K) : Executing rule M2.j
2026-03-30 16:02:56 +0200: Memory Usage (1038624K) : Executing rule M2.k
2026-03-30 16:02:56 +0200: Memory Usage (1038624K) : Executing rule M3.j
2026-03-30 16:02:56 +0200: Memory Usage (1038624K) : Executing rule M3.k
2026-03-30 16:02:56 +0200: Memory Usage (1038624K) : Executing rule M4.j
2026-03-30 16:02:56 +0200: Memory Usage (1038624K) : Executing rule M4.k
2026-03-30 16:02:56 +0200: Memory Usage (1038624K) : Executing rule M1Fil.h
2026-03-30 16:03:32 +0200: Memory Usage (1040264K) : Executing rule M1Fil.k
2026-03-30 16:04:07 +0200: Memory Usage (1012504K) : Executing rule M2Fil.h
2026-03-30 16:04:18 +0200: Memory Usage (1087444K) : Executing rule M2Fil.k
2026-03-30 16:04:29 +0200: Memory Usage (1068500K) : Executing rule M3Fil.h
2026-03-30 16:04:34 +0200: Memory Usage (1087500K) : Executing rule M3Fil.k
2026-03-30 16:04:39 +0200: Memory Usage (1087500K) : Executing rule M4Fil.h
2026-03-30 16:04:40 +0200: Memory Usage (1087680K) : Executing rule M4Fil.k
2026-03-30 16:04:42 +0200: Memory Usage (1087272K) : Computing TopMetal1 area and density...
2026-03-30 16:04:42 +0200: Memory Usage (1087272K) : Executing rule TM1.c
2026-03-30 16:04:42 +0200: Memory Usage (1087272K) : Executing rule TM1.d
2026-03-30 16:04:42 +0200: Memory Usage (1087272K) : Computing LBE area and density...
2026-03-30 16:04:42 +0200: Memory Usage (1087272K) : Executing rule LBE.i
2026-03-30 16:04:42 +0200: Memory Usage (1087272K) : Executing rule Slt.i_M1
2026-03-30 16:05:19 +0200: Memory Usage (1087272K) : Executing rule Slt.i_M2
2026-03-30 16:05:28 +0200: Memory Usage (1107048K) : Executing rule Slt.i_M3
2026-03-30 16:05:33 +0200: Memory Usage (1107048K) : Executing rule Slt.i_M4
2026-03-30 16:05:33 +0200: Memory Usage (1107048K) : Executing rule Slt.i_TM1
2026-03-30 16:05:34 +0200: Memory Usage (1107048K) : ##################################################
2026-03-30 16:05:34 +0200: Memory Usage (1107048K) :                  Density Report                 #
2026-03-30 16:05:34 +0200: Memory Usage (1107048K) : ##################################################
2026-03-30 16:05:34 +0200: Memory Usage (1107048K) : 
2026-03-30 16:05:34 +0200: Memory Usage (1107048K) : Layer areas and percentages (units: um^2)
2026-03-30 16:05:34 +0200: Memory Usage (1107048K) : --------------------------------------------------
2026-03-30 16:05:34 +0200: Memory Usage (1107048K) : 
2026-03-30 16:05:34 +0200: Memory Usage (1107048K) : Total Area     = 3240000.00 um^2
2026-03-30 16:05:34 +0200: Memory Usage (1107048K) : 
2026-03-30 16:05:34 +0200: Memory Usage (1107048K) : Activ      Area      = 1501184.84 um^2
2026-03-30 16:05:34 +0200: Memory Usage (1107048K) : Activ      Density % = 46.33%  [Min = 35.00%,  Max = 55.00%]
2026-03-30 16:05:34 +0200: Memory Usage (1107048K) : 
2026-03-30 16:05:34 +0200: Memory Usage (1107048K) : GatPoly    Area      = 598451.71 um^2
2026-03-30 16:05:34 +0200: Memory Usage (1107048K) : GatPoly    Density % = 18.47%  [Min = 15.00%]
2026-03-30 16:05:34 +0200: Memory Usage (1107048K) : 
2026-03-30 16:05:34 +0200: Memory Usage (1107048K) : Metal1     Area      = 1548892.25 um^2
2026-03-30 16:05:34 +0200: Memory Usage (1107048K) : Metal1     Density % = 47.81%  [Min = 35.00%,  Max = 60.00%]
2026-03-30 16:05:34 +0200: Memory Usage (1107048K) : 
2026-03-30 16:05:34 +0200: Memory Usage (1107048K) : Metal2     Area      = 1179236.81 um^2
2026-03-30 16:05:34 +0200: Memory Usage (1107048K) : Metal2     Density % = 36.40%  [Min = 35.00%,  Max = 60.00%]
2026-03-30 16:05:34 +0200: Memory Usage (1107048K) : 
2026-03-30 16:05:34 +0200: Memory Usage (1107048K) : Metal3     Area      = 1502175.14 um^2
2026-03-30 16:05:34 +0200: Memory Usage (1107048K) : Metal3     Density % = 46.36%  [Min = 35.00%,  Max = 60.00%]
2026-03-30 16:05:34 +0200: Memory Usage (1107048K) : 
2026-03-30 16:05:34 +0200: Memory Usage (1107048K) : Metal4     Area      = 1625095.15 um^2
2026-03-30 16:05:34 +0200: Memory Usage (1107048K) : Metal4     Density % = 50.16%  [Min = 35.00%,  Max = 60.00%]
2026-03-30 16:05:34 +0200: Memory Usage (1107048K) : 
2026-03-30 16:05:34 +0200: Memory Usage (1107048K) : TopMetal1  Area      = 1420908.63 um^2
2026-03-30 16:05:34 +0200: Memory Usage (1107048K) : TopMetal1  Density % = 43.86%  [Min = 25.00%,  Max = 70.00%]
2026-03-30 16:05:34 +0200: Memory Usage (1107048K) : 
2026-03-30 16:05:34 +0200: Memory Usage (1107048K) : LBE        Area      =  0.00 um^2
2026-03-30 16:05:34 +0200: Memory Usage (1107048K) : LBE        Density % =  0.00%  [Max = 20.00%]
2026-03-30 16:05:34 +0200: Memory Usage (1107048K) : 
2026-03-30 16:05:34 +0200: Memory Usage (1107048K) : KLayout DRC run for density table completed in 283.85 seconds
