# Logfile created on 2026-03-30 16:02:01 +0200 by logger.rb/v1.6.4
2026-03-30 16:02:01 +0200: Memory Usage (369724K) : Starting running IHP-SG13CMOS5L KLayout DRC runset on /home/syndace/Projects/IHP__RISCV2617/release/v.1.0.0/gds/RISCV2617.gds.gz
2026-03-30 16:02:01 +0200: Memory Usage (369724K) : Ruby Version for klayout: 3.4.8
2026-03-30 16:02:02 +0200: Memory Usage (462000K) : Loading database to memory is complete.
2026-03-30 16:02:02 +0200: Memory Usage (462000K) : IHP-SG13CMOS5L KLayout DRC runset output at: /home/syndace/Projects/IHP__RISCV2617/drc_run_RISCV2617/RISCV2617.gds_RISCV2617_forbidden.lyrdb
2026-03-30 16:02:02 +0200: Memory Usage (462000K) : Evaluate switches.
2026-03-30 16:02:02 +0200: Memory Usage (462000K) : tables selected: forbidden
2026-03-30 16:02:02 +0200: Memory Usage (462000K) : KLayout will use 12 thread(s) in tiled mode.
2026-03-30 16:02:02 +0200: Memory Usage (462000K) : deep mode is enabled.
2026-03-30 16:02:02 +0200: Memory Usage (462000K) : FEOL enabled: false
2026-03-30 16:02:02 +0200: Memory Usage (462000K) : BEOL enabled: false
2026-03-30 16:02:02 +0200: Memory Usage (462000K) : OFFGRID enabled: true
2026-03-30 16:02:02 +0200: Memory Usage (462000K) : ANGLE enabled: true
2026-03-30 16:02:02 +0200: Memory Usage (462000K) : PIN enabled: false
2026-03-30 16:02:02 +0200: Memory Usage (462000K) : FORBIDDEN enabled: false
2026-03-30 16:02:02 +0200: Memory Usage (462000K) : RECOMMENDED enabled: true
2026-03-30 16:02:02 +0200: Memory Usage (462000K) : PreCheck DRC enabled: false
2026-03-30 16:02:02 +0200: Memory Usage (462000K) : CONNECTIVITY_RULES enabled: false.
2026-03-30 16:02:02 +0200: Memory Usage (462000K) : Read in polygons from layers.
2026-03-30 16:02:03 +0200: Memory Usage (476416K) : activ_drw has 1345255 polygons
2026-03-30 16:02:03 +0200: Memory Usage (476416K) : activ_pin has 0 polygons
2026-03-30 16:02:03 +0200: Memory Usage (476416K) : activ_mask has 0 polygons
2026-03-30 16:02:03 +0200: Memory Usage (476416K) : activ_filler has 37143 polygons
2026-03-30 16:02:03 +0200: Memory Usage (476416K) : activ_nofill has 0 polygons
2026-03-30 16:02:03 +0200: Memory Usage (476416K) : activ_opc has 0 polygons
2026-03-30 16:02:03 +0200: Memory Usage (476416K) : activ_iopc has 0 polygons
2026-03-30 16:02:03 +0200: Memory Usage (476416K) : activ_noqrc has 0 polygons
2026-03-30 16:02:03 +0200: Memory Usage (476416K) : biwind_drw has 0 polygons
2026-03-30 16:02:03 +0200: Memory Usage (476416K) : biwind_opc has 0 polygons
2026-03-30 16:02:03 +0200: Memory Usage (476416K) : pemwind_drw has 0 polygons
2026-03-30 16:02:03 +0200: Memory Usage (476416K) : gatpoly_drw has 1156047 polygons
2026-03-30 16:02:03 +0200: Memory Usage (476416K) : gatpoly_pin has 0 polygons
2026-03-30 16:02:03 +0200: Memory Usage (476416K) : gatpoly_filler has 37143 polygons
2026-03-30 16:02:04 +0200: Memory Usage (476416K) : gatpoly_nofill has 0 polygons
2026-03-30 16:02:04 +0200: Memory Usage (476416K) : gatpoly_opc has 0 polygons
2026-03-30 16:02:04 +0200: Memory Usage (476416K) : gatpoly_iopc has 0 polygons
2026-03-30 16:02:04 +0200: Memory Usage (476416K) : gatpoly_noqrc has 0 polygons
2026-03-30 16:02:04 +0200: Memory Usage (485440K) : cont_drw has 7660295 polygons
2026-03-30 16:02:05 +0200: Memory Usage (485440K) : cont_opc has 0 polygons
2026-03-30 16:02:05 +0200: Memory Usage (485440K) : nsd_drw has 0 polygons
2026-03-30 16:02:05 +0200: Memory Usage (485440K) : nsd_block has 0 polygons
2026-03-30 16:02:05 +0200: Memory Usage (485632K) : metal1_drw has 2301922 polygons
2026-03-30 16:02:05 +0200: Memory Usage (485632K) : metal1_pin has 257060 polygons
2026-03-30 16:02:05 +0200: Memory Usage (485632K) : metal1_mask has 0 polygons
2026-03-30 16:02:05 +0200: Memory Usage (485632K) : metal1_filler has 52221 polygons
2026-03-30 16:02:05 +0200: Memory Usage (485632K) : metal1_nofill has 0 polygons
2026-03-30 16:02:05 +0200: Memory Usage (485632K) : metal1_slit has 0 polygons
2026-03-30 16:02:05 +0200: Memory Usage (485884K) : metal1_text has 224260 polygons
2026-03-30 16:02:06 +0200: Memory Usage (485884K) : metal1_opc has 0 polygons
2026-03-30 16:02:06 +0200: Memory Usage (485884K) : metal1_noqrc has 0 polygons
2026-03-30 16:02:06 +0200: Memory Usage (485884K) : metal1_res has 48 polygons
2026-03-30 16:02:06 +0200: Memory Usage (485884K) : metal1_iprobe has 0 polygons
2026-03-30 16:02:06 +0200: Memory Usage (485884K) : metal1_diffprb has 0 polygons
2026-03-30 16:02:06 +0200: Memory Usage (485884K) : passiv_drw has 44 polygons
2026-03-30 16:02:06 +0200: Memory Usage (485884K) : passiv_pin has 0 polygons
2026-03-30 16:02:06 +0200: Memory Usage (485884K) : passiv_sbump has 0 polygons
2026-03-30 16:02:06 +0200: Memory Usage (485884K) : passiv_pillar has 0 polygons
2026-03-30 16:02:06 +0200: Memory Usage (485884K) : passiv_pdl has 0 polygons
2026-03-30 16:02:07 +0200: Memory Usage (491068K) : metal2_drw has 1067535 polygons
2026-03-30 16:02:07 +0200: Memory Usage (491068K) : metal2_pin has 742134 polygons
2026-03-30 16:02:07 +0200: Memory Usage (491068K) : metal2_mask has 0 polygons
2026-03-30 16:02:07 +0200: Memory Usage (491068K) : metal2_filler has 85891 polygons
2026-03-30 16:02:07 +0200: Memory Usage (491068K) : metal2_nofill has 0 polygons
2026-03-30 16:02:07 +0200: Memory Usage (491068K) : metal2_slit has 0 polygons
2026-03-30 16:02:08 +0200: Memory Usage (491068K) : metal2_text has 478838 polygons
2026-03-30 16:02:08 +0200: Memory Usage (491068K) : metal2_opc has 0 polygons
2026-03-30 16:02:08 +0200: Memory Usage (491068K) : metal2_noqrc has 0 polygons
2026-03-30 16:02:08 +0200: Memory Usage (491068K) : metal2_res has 131136 polygons
2026-03-30 16:02:08 +0200: Memory Usage (491068K) : metal2_iprobe has 0 polygons
2026-03-30 16:02:08 +0200: Memory Usage (491068K) : metal2_diffprb has 0 polygons
2026-03-30 16:02:08 +0200: Memory Usage (491068K) : baspoly_drw has 0 polygons
2026-03-30 16:02:08 +0200: Memory Usage (491068K) : baspoly_pin has 0 polygons
2026-03-30 16:02:08 +0200: Memory Usage (491068K) : psd_drw has 316903 polygons
2026-03-30 16:02:08 +0200: Memory Usage (491068K) : nldb_drw has 0 polygons
2026-03-30 16:02:09 +0200: Memory Usage (491068K) : digibnd_drw has 84684 polygons
2026-03-30 16:02:09 +0200: Memory Usage (491068K) : via1_drw has 882711 polygons
2026-03-30 16:02:09 +0200: Memory Usage (491068K) : backmetal1_drw has 0 polygons
2026-03-30 16:02:09 +0200: Memory Usage (491068K) : backmetal1_pin has 0 polygons
2026-03-30 16:02:09 +0200: Memory Usage (491068K) : backmetal1_mask has 0 polygons
2026-03-30 16:02:09 +0200: Memory Usage (491068K) : backmetal1_filler has 0 polygons
2026-03-30 16:02:09 +0200: Memory Usage (491068K) : backmetal1_nofill has 0 polygons
2026-03-30 16:02:09 +0200: Memory Usage (491068K) : backmetal1_slit has 0 polygons
2026-03-30 16:02:09 +0200: Memory Usage (491068K) : backmetal1_text has 0 polygons
2026-03-30 16:02:09 +0200: Memory Usage (491068K) : backmetal1_opc has 0 polygons
2026-03-30 16:02:09 +0200: Memory Usage (491068K) : backmetal1_noqrc has 0 polygons
2026-03-30 16:02:09 +0200: Memory Usage (491068K) : backmetal1_res has 0 polygons
2026-03-30 16:02:09 +0200: Memory Usage (491068K) : backmetal1_iprobe has 0 polygons
2026-03-30 16:02:09 +0200: Memory Usage (491068K) : backmetal1_diffprb has 0 polygons
2026-03-30 16:02:09 +0200: Memory Usage (491068K) : backpassiv_drw has 0 polygons
2026-03-30 16:02:09 +0200: Memory Usage (491068K) : res_drw has 0 polygons
2026-03-30 16:02:09 +0200: Memory Usage (491068K) : sram_drw has 76032 polygons
2026-03-30 16:02:09 +0200: Memory Usage (491068K) : trans_drw has 0 polygons
2026-03-30 16:02:10 +0200: Memory Usage (491068K) : ind_drw has 0 polygons
2026-03-30 16:02:10 +0200: Memory Usage (491068K) : ind_pin has 0 polygons
2026-03-30 16:02:10 +0200: Memory Usage (491068K) : ind_text has 0 polygons
2026-03-30 16:02:10 +0200: Memory Usage (491068K) : salblock_drw has 20 polygons
2026-03-30 16:02:10 +0200: Memory Usage (491068K) : via2_drw has 590378 polygons
2026-03-30 16:02:10 +0200: Memory Usage (491068K) : metal3_drw has 452163 polygons
2026-03-30 16:02:10 +0200: Memory Usage (491068K) : metal3_pin has 349323 polygons
2026-03-30 16:02:10 +0200: Memory Usage (491068K) : metal3_mask has 0 polygons
2026-03-30 16:02:11 +0200: Memory Usage (491068K) : metal3_filler has 40624 polygons
2026-03-30 16:02:11 +0200: Memory Usage (491068K) : metal3_nofill has 0 polygons
2026-03-30 16:02:11 +0200: Memory Usage (491068K) : metal3_slit has 0 polygons
2026-03-30 16:02:11 +0200: Memory Usage (491068K) : metal3_text has 207243 polygons
2026-03-30 16:02:11 +0200: Memory Usage (491068K) : metal3_opc has 0 polygons
2026-03-30 16:02:11 +0200: Memory Usage (491068K) : metal3_noqrc has 0 polygons
2026-03-30 16:02:11 +0200: Memory Usage (491068K) : metal3_res has 66304 polygons
2026-03-30 16:02:11 +0200: Memory Usage (491068K) : metal3_iprobe has 0 polygons
2026-03-30 16:02:11 +0200: Memory Usage (491068K) : metal3_diffprb has 0 polygons
2026-03-30 16:02:11 +0200: Memory Usage (491068K) : nwell_drw has 226877 polygons
2026-03-30 16:02:12 +0200: Memory Usage (491068K) : nwell_pin has 0 polygons
2026-03-30 16:02:12 +0200: Memory Usage (491068K) : nbulay_drw has 0 polygons
2026-03-30 16:02:12 +0200: Memory Usage (491068K) : nbulay_pin has 0 polygons
2026-03-30 16:02:12 +0200: Memory Usage (491068K) : nbulay_block has 0 polygons
2026-03-30 16:02:12 +0200: Memory Usage (491068K) : emwind_drw has 0 polygons
2026-03-30 16:02:12 +0200: Memory Usage (491068K) : emwind_opc has 0 polygons
2026-03-30 16:02:12 +0200: Memory Usage (491068K) : deepco_drw has 0 polygons
2026-03-30 16:02:12 +0200: Memory Usage (491068K) : deepco_drw has 0 polygons
2026-03-30 16:02:12 +0200: Memory Usage (491068K) : mim_drw has 0 polygons
2026-03-30 16:02:12 +0200: Memory Usage (491068K) : edgeseal_drw has 24 polygons
2026-03-30 16:02:12 +0200: Memory Usage (491068K) : edgeseal_bound has 1 polygons
2026-03-30 16:02:12 +0200: Memory Usage (491068K) : substrate_drw has 966 polygons
2026-03-30 16:02:12 +0200: Memory Usage (491068K) : substrate_text has 0 polygons
2026-03-30 16:02:13 +0200: Memory Usage (491068K) : dfpad_drw has 32 polygons
2026-03-30 16:02:13 +0200: Memory Usage (491068K) : dfpad_pillar has 0 polygons
2026-03-30 16:02:13 +0200: Memory Usage (491068K) : dfpad_sbump has 0 polygons
2026-03-30 16:02:13 +0200: Memory Usage (491068K) : thickgateox_drw has 64 polygons
2026-03-30 16:02:13 +0200: Memory Usage (491068K) : pldb_drw has 0 polygons
2026-03-30 16:02:13 +0200: Memory Usage (491068K) : pwell_drw has 0 polygons
2026-03-30 16:02:13 +0200: Memory Usage (491068K) : pwell_pin has 0 polygons
2026-03-30 16:02:13 +0200: Memory Usage (491068K) : pwell_block has 0 polygons
2026-03-30 16:02:13 +0200: Memory Usage (491068K) : ic_drw has 0 polygons
2026-03-30 16:02:13 +0200: Memory Usage (491068K) : via3_drw has 443767 polygons
2026-03-30 16:02:14 +0200: Memory Usage (491068K) : metal4_drw has 46010 polygons
2026-03-30 16:02:14 +0200: Memory Usage (491068K) : metal4_pin has 1494 polygons
2026-03-30 16:02:14 +0200: Memory Usage (491068K) : metal4_mask has 0 polygons
2026-03-30 16:02:14 +0200: Memory Usage (491068K) : metal4_filler has 56752 polygons
2026-03-30 16:02:14 +0200: Memory Usage (491068K) : metal4_nofill has 0 polygons
2026-03-30 16:02:14 +0200: Memory Usage (491068K) : metal4_slit has 0 polygons
2026-03-30 16:02:14 +0200: Memory Usage (491068K) : metal4_text has 1409 polygons
2026-03-30 16:02:14 +0200: Memory Usage (491068K) : metal4_opc has 0 polygons
2026-03-30 16:02:14 +0200: Memory Usage (491068K) : metal4_noqrc has 0 polygons
2026-03-30 16:02:14 +0200: Memory Usage (491068K) : metal4_res has 0 polygons
2026-03-30 16:02:15 +0200: Memory Usage (491068K) : metal4_iprobe has 0 polygons
2026-03-30 16:02:15 +0200: Memory Usage (491068K) : metal4_diffprb has 0 polygons
2026-03-30 16:02:15 +0200: Memory Usage (491068K) : heattrans_drw has 0 polygons
2026-03-30 16:02:15 +0200: Memory Usage (491068K) : heatres_drw has 0 polygons
2026-03-30 16:02:15 +0200: Memory Usage (491068K) : pempoly_drw has 0 polygons
2026-03-30 16:02:15 +0200: Memory Usage (491068K) : fbe_drw has 0 polygons
2026-03-30 16:02:15 +0200: Memory Usage (491068K) : empoly_drw has 0 polygons
2026-03-30 16:02:15 +0200: Memory Usage (491068K) : ldmos_drw has 0 polygons
2026-03-30 16:02:15 +0200: Memory Usage (491068K) : pbiwind_drw has 0 polygons
2026-03-30 16:02:15 +0200: Memory Usage (491068K) : digisub_drw has 0 polygons
2026-03-30 16:02:15 +0200: Memory Usage (491068K) : nodrc_drw has 0 polygons
2026-03-30 16:02:15 +0200: Memory Usage (491068K) : text_drw has 800794 polygons
2026-03-30 16:02:15 +0200: Memory Usage (491068K) : via4_drw has 0 polygons
2026-03-30 16:02:15 +0200: Memory Usage (491068K) : metal5_drw has 0 polygons
2026-03-30 16:02:15 +0200: Memory Usage (491068K) : metal5_pin has 0 polygons
2026-03-30 16:02:15 +0200: Memory Usage (491068K) : metal5_mask has 0 polygons
2026-03-30 16:02:15 +0200: Memory Usage (491068K) : metal5_filler has 0 polygons
2026-03-30 16:02:15 +0200: Memory Usage (491068K) : metal5_nofill has 0 polygons
2026-03-30 16:02:15 +0200: Memory Usage (491068K) : metal5_slit has 0 polygons
2026-03-30 16:02:15 +0200: Memory Usage (491068K) : metal5_text has 0 polygons
2026-03-30 16:02:16 +0200: Memory Usage (491068K) : metal5_opc has 0 polygons
2026-03-30 16:02:16 +0200: Memory Usage (491068K) : metal5_noqrc has 0 polygons
2026-03-30 16:02:16 +0200: Memory Usage (491068K) : metal5_res has 0 polygons
2026-03-30 16:02:16 +0200: Memory Usage (491068K) : metal5_iprobe has 0 polygons
2026-03-30 16:02:16 +0200: Memory Usage (491068K) : metal5_diffprb has 0 polygons
2026-03-30 16:02:16 +0200: Memory Usage (491068K) : radhard_drw has 0 polygons
2026-03-30 16:02:16 +0200: Memory Usage (491068K) : memcap_drw has 0 polygons
2026-03-30 16:02:16 +0200: Memory Usage (491068K) : varicap_drw has 0 polygons
2026-03-30 16:02:16 +0200: Memory Usage (491068K) : flash_drw has 0 polygons
2026-03-30 16:02:16 +0200: Memory Usage (491068K) : intbondvia_drw has 0 polygons
2026-03-30 16:02:16 +0200: Memory Usage (491068K) : intbondmet_drw has 0 polygons
2026-03-30 16:02:16 +0200: Memory Usage (491068K) : devbondvia_drw has 0 polygons
2026-03-30 16:02:16 +0200: Memory Usage (491068K) : devbondmet_drw has 0 polygons
2026-03-30 16:02:16 +0200: Memory Usage (491068K) : devtrench_drw has 0 polygons
2026-03-30 16:02:16 +0200: Memory Usage (491068K) : redist_drw has 0 polygons
2026-03-30 16:02:16 +0200: Memory Usage (491068K) : graphbot_drw has 0 polygons
2026-03-30 16:02:16 +0200: Memory Usage (491068K) : graphtop_drw has 0 polygons
2026-03-30 16:02:16 +0200: Memory Usage (491068K) : antvia1_drw has 0 polygons
2026-03-30 16:02:16 +0200: Memory Usage (491068K) : antmetal2_drw has 0 polygons
2026-03-30 16:02:16 +0200: Memory Usage (491068K) : graphcont_drw has 0 polygons
2026-03-30 16:02:16 +0200: Memory Usage (491068K) : siwg_drw has 0 polygons
2026-03-30 16:02:16 +0200: Memory Usage (491068K) : siwg_filler has 0 polygons
2026-03-30 16:02:16 +0200: Memory Usage (491068K) : siwg_nofill has 0 polygons
2026-03-30 16:02:16 +0200: Memory Usage (491068K) : sigrating_drw has 0 polygons
2026-03-30 16:02:16 +0200: Memory Usage (491068K) : singrating_drw has 0 polygons
2026-03-30 16:02:16 +0200: Memory Usage (491068K) : graphpas_drw has 0 polygons
2026-03-30 16:02:16 +0200: Memory Usage (491068K) : emwind3_drw has 0 polygons
2026-03-30 16:02:16 +0200: Memory Usage (491068K) : emwihv3_drw has 0 polygons
2026-03-30 16:02:17 +0200: Memory Usage (491068K) : redbulay_drw has 0 polygons
2026-03-30 16:02:17 +0200: Memory Usage (491068K) : smos_drw has 0 polygons
2026-03-30 16:02:17 +0200: Memory Usage (491068K) : graphpad_drw has 0 polygons
2026-03-30 16:02:17 +0200: Memory Usage (491068K) : polimide_drw has 0 polygons
2026-03-30 16:02:17 +0200: Memory Usage (491068K) : polimide_pin has 0 polygons
2026-03-30 16:02:17 +0200: Memory Usage (491068K) : recog_drw has 0 polygons
2026-03-30 16:02:17 +0200: Memory Usage (491068K) : recog_pin has 0 polygons
2026-03-30 16:02:17 +0200: Memory Usage (491068K) : recog_esd has 0 polygons
2026-03-30 16:02:17 +0200: Memory Usage (491068K) : recog_diode has 350 polygons
2026-03-30 16:02:17 +0200: Memory Usage (491068K) : recog_tsv has 0 polygons
2026-03-30 16:02:17 +0200: Memory Usage (491068K) : recog_iprobe has 0 polygons
2026-03-30 16:02:17 +0200: Memory Usage (491068K) : recog_diffprb has 0 polygons
2026-03-30 16:02:17 +0200: Memory Usage (491068K) : recog_pillar has 0 polygons
2026-03-30 16:02:17 +0200: Memory Usage (491068K) : recog_sbump has 0 polygons
2026-03-30 16:02:17 +0200: Memory Usage (491068K) : recog_otp has 0 polygons
2026-03-30 16:02:17 +0200: Memory Usage (491068K) : recog_pdiode has 0 polygons
2026-03-30 16:02:17 +0200: Memory Usage (491068K) : recog_mom has 0 polygons
2026-03-30 16:02:17 +0200: Memory Usage (491068K) : recog_pcm has 0 polygons
2026-03-30 16:02:17 +0200: Memory Usage (491068K) : colopen_drw has 0 polygons
2026-03-30 16:02:17 +0200: Memory Usage (491068K) : graphmetal1_drw has 0 polygons
2026-03-30 16:02:17 +0200: Memory Usage (491068K) : graphmetal1_filler has 0 polygons
2026-03-30 16:02:17 +0200: Memory Usage (491068K) : graphmetal1_nofill has 0 polygons
2026-03-30 16:02:18 +0200: Memory Usage (491068K) : graphmetal1_slit has 0 polygons
2026-03-30 16:02:18 +0200: Memory Usage (491068K) : graphmetal1_opc has 0 polygons
2026-03-30 16:02:18 +0200: Memory Usage (491068K) : graphmet1l_drw has 0 polygons
2026-03-30 16:02:18 +0200: Memory Usage (491068K) : graphmet1l_filler has 0 polygons
2026-03-30 16:02:18 +0200: Memory Usage (491068K) : graphmet1l_nofill has 0 polygons
2026-03-30 16:02:18 +0200: Memory Usage (491068K) : graphmet1l_slit has 0 polygons
2026-03-30 16:02:18 +0200: Memory Usage (491068K) : graphmet1l_opc has 0 polygons
2026-03-30 16:02:18 +0200: Memory Usage (491068K) : extblock_drw has 20 polygons
2026-03-30 16:02:18 +0200: Memory Usage (491068K) : nldd_drw has 0 polygons
2026-03-30 16:02:18 +0200: Memory Usage (491068K) : pldd_drw has 0 polygons
2026-03-30 16:02:18 +0200: Memory Usage (491068K) : next_drw has 0 polygons
2026-03-30 16:02:18 +0200: Memory Usage (491068K) : pext_drw has 0 polygons
2026-03-30 16:02:18 +0200: Memory Usage (491068K) : nexthv_drw has 0 polygons
2026-03-30 16:02:18 +0200: Memory Usage (491068K) : pexthv_drw has 0 polygons
2026-03-30 16:02:18 +0200: Memory Usage (491068K) : graphgate_drw has 0 polygons
2026-03-30 16:02:18 +0200: Memory Usage (491068K) : sinwg_drw has 0 polygons
2026-03-30 16:02:18 +0200: Memory Usage (491068K) : sinwg_filler has 0 polygons
2026-03-30 16:02:18 +0200: Memory Usage (491068K) : sinwg_nofill has 0 polygons
2026-03-30 16:02:18 +0200: Memory Usage (491068K) : mempad_drw has 0 polygons
2026-03-30 16:02:19 +0200: Memory Usage (491068K) : topvia1_drw has 142295 polygons
2026-03-30 16:02:19 +0200: Memory Usage (491068K) : topmetal1_drw has 3390 polygons
2026-03-30 16:02:19 +0200: Memory Usage (491068K) : topmetal1_pin has 795 polygons
2026-03-30 16:02:19 +0200: Memory Usage (491068K) : topmetal1_mask has 0 polygons
2026-03-30 16:02:19 +0200: Memory Usage (491068K) : topmetal1_filler has 9719 polygons
2026-03-30 16:02:19 +0200: Memory Usage (491068K) : topmetal1_nofill has 0 polygons
2026-03-30 16:02:19 +0200: Memory Usage (491068K) : topmetal1_slit has 0 polygons
2026-03-30 16:02:19 +0200: Memory Usage (491068K) : topmetal1_text has 714 polygons
2026-03-30 16:02:19 +0200: Memory Usage (491068K) : topmetal1_noqrc has 0 polygons
2026-03-30 16:02:19 +0200: Memory Usage (491068K) : topmetal1_res has 0 polygons
2026-03-30 16:02:19 +0200: Memory Usage (491068K) : topmetal1_iprobe has 0 polygons
2026-03-30 16:02:19 +0200: Memory Usage (491068K) : topmetal1_diffprb has 0 polygons
2026-03-30 16:02:19 +0200: Memory Usage (491068K) : inldpwl_drw has 0 polygons
2026-03-30 16:02:19 +0200: Memory Usage (491068K) : polyres_drw has 0 polygons
2026-03-30 16:02:19 +0200: Memory Usage (491068K) : polyres_pin has 0 polygons
2026-03-30 16:02:19 +0200: Memory Usage (491068K) : vmim_drw has 0 polygons
2026-03-30 16:02:19 +0200: Memory Usage (491068K) : nbulaycut_drw has 0 polygons
2026-03-30 16:02:19 +0200: Memory Usage (491068K) : antmetal1_drw has 0 polygons
2026-03-30 16:02:19 +0200: Memory Usage (491068K) : topvia2_drw has 0 polygons
2026-03-30 16:02:20 +0200: Memory Usage (491068K) : topmetal2_drw has 0 polygons
2026-03-30 16:02:20 +0200: Memory Usage (491068K) : topmetal2_pin has 0 polygons
2026-03-30 16:02:20 +0200: Memory Usage (491068K) : topmetal2_mask has 0 polygons
2026-03-30 16:02:20 +0200: Memory Usage (491068K) : topmetal2_filler has 0 polygons
2026-03-30 16:02:20 +0200: Memory Usage (491068K) : topmetal2_nofill has 0 polygons
2026-03-30 16:02:20 +0200: Memory Usage (491068K) : topmetal2_slit has 0 polygons
2026-03-30 16:02:20 +0200: Memory Usage (491068K) : topmetal2_text has 0 polygons
2026-03-30 16:02:20 +0200: Memory Usage (491068K) : topmetal2_noqrc has 0 polygons
2026-03-30 16:02:20 +0200: Memory Usage (491068K) : topmetal2_res has 0 polygons
2026-03-30 16:02:20 +0200: Memory Usage (491068K) : topmetal2_iprobe has 0 polygons
2026-03-30 16:02:20 +0200: Memory Usage (491068K) : topmetal2_diffprb has 0 polygons
2026-03-30 16:02:20 +0200: Memory Usage (491068K) : snsring_drw has 0 polygons
2026-03-30 16:02:20 +0200: Memory Usage (491068K) : sensor_drw has 0 polygons
2026-03-30 16:02:20 +0200: Memory Usage (491068K) : snsarms_drw has 0 polygons
2026-03-30 16:02:20 +0200: Memory Usage (491068K) : snscmosvia_drw has 0 polygons
2026-03-30 16:02:20 +0200: Memory Usage (491068K) : colwind_drw has 0 polygons
2026-03-30 16:02:20 +0200: Memory Usage (491068K) : flm_drw has 0 polygons
2026-03-30 16:02:20 +0200: Memory Usage (491068K) : hafniumox_drw has 0 polygons
2026-03-30 16:02:20 +0200: Memory Usage (491068K) : memvia_drw has 0 polygons
2026-03-30 16:02:20 +0200: Memory Usage (491068K) : thinfilmres_drw has 0 polygons
2026-03-30 16:02:20 +0200: Memory Usage (491068K) : rfmem_drw has 0 polygons
2026-03-30 16:02:20 +0200: Memory Usage (491068K) : norcx_drw has 0 polygons
2026-03-30 16:02:20 +0200: Memory Usage (491068K) : norcx_m2m3 has 0 polygons
2026-03-30 16:02:20 +0200: Memory Usage (491068K) : norcx_m2m4 has 0 polygons
2026-03-30 16:02:20 +0200: Memory Usage (491068K) : norcx_m2m5 has 0 polygons
2026-03-30 16:02:20 +0200: Memory Usage (491068K) : norcx_m2tm1 has 0 polygons
2026-03-30 16:02:21 +0200: Memory Usage (491068K) : norcx_m2tm2 has 0 polygons
2026-03-30 16:02:21 +0200: Memory Usage (491068K) : norcx_m3m4 has 0 polygons
2026-03-30 16:02:21 +0200: Memory Usage (491068K) : norcx_m3m5 has 0 polygons
2026-03-30 16:02:21 +0200: Memory Usage (491068K) : norcx_m3tm1 has 0 polygons
2026-03-30 16:02:21 +0200: Memory Usage (491068K) : norcx_m3tm2 has 0 polygons
2026-03-30 16:02:21 +0200: Memory Usage (491068K) : norcx_m4m5 has 0 polygons
2026-03-30 16:02:21 +0200: Memory Usage (491068K) : norcx_m4tm1 has 0 polygons
2026-03-30 16:02:21 +0200: Memory Usage (491068K) : norcx_m4tm2 has 0 polygons
2026-03-30 16:02:21 +0200: Memory Usage (491068K) : norcx_m5tm1 has 0 polygons
2026-03-30 16:02:21 +0200: Memory Usage (491068K) : norcx_m5tm2 has 0 polygons
2026-03-30 16:02:21 +0200: Memory Usage (491068K) : norcx_tm1tm2 has 0 polygons
2026-03-30 16:02:21 +0200: Memory Usage (491068K) : norcx_m1sub has 0 polygons
2026-03-30 16:02:21 +0200: Memory Usage (491068K) : norcx_m2sub has 0 polygons
2026-03-30 16:02:21 +0200: Memory Usage (491068K) : norcx_m3sub has 0 polygons
2026-03-30 16:02:21 +0200: Memory Usage (491068K) : norcx_m4sub has 0 polygons
2026-03-30 16:02:21 +0200: Memory Usage (491068K) : norcx_m5sub has 0 polygons
2026-03-30 16:02:21 +0200: Memory Usage (491068K) : norcx_tm1sub has 0 polygons
2026-03-30 16:02:21 +0200: Memory Usage (491068K) : norcx_tm2sub has 0 polygons
2026-03-30 16:02:21 +0200: Memory Usage (491068K) : snsbotvia_drw has 0 polygons
2026-03-30 16:02:21 +0200: Memory Usage (491068K) : snstopvia_drw has 0 polygons
2026-03-30 16:02:21 +0200: Memory Usage (491068K) : deepvia_drw has 0 polygons
2026-03-30 16:02:21 +0200: Memory Usage (491068K) : fgetch_drw has 0 polygons
2026-03-30 16:02:21 +0200: Memory Usage (491068K) : ctrgat_drw has 0 polygons
2026-03-30 16:02:21 +0200: Memory Usage (491068K) : fgimp_drw has 0 polygons
2026-03-30 16:02:21 +0200: Memory Usage (491068K) : emwihv_drw has 0 polygons
2026-03-30 16:02:21 +0200: Memory Usage (491068K) : lbe_drw has 0 polygons
2026-03-30 16:02:21 +0200: Memory Usage (491068K) : alcustop_drw has 0 polygons
2026-03-30 16:02:21 +0200: Memory Usage (491068K) : nometfiller_drw has 0 polygons
2026-03-30 16:02:21 +0200: Memory Usage (491068K) : prboundary_drw has 0 polygons
2026-03-30 16:02:21 +0200: Memory Usage (491068K) : exchange0_drw has 0 polygons
2026-03-30 16:02:22 +0200: Memory Usage (491068K) : exchange0_pin has 0 polygons
2026-03-30 16:02:22 +0200: Memory Usage (491068K) : exchange0_text has 0 polygons
2026-03-30 16:02:22 +0200: Memory Usage (491068K) : exchange1_drw has 0 polygons
2026-03-30 16:02:22 +0200: Memory Usage (491068K) : exchange1_pin has 0 polygons
2026-03-30 16:02:22 +0200: Memory Usage (491068K) : exchange1_text has 0 polygons
2026-03-30 16:02:22 +0200: Memory Usage (491068K) : exchange2_drw has 0 polygons
2026-03-30 16:02:22 +0200: Memory Usage (491068K) : exchange2_pin has 0 polygons
2026-03-30 16:02:22 +0200: Memory Usage (491068K) : exchange2_text has 0 polygons
2026-03-30 16:02:22 +0200: Memory Usage (491068K) : exchange3_drw has 0 polygons
2026-03-30 16:02:22 +0200: Memory Usage (491068K) : exchange3_pin has 0 polygons
2026-03-30 16:02:22 +0200: Memory Usage (491068K) : exchange3_text has 0 polygons
2026-03-30 16:02:22 +0200: Memory Usage (491068K) : exchange4_drw has 0 polygons
2026-03-30 16:02:22 +0200: Memory Usage (491068K) : exchange4_pin has 0 polygons
2026-03-30 16:02:22 +0200: Memory Usage (491068K) : exchange4_text has 0 polygons
2026-03-30 16:02:22 +0200: Memory Usage (491068K) : isonwell_drw has 0 polygons
2026-03-30 16:02:22 +0200: Memory Usage (491068K) : Total no. of polygons in the design is 20378830
2026-03-30 16:02:22 +0200: Memory Usage (491068K) : Loaded TECH DRC rules values from /home/syndace/Projects/IHP-Open-PDK/ihp-sg13cmos5l/libs.tech/klayout/python/sg13cmos5l_pycell_lib/sg13cmos5l_tech_mod.json
2026-03-30 16:02:22 +0200: Memory Usage (491068K) : Loaded default DRC rules values from /home/syndace/Projects/IHP-Open-PDK/ihp-sg13cmos5l/libs.tech/klayout/tech/drc/rule_decks/sg13cmos5l_tech_default.json
2026-03-30 16:02:22 +0200: Memory Usage (501772K) : Total area of the design is 3240000.0 um^2.
2026-03-30 16:02:22 +0200: Memory Usage (501772K) : The design dimensions are 1800.0 um * 1800.0 um.
2026-03-30 16:02:22 +0200: Memory Usage (501772K) : Starting general IHP-SG13CMOS5L derivations.
2026-03-30 16:02:22 +0200: Memory Usage (501772K) : Starting Pwell derivations
2026-03-30 16:02:24 +0200: Memory Usage (572608K) : Starting IHP-SG13CMOS5L DRC rules.
2026-03-30 16:02:24 +0200: Memory Usage (572608K) : Starting 3.2. FORBIDDEN table
2026-03-30 16:02:24 +0200: Memory Usage (572608K) : Executing rule forbidden.biwind
2026-03-30 16:02:24 +0200: Memory Usage (572608K) : Executing rule forbidden.pemwind
2026-03-30 16:02:24 +0200: Memory Usage (572608K) : Executing rule forbidden.baspoly
2026-03-30 16:02:24 +0200: Memory Usage (572608K) : Executing rule forbidden.deepco
2026-03-30 16:02:25 +0200: Memory Usage (572608K) : Executing rule forbidden.pempoly
2026-03-30 16:02:25 +0200: Memory Usage (572608K) : Executing rule forbidden.empoly
2026-03-30 16:02:25 +0200: Memory Usage (572608K) : Executing rule forbidden.ldmos
2026-03-30 16:02:25 +0200: Memory Usage (572608K) : Executing rule forbidden.pbiwind
2026-03-30 16:02:25 +0200: Memory Usage (572608K) : Executing rule forbidden.nodrc
2026-03-30 16:02:25 +0200: Memory Usage (572608K) : Executing rule forbidden.flash
2026-03-30 16:02:25 +0200: Memory Usage (572608K) : Executing rule forbidden.colwind
2026-03-30 16:02:25 +0200: Memory Usage (572608K) : Starting 3.2. CMOS5L FORBIDDEN layers check
2026-03-30 16:02:25 +0200: Memory Usage (572608K) : Executing rule CMOS5L.FORB.Metal5
2026-03-30 16:02:25 +0200: Memory Usage (572608K) : Executing rule CMOS5L.FORB.Metal5.filler
2026-03-30 16:02:25 +0200: Memory Usage (572608K) : Executing rule CMOS5L.FORB.Via4
2026-03-30 16:02:25 +0200: Memory Usage (572608K) : Executing rule CMOS5L.FORB.TopMetal2
2026-03-30 16:02:25 +0200: Memory Usage (572608K) : Executing rule CMOS5L.FORB.TopMetal2.filler
2026-03-30 16:02:25 +0200: Memory Usage (572608K) : Executing rule CMOS5L.FORB.TopVia2
2026-03-30 16:02:25 +0200: Memory Usage (572608K) : Executing rule CMOS5L.FORB.TRANS
2026-03-30 16:02:25 +0200: Memory Usage (572608K) : Executing rule CMOS5L.FORB.nBuLay
2026-03-30 16:02:25 +0200: Memory Usage (572608K) : Executing rule CMOS5L.FORB.MIM
2026-03-30 16:02:25 +0200: Memory Usage (572608K) : Executing rule CMOS5L.FORB.Vmim
2026-03-30 16:02:25 +0200: Memory Usage (572608K) : KLayout DRC run for tables 'forbidden' completed in 23.93 seconds
