# Logfile created on 2026-03-30 16:02:10 +0200 by logger.rb/v1.6.4
2026-03-30 16:02:10 +0200: Memory Usage (369284K) : Starting running IHP-SG13CMOS5L KLayout DRC runset on /home/syndace/Projects/IHP__RISCV2617/release/v.1.0.0/gds/RISCV2617.gds.gz
2026-03-30 16:02:10 +0200: Memory Usage (369284K) : Ruby Version for klayout: 3.4.8
2026-03-30 16:02:11 +0200: Memory Usage (461672K) : Loading database to memory is complete.
2026-03-30 16:02:11 +0200: Memory Usage (461672K) : IHP-SG13CMOS5L KLayout DRC runset output at: /home/syndace/Projects/IHP__RISCV2617/drc_run_RISCV2617/RISCV2617.gds_RISCV2617_angle.lyrdb
2026-03-30 16:02:11 +0200: Memory Usage (461672K) : Evaluate switches.
2026-03-30 16:02:11 +0200: Memory Usage (461672K) : tables selected: angle
2026-03-30 16:02:11 +0200: Memory Usage (461672K) : KLayout will use 12 thread(s) in tiled mode.
2026-03-30 16:02:11 +0200: Memory Usage (461672K) : deep mode is enabled.
2026-03-30 16:02:11 +0200: Memory Usage (461672K) : FEOL enabled: false
2026-03-30 16:02:11 +0200: Memory Usage (461672K) : BEOL enabled: false
2026-03-30 16:02:11 +0200: Memory Usage (461672K) : OFFGRID enabled: true
2026-03-30 16:02:11 +0200: Memory Usage (461672K) : ANGLE enabled: true
2026-03-30 16:02:11 +0200: Memory Usage (461672K) : PIN enabled: false
2026-03-30 16:02:11 +0200: Memory Usage (461672K) : FORBIDDEN enabled: false
2026-03-30 16:02:11 +0200: Memory Usage (461672K) : RECOMMENDED enabled: true
2026-03-30 16:02:11 +0200: Memory Usage (461672K) : PreCheck DRC enabled: false
2026-03-30 16:02:11 +0200: Memory Usage (461672K) : CONNECTIVITY_RULES enabled: false.
2026-03-30 16:02:11 +0200: Memory Usage (461672K) : Read in polygons from layers.
2026-03-30 16:02:11 +0200: Memory Usage (476088K) : activ_drw has 1345255 polygons
2026-03-30 16:02:11 +0200: Memory Usage (476088K) : activ_pin has 0 polygons
2026-03-30 16:02:11 +0200: Memory Usage (476088K) : activ_mask has 0 polygons
2026-03-30 16:02:11 +0200: Memory Usage (476088K) : activ_filler has 37143 polygons
2026-03-30 16:02:12 +0200: Memory Usage (476088K) : activ_nofill has 0 polygons
2026-03-30 16:02:12 +0200: Memory Usage (476088K) : activ_opc has 0 polygons
2026-03-30 16:02:12 +0200: Memory Usage (476088K) : activ_iopc has 0 polygons
2026-03-30 16:02:12 +0200: Memory Usage (476088K) : activ_noqrc has 0 polygons
2026-03-30 16:02:12 +0200: Memory Usage (476088K) : biwind_drw has 0 polygons
2026-03-30 16:02:12 +0200: Memory Usage (476088K) : biwind_opc has 0 polygons
2026-03-30 16:02:12 +0200: Memory Usage (476088K) : pemwind_drw has 0 polygons
2026-03-30 16:02:12 +0200: Memory Usage (476088K) : gatpoly_drw has 1156047 polygons
2026-03-30 16:02:12 +0200: Memory Usage (476088K) : gatpoly_pin has 0 polygons
2026-03-30 16:02:12 +0200: Memory Usage (476088K) : gatpoly_filler has 37143 polygons
2026-03-30 16:02:12 +0200: Memory Usage (476088K) : gatpoly_nofill has 0 polygons
2026-03-30 16:02:12 +0200: Memory Usage (476088K) : gatpoly_opc has 0 polygons
2026-03-30 16:02:12 +0200: Memory Usage (476088K) : gatpoly_iopc has 0 polygons
2026-03-30 16:02:12 +0200: Memory Usage (476088K) : gatpoly_noqrc has 0 polygons
2026-03-30 16:02:13 +0200: Memory Usage (484920K) : cont_drw has 7660295 polygons
2026-03-30 16:02:13 +0200: Memory Usage (484920K) : cont_opc has 0 polygons
2026-03-30 16:02:13 +0200: Memory Usage (484920K) : nsd_drw has 0 polygons
2026-03-30 16:02:13 +0200: Memory Usage (484920K) : nsd_block has 0 polygons
2026-03-30 16:02:13 +0200: Memory Usage (485112K) : metal1_drw has 2301922 polygons
2026-03-30 16:02:14 +0200: Memory Usage (485112K) : metal1_pin has 257060 polygons
2026-03-30 16:02:14 +0200: Memory Usage (485112K) : metal1_mask has 0 polygons
2026-03-30 16:02:14 +0200: Memory Usage (485112K) : metal1_filler has 52221 polygons
2026-03-30 16:02:14 +0200: Memory Usage (485112K) : metal1_nofill has 0 polygons
2026-03-30 16:02:14 +0200: Memory Usage (485112K) : metal1_slit has 0 polygons
2026-03-30 16:02:14 +0200: Memory Usage (485112K) : metal1_text has 224260 polygons
2026-03-30 16:02:14 +0200: Memory Usage (485112K) : metal1_opc has 0 polygons
2026-03-30 16:02:14 +0200: Memory Usage (485112K) : metal1_noqrc has 0 polygons
2026-03-30 16:02:15 +0200: Memory Usage (485112K) : metal1_res has 48 polygons
2026-03-30 16:02:15 +0200: Memory Usage (485112K) : metal1_iprobe has 0 polygons
2026-03-30 16:02:15 +0200: Memory Usage (485112K) : metal1_diffprb has 0 polygons
2026-03-30 16:02:15 +0200: Memory Usage (485112K) : passiv_drw has 44 polygons
2026-03-30 16:02:15 +0200: Memory Usage (485112K) : passiv_pin has 0 polygons
2026-03-30 16:02:15 +0200: Memory Usage (485112K) : passiv_sbump has 0 polygons
2026-03-30 16:02:15 +0200: Memory Usage (485112K) : passiv_pillar has 0 polygons
2026-03-30 16:02:15 +0200: Memory Usage (485112K) : passiv_pdl has 0 polygons
2026-03-30 16:02:15 +0200: Memory Usage (490296K) : metal2_drw has 1067535 polygons
2026-03-30 16:02:16 +0200: Memory Usage (490296K) : metal2_pin has 742134 polygons
2026-03-30 16:02:16 +0200: Memory Usage (490296K) : metal2_mask has 0 polygons
2026-03-30 16:02:16 +0200: Memory Usage (490296K) : metal2_filler has 85891 polygons
2026-03-30 16:02:16 +0200: Memory Usage (490296K) : metal2_nofill has 0 polygons
2026-03-30 16:02:16 +0200: Memory Usage (490296K) : metal2_slit has 0 polygons
2026-03-30 16:02:16 +0200: Memory Usage (490296K) : metal2_text has 478838 polygons
2026-03-30 16:02:16 +0200: Memory Usage (490296K) : metal2_opc has 0 polygons
2026-03-30 16:02:16 +0200: Memory Usage (490296K) : metal2_noqrc has 0 polygons
2026-03-30 16:02:16 +0200: Memory Usage (490296K) : metal2_res has 131136 polygons
2026-03-30 16:02:16 +0200: Memory Usage (490296K) : metal2_iprobe has 0 polygons
2026-03-30 16:02:16 +0200: Memory Usage (490296K) : metal2_diffprb has 0 polygons
2026-03-30 16:02:16 +0200: Memory Usage (490296K) : baspoly_drw has 0 polygons
2026-03-30 16:02:16 +0200: Memory Usage (490296K) : baspoly_pin has 0 polygons
2026-03-30 16:02:16 +0200: Memory Usage (490296K) : psd_drw has 316903 polygons
2026-03-30 16:02:16 +0200: Memory Usage (490296K) : nldb_drw has 0 polygons
2026-03-30 16:02:17 +0200: Memory Usage (490296K) : digibnd_drw has 84684 polygons
2026-03-30 16:02:17 +0200: Memory Usage (490296K) : via1_drw has 882711 polygons
2026-03-30 16:02:17 +0200: Memory Usage (490296K) : backmetal1_drw has 0 polygons
2026-03-30 16:02:17 +0200: Memory Usage (490296K) : backmetal1_pin has 0 polygons
2026-03-30 16:02:17 +0200: Memory Usage (490296K) : backmetal1_mask has 0 polygons
2026-03-30 16:02:17 +0200: Memory Usage (490296K) : backmetal1_filler has 0 polygons
2026-03-30 16:02:17 +0200: Memory Usage (490296K) : backmetal1_nofill has 0 polygons
2026-03-30 16:02:17 +0200: Memory Usage (490296K) : backmetal1_slit has 0 polygons
2026-03-30 16:02:17 +0200: Memory Usage (490296K) : backmetal1_text has 0 polygons
2026-03-30 16:02:17 +0200: Memory Usage (490296K) : backmetal1_opc has 0 polygons
2026-03-30 16:02:17 +0200: Memory Usage (490296K) : backmetal1_noqrc has 0 polygons
2026-03-30 16:02:17 +0200: Memory Usage (490296K) : backmetal1_res has 0 polygons
2026-03-30 16:02:17 +0200: Memory Usage (490296K) : backmetal1_iprobe has 0 polygons
2026-03-30 16:02:17 +0200: Memory Usage (490296K) : backmetal1_diffprb has 0 polygons
2026-03-30 16:02:17 +0200: Memory Usage (490296K) : backpassiv_drw has 0 polygons
2026-03-30 16:02:17 +0200: Memory Usage (490296K) : res_drw has 0 polygons
2026-03-30 16:02:17 +0200: Memory Usage (490296K) : sram_drw has 76032 polygons
2026-03-30 16:02:18 +0200: Memory Usage (490296K) : trans_drw has 0 polygons
2026-03-30 16:02:18 +0200: Memory Usage (490296K) : ind_drw has 0 polygons
2026-03-30 16:02:18 +0200: Memory Usage (490296K) : ind_pin has 0 polygons
2026-03-30 16:02:18 +0200: Memory Usage (490296K) : ind_text has 0 polygons
2026-03-30 16:02:18 +0200: Memory Usage (490296K) : salblock_drw has 20 polygons
2026-03-30 16:02:18 +0200: Memory Usage (490296K) : via2_drw has 590378 polygons
2026-03-30 16:02:18 +0200: Memory Usage (490296K) : metal3_drw has 452163 polygons
2026-03-30 16:02:18 +0200: Memory Usage (490296K) : metal3_pin has 349323 polygons
2026-03-30 16:02:18 +0200: Memory Usage (490296K) : metal3_mask has 0 polygons
2026-03-30 16:02:19 +0200: Memory Usage (490296K) : metal3_filler has 40624 polygons
2026-03-30 16:02:19 +0200: Memory Usage (490296K) : metal3_nofill has 0 polygons
2026-03-30 16:02:19 +0200: Memory Usage (490296K) : metal3_slit has 0 polygons
2026-03-30 16:02:19 +0200: Memory Usage (490296K) : metal3_text has 207243 polygons
2026-03-30 16:02:19 +0200: Memory Usage (490296K) : metal3_opc has 0 polygons
2026-03-30 16:02:19 +0200: Memory Usage (490296K) : metal3_noqrc has 0 polygons
2026-03-30 16:02:19 +0200: Memory Usage (490296K) : metal3_res has 66304 polygons
2026-03-30 16:02:19 +0200: Memory Usage (490296K) : metal3_iprobe has 0 polygons
2026-03-30 16:02:19 +0200: Memory Usage (490296K) : metal3_diffprb has 0 polygons
2026-03-30 16:02:19 +0200: Memory Usage (490296K) : nwell_drw has 226877 polygons
2026-03-30 16:02:19 +0200: Memory Usage (490296K) : nwell_pin has 0 polygons
2026-03-30 16:02:20 +0200: Memory Usage (490296K) : nbulay_drw has 0 polygons
2026-03-30 16:02:20 +0200: Memory Usage (490296K) : nbulay_pin has 0 polygons
2026-03-30 16:02:20 +0200: Memory Usage (490296K) : nbulay_block has 0 polygons
2026-03-30 16:02:20 +0200: Memory Usage (490296K) : emwind_drw has 0 polygons
2026-03-30 16:02:20 +0200: Memory Usage (490296K) : emwind_opc has 0 polygons
2026-03-30 16:02:20 +0200: Memory Usage (490296K) : deepco_drw has 0 polygons
2026-03-30 16:02:20 +0200: Memory Usage (490296K) : deepco_drw has 0 polygons
2026-03-30 16:02:20 +0200: Memory Usage (490296K) : mim_drw has 0 polygons
2026-03-30 16:02:20 +0200: Memory Usage (490296K) : edgeseal_drw has 24 polygons
2026-03-30 16:02:20 +0200: Memory Usage (490296K) : edgeseal_bound has 1 polygons
2026-03-30 16:02:20 +0200: Memory Usage (490296K) : substrate_drw has 966 polygons
2026-03-30 16:02:20 +0200: Memory Usage (490296K) : substrate_text has 0 polygons
2026-03-30 16:02:21 +0200: Memory Usage (490296K) : dfpad_drw has 32 polygons
2026-03-30 16:02:21 +0200: Memory Usage (490296K) : dfpad_pillar has 0 polygons
2026-03-30 16:02:21 +0200: Memory Usage (490296K) : dfpad_sbump has 0 polygons
2026-03-30 16:02:21 +0200: Memory Usage (490296K) : thickgateox_drw has 64 polygons
2026-03-30 16:02:21 +0200: Memory Usage (490296K) : pldb_drw has 0 polygons
2026-03-30 16:02:21 +0200: Memory Usage (490296K) : pwell_drw has 0 polygons
2026-03-30 16:02:21 +0200: Memory Usage (490296K) : pwell_pin has 0 polygons
2026-03-30 16:02:21 +0200: Memory Usage (490296K) : pwell_block has 0 polygons
2026-03-30 16:02:21 +0200: Memory Usage (490296K) : ic_drw has 0 polygons
2026-03-30 16:02:21 +0200: Memory Usage (490296K) : via3_drw has 443767 polygons
2026-03-30 16:02:21 +0200: Memory Usage (490296K) : metal4_drw has 46010 polygons
2026-03-30 16:02:22 +0200: Memory Usage (490296K) : metal4_pin has 1494 polygons
2026-03-30 16:02:22 +0200: Memory Usage (490296K) : metal4_mask has 0 polygons
2026-03-30 16:02:22 +0200: Memory Usage (490296K) : metal4_filler has 56752 polygons
2026-03-30 16:02:22 +0200: Memory Usage (490296K) : metal4_nofill has 0 polygons
2026-03-30 16:02:22 +0200: Memory Usage (490296K) : metal4_slit has 0 polygons
2026-03-30 16:02:22 +0200: Memory Usage (490296K) : metal4_text has 1409 polygons
2026-03-30 16:02:22 +0200: Memory Usage (490296K) : metal4_opc has 0 polygons
2026-03-30 16:02:22 +0200: Memory Usage (490296K) : metal4_noqrc has 0 polygons
2026-03-30 16:02:22 +0200: Memory Usage (490296K) : metal4_res has 0 polygons
2026-03-30 16:02:22 +0200: Memory Usage (490296K) : metal4_iprobe has 0 polygons
2026-03-30 16:02:22 +0200: Memory Usage (490296K) : metal4_diffprb has 0 polygons
2026-03-30 16:02:22 +0200: Memory Usage (490296K) : heattrans_drw has 0 polygons
2026-03-30 16:02:22 +0200: Memory Usage (490296K) : heatres_drw has 0 polygons
2026-03-30 16:02:22 +0200: Memory Usage (490296K) : pempoly_drw has 0 polygons
2026-03-30 16:02:22 +0200: Memory Usage (490296K) : fbe_drw has 0 polygons
2026-03-30 16:02:22 +0200: Memory Usage (490296K) : empoly_drw has 0 polygons
2026-03-30 16:02:22 +0200: Memory Usage (490296K) : ldmos_drw has 0 polygons
2026-03-30 16:02:22 +0200: Memory Usage (490296K) : pbiwind_drw has 0 polygons
2026-03-30 16:02:22 +0200: Memory Usage (490296K) : digisub_drw has 0 polygons
2026-03-30 16:02:22 +0200: Memory Usage (490296K) : nodrc_drw has 0 polygons
2026-03-30 16:02:22 +0200: Memory Usage (490296K) : text_drw has 800794 polygons
2026-03-30 16:02:23 +0200: Memory Usage (490296K) : via4_drw has 0 polygons
2026-03-30 16:02:23 +0200: Memory Usage (490296K) : metal5_drw has 0 polygons
2026-03-30 16:02:23 +0200: Memory Usage (490296K) : metal5_pin has 0 polygons
2026-03-30 16:02:23 +0200: Memory Usage (490296K) : metal5_mask has 0 polygons
2026-03-30 16:02:23 +0200: Memory Usage (490296K) : metal5_filler has 0 polygons
2026-03-30 16:02:23 +0200: Memory Usage (490296K) : metal5_nofill has 0 polygons
2026-03-30 16:02:23 +0200: Memory Usage (490296K) : metal5_slit has 0 polygons
2026-03-30 16:02:23 +0200: Memory Usage (490296K) : metal5_text has 0 polygons
2026-03-30 16:02:23 +0200: Memory Usage (490296K) : metal5_opc has 0 polygons
2026-03-30 16:02:23 +0200: Memory Usage (490296K) : metal5_noqrc has 0 polygons
2026-03-30 16:02:23 +0200: Memory Usage (490296K) : metal5_res has 0 polygons
2026-03-30 16:02:23 +0200: Memory Usage (490296K) : metal5_iprobe has 0 polygons
2026-03-30 16:02:23 +0200: Memory Usage (490296K) : metal5_diffprb has 0 polygons
2026-03-30 16:02:23 +0200: Memory Usage (490296K) : radhard_drw has 0 polygons
2026-03-30 16:02:23 +0200: Memory Usage (490296K) : memcap_drw has 0 polygons
2026-03-30 16:02:23 +0200: Memory Usage (490296K) : varicap_drw has 0 polygons
2026-03-30 16:02:23 +0200: Memory Usage (490296K) : flash_drw has 0 polygons
2026-03-30 16:02:23 +0200: Memory Usage (490296K) : intbondvia_drw has 0 polygons
2026-03-30 16:02:23 +0200: Memory Usage (490296K) : intbondmet_drw has 0 polygons
2026-03-30 16:02:23 +0200: Memory Usage (490296K) : devbondvia_drw has 0 polygons
2026-03-30 16:02:23 +0200: Memory Usage (490296K) : devbondmet_drw has 0 polygons
2026-03-30 16:02:23 +0200: Memory Usage (490296K) : devtrench_drw has 0 polygons
2026-03-30 16:02:23 +0200: Memory Usage (490296K) : redist_drw has 0 polygons
2026-03-30 16:02:23 +0200: Memory Usage (490296K) : graphbot_drw has 0 polygons
2026-03-30 16:02:23 +0200: Memory Usage (490296K) : graphtop_drw has 0 polygons
2026-03-30 16:02:23 +0200: Memory Usage (490296K) : antvia1_drw has 0 polygons
2026-03-30 16:02:23 +0200: Memory Usage (490296K) : antmetal2_drw has 0 polygons
2026-03-30 16:02:23 +0200: Memory Usage (490296K) : graphcont_drw has 0 polygons
2026-03-30 16:02:23 +0200: Memory Usage (490296K) : siwg_drw has 0 polygons
2026-03-30 16:02:23 +0200: Memory Usage (490296K) : siwg_filler has 0 polygons
2026-03-30 16:02:23 +0200: Memory Usage (490296K) : siwg_nofill has 0 polygons
2026-03-30 16:02:23 +0200: Memory Usage (490296K) : sigrating_drw has 0 polygons
2026-03-30 16:02:23 +0200: Memory Usage (490296K) : singrating_drw has 0 polygons
2026-03-30 16:02:23 +0200: Memory Usage (490296K) : graphpas_drw has 0 polygons
2026-03-30 16:02:24 +0200: Memory Usage (490296K) : emwind3_drw has 0 polygons
2026-03-30 16:02:24 +0200: Memory Usage (490296K) : emwihv3_drw has 0 polygons
2026-03-30 16:02:24 +0200: Memory Usage (490296K) : redbulay_drw has 0 polygons
2026-03-30 16:02:24 +0200: Memory Usage (490296K) : smos_drw has 0 polygons
2026-03-30 16:02:24 +0200: Memory Usage (490296K) : graphpad_drw has 0 polygons
2026-03-30 16:02:24 +0200: Memory Usage (490296K) : polimide_drw has 0 polygons
2026-03-30 16:02:24 +0200: Memory Usage (490296K) : polimide_pin has 0 polygons
2026-03-30 16:02:24 +0200: Memory Usage (490296K) : recog_drw has 0 polygons
2026-03-30 16:02:24 +0200: Memory Usage (490296K) : recog_pin has 0 polygons
2026-03-30 16:02:24 +0200: Memory Usage (490296K) : recog_esd has 0 polygons
2026-03-30 16:02:24 +0200: Memory Usage (490296K) : recog_diode has 350 polygons
2026-03-30 16:02:24 +0200: Memory Usage (490296K) : recog_tsv has 0 polygons
2026-03-30 16:02:24 +0200: Memory Usage (490296K) : recog_iprobe has 0 polygons
2026-03-30 16:02:24 +0200: Memory Usage (490296K) : recog_diffprb has 0 polygons
2026-03-30 16:02:24 +0200: Memory Usage (490296K) : recog_pillar has 0 polygons
2026-03-30 16:02:24 +0200: Memory Usage (490296K) : recog_sbump has 0 polygons
2026-03-30 16:02:24 +0200: Memory Usage (490296K) : recog_otp has 0 polygons
2026-03-30 16:02:24 +0200: Memory Usage (490296K) : recog_pdiode has 0 polygons
2026-03-30 16:02:24 +0200: Memory Usage (490296K) : recog_mom has 0 polygons
2026-03-30 16:02:24 +0200: Memory Usage (490296K) : recog_pcm has 0 polygons
2026-03-30 16:02:24 +0200: Memory Usage (490296K) : colopen_drw has 0 polygons
2026-03-30 16:02:24 +0200: Memory Usage (490296K) : graphmetal1_drw has 0 polygons
2026-03-30 16:02:24 +0200: Memory Usage (490296K) : graphmetal1_filler has 0 polygons
2026-03-30 16:02:24 +0200: Memory Usage (490296K) : graphmetal1_nofill has 0 polygons
2026-03-30 16:02:24 +0200: Memory Usage (490296K) : graphmetal1_slit has 0 polygons
2026-03-30 16:02:24 +0200: Memory Usage (490296K) : graphmetal1_opc has 0 polygons
2026-03-30 16:02:24 +0200: Memory Usage (490296K) : graphmet1l_drw has 0 polygons
2026-03-30 16:02:24 +0200: Memory Usage (490296K) : graphmet1l_filler has 0 polygons
2026-03-30 16:02:24 +0200: Memory Usage (490296K) : graphmet1l_nofill has 0 polygons
2026-03-30 16:02:24 +0200: Memory Usage (490296K) : graphmet1l_slit has 0 polygons
2026-03-30 16:02:24 +0200: Memory Usage (490296K) : graphmet1l_opc has 0 polygons
2026-03-30 16:02:25 +0200: Memory Usage (490296K) : extblock_drw has 20 polygons
2026-03-30 16:02:25 +0200: Memory Usage (490296K) : nldd_drw has 0 polygons
2026-03-30 16:02:25 +0200: Memory Usage (490296K) : pldd_drw has 0 polygons
2026-03-30 16:02:25 +0200: Memory Usage (490296K) : next_drw has 0 polygons
2026-03-30 16:02:25 +0200: Memory Usage (490296K) : pext_drw has 0 polygons
2026-03-30 16:02:25 +0200: Memory Usage (490296K) : nexthv_drw has 0 polygons
2026-03-30 16:02:25 +0200: Memory Usage (490296K) : pexthv_drw has 0 polygons
2026-03-30 16:02:25 +0200: Memory Usage (490296K) : graphgate_drw has 0 polygons
2026-03-30 16:02:25 +0200: Memory Usage (490296K) : sinwg_drw has 0 polygons
2026-03-30 16:02:25 +0200: Memory Usage (490296K) : sinwg_filler has 0 polygons
2026-03-30 16:02:25 +0200: Memory Usage (490296K) : sinwg_nofill has 0 polygons
2026-03-30 16:02:25 +0200: Memory Usage (490296K) : mempad_drw has 0 polygons
2026-03-30 16:02:25 +0200: Memory Usage (490296K) : topvia1_drw has 142295 polygons
2026-03-30 16:02:25 +0200: Memory Usage (490296K) : topmetal1_drw has 3390 polygons
2026-03-30 16:02:25 +0200: Memory Usage (490296K) : topmetal1_pin has 795 polygons
2026-03-30 16:02:25 +0200: Memory Usage (490296K) : topmetal1_mask has 0 polygons
2026-03-30 16:02:26 +0200: Memory Usage (490296K) : topmetal1_filler has 9719 polygons
2026-03-30 16:02:26 +0200: Memory Usage (490296K) : topmetal1_nofill has 0 polygons
2026-03-30 16:02:26 +0200: Memory Usage (490296K) : topmetal1_slit has 0 polygons
2026-03-30 16:02:26 +0200: Memory Usage (490296K) : topmetal1_text has 714 polygons
2026-03-30 16:02:26 +0200: Memory Usage (490296K) : topmetal1_noqrc has 0 polygons
2026-03-30 16:02:26 +0200: Memory Usage (490296K) : topmetal1_res has 0 polygons
2026-03-30 16:02:26 +0200: Memory Usage (490296K) : topmetal1_iprobe has 0 polygons
2026-03-30 16:02:26 +0200: Memory Usage (490296K) : topmetal1_diffprb has 0 polygons
2026-03-30 16:02:26 +0200: Memory Usage (490296K) : inldpwl_drw has 0 polygons
2026-03-30 16:02:26 +0200: Memory Usage (490296K) : polyres_drw has 0 polygons
2026-03-30 16:02:26 +0200: Memory Usage (490296K) : polyres_pin has 0 polygons
2026-03-30 16:02:26 +0200: Memory Usage (490296K) : vmim_drw has 0 polygons
2026-03-30 16:02:26 +0200: Memory Usage (490296K) : nbulaycut_drw has 0 polygons
2026-03-30 16:02:26 +0200: Memory Usage (490296K) : antmetal1_drw has 0 polygons
2026-03-30 16:02:26 +0200: Memory Usage (490296K) : topvia2_drw has 0 polygons
2026-03-30 16:02:26 +0200: Memory Usage (490296K) : topmetal2_drw has 0 polygons
2026-03-30 16:02:26 +0200: Memory Usage (490296K) : topmetal2_pin has 0 polygons
2026-03-30 16:02:26 +0200: Memory Usage (490296K) : topmetal2_mask has 0 polygons
2026-03-30 16:02:26 +0200: Memory Usage (490296K) : topmetal2_filler has 0 polygons
2026-03-30 16:02:26 +0200: Memory Usage (490296K) : topmetal2_nofill has 0 polygons
2026-03-30 16:02:26 +0200: Memory Usage (490296K) : topmetal2_slit has 0 polygons
2026-03-30 16:02:26 +0200: Memory Usage (490296K) : topmetal2_text has 0 polygons
2026-03-30 16:02:26 +0200: Memory Usage (490296K) : topmetal2_noqrc has 0 polygons
2026-03-30 16:02:26 +0200: Memory Usage (490296K) : topmetal2_res has 0 polygons
2026-03-30 16:02:26 +0200: Memory Usage (490296K) : topmetal2_iprobe has 0 polygons
2026-03-30 16:02:26 +0200: Memory Usage (490296K) : topmetal2_diffprb has 0 polygons
2026-03-30 16:02:26 +0200: Memory Usage (490296K) : snsring_drw has 0 polygons
2026-03-30 16:02:26 +0200: Memory Usage (490296K) : sensor_drw has 0 polygons
2026-03-30 16:02:26 +0200: Memory Usage (490296K) : snsarms_drw has 0 polygons
2026-03-30 16:02:26 +0200: Memory Usage (490296K) : snscmosvia_drw has 0 polygons
2026-03-30 16:02:27 +0200: Memory Usage (490296K) : colwind_drw has 0 polygons
2026-03-30 16:02:27 +0200: Memory Usage (490296K) : flm_drw has 0 polygons
2026-03-30 16:02:27 +0200: Memory Usage (490296K) : hafniumox_drw has 0 polygons
2026-03-30 16:02:27 +0200: Memory Usage (490296K) : memvia_drw has 0 polygons
2026-03-30 16:02:27 +0200: Memory Usage (490296K) : thinfilmres_drw has 0 polygons
2026-03-30 16:02:27 +0200: Memory Usage (490296K) : rfmem_drw has 0 polygons
2026-03-30 16:02:27 +0200: Memory Usage (490296K) : norcx_drw has 0 polygons
2026-03-30 16:02:27 +0200: Memory Usage (490296K) : norcx_m2m3 has 0 polygons
2026-03-30 16:02:27 +0200: Memory Usage (490296K) : norcx_m2m4 has 0 polygons
2026-03-30 16:02:27 +0200: Memory Usage (490296K) : norcx_m2m5 has 0 polygons
2026-03-30 16:02:27 +0200: Memory Usage (490296K) : norcx_m2tm1 has 0 polygons
2026-03-30 16:02:27 +0200: Memory Usage (490296K) : norcx_m2tm2 has 0 polygons
2026-03-30 16:02:27 +0200: Memory Usage (490296K) : norcx_m3m4 has 0 polygons
2026-03-30 16:02:27 +0200: Memory Usage (490296K) : norcx_m3m5 has 0 polygons
2026-03-30 16:02:27 +0200: Memory Usage (490296K) : norcx_m3tm1 has 0 polygons
2026-03-30 16:02:27 +0200: Memory Usage (490296K) : norcx_m3tm2 has 0 polygons
2026-03-30 16:02:27 +0200: Memory Usage (490296K) : norcx_m4m5 has 0 polygons
2026-03-30 16:02:27 +0200: Memory Usage (490296K) : norcx_m4tm1 has 0 polygons
2026-03-30 16:02:27 +0200: Memory Usage (490296K) : norcx_m4tm2 has 0 polygons
2026-03-30 16:02:27 +0200: Memory Usage (490296K) : norcx_m5tm1 has 0 polygons
2026-03-30 16:02:27 +0200: Memory Usage (490296K) : norcx_m5tm2 has 0 polygons
2026-03-30 16:02:27 +0200: Memory Usage (490296K) : norcx_tm1tm2 has 0 polygons
2026-03-30 16:02:27 +0200: Memory Usage (490296K) : norcx_m1sub has 0 polygons
2026-03-30 16:02:27 +0200: Memory Usage (490296K) : norcx_m2sub has 0 polygons
2026-03-30 16:02:27 +0200: Memory Usage (490296K) : norcx_m3sub has 0 polygons
2026-03-30 16:02:27 +0200: Memory Usage (490296K) : norcx_m4sub has 0 polygons
2026-03-30 16:02:27 +0200: Memory Usage (490296K) : norcx_m5sub has 0 polygons
2026-03-30 16:02:27 +0200: Memory Usage (490296K) : norcx_tm1sub has 0 polygons
2026-03-30 16:02:27 +0200: Memory Usage (490296K) : norcx_tm2sub has 0 polygons
2026-03-30 16:02:27 +0200: Memory Usage (490296K) : snsbotvia_drw has 0 polygons
2026-03-30 16:02:27 +0200: Memory Usage (490296K) : snstopvia_drw has 0 polygons
2026-03-30 16:02:28 +0200: Memory Usage (490296K) : deepvia_drw has 0 polygons
2026-03-30 16:02:28 +0200: Memory Usage (490296K) : fgetch_drw has 0 polygons
2026-03-30 16:02:28 +0200: Memory Usage (490296K) : ctrgat_drw has 0 polygons
2026-03-30 16:02:28 +0200: Memory Usage (490296K) : fgimp_drw has 0 polygons
2026-03-30 16:02:28 +0200: Memory Usage (490296K) : emwihv_drw has 0 polygons
2026-03-30 16:02:28 +0200: Memory Usage (490296K) : lbe_drw has 0 polygons
2026-03-30 16:02:28 +0200: Memory Usage (490296K) : alcustop_drw has 0 polygons
2026-03-30 16:02:28 +0200: Memory Usage (490296K) : nometfiller_drw has 0 polygons
2026-03-30 16:02:28 +0200: Memory Usage (490296K) : prboundary_drw has 0 polygons
2026-03-30 16:02:28 +0200: Memory Usage (490296K) : exchange0_drw has 0 polygons
2026-03-30 16:02:28 +0200: Memory Usage (490296K) : exchange0_pin has 0 polygons
2026-03-30 16:02:28 +0200: Memory Usage (490296K) : exchange0_text has 0 polygons
2026-03-30 16:02:28 +0200: Memory Usage (490296K) : exchange1_drw has 0 polygons
2026-03-30 16:02:28 +0200: Memory Usage (490296K) : exchange1_pin has 0 polygons
2026-03-30 16:02:28 +0200: Memory Usage (490296K) : exchange1_text has 0 polygons
2026-03-30 16:02:28 +0200: Memory Usage (490296K) : exchange2_drw has 0 polygons
2026-03-30 16:02:28 +0200: Memory Usage (490296K) : exchange2_pin has 0 polygons
2026-03-30 16:02:28 +0200: Memory Usage (490296K) : exchange2_text has 0 polygons
2026-03-30 16:02:28 +0200: Memory Usage (490296K) : exchange3_drw has 0 polygons
2026-03-30 16:02:28 +0200: Memory Usage (490296K) : exchange3_pin has 0 polygons
2026-03-30 16:02:28 +0200: Memory Usage (490296K) : exchange3_text has 0 polygons
2026-03-30 16:02:28 +0200: Memory Usage (490296K) : exchange4_drw has 0 polygons
2026-03-30 16:02:28 +0200: Memory Usage (490296K) : exchange4_pin has 0 polygons
2026-03-30 16:02:28 +0200: Memory Usage (490296K) : exchange4_text has 0 polygons
2026-03-30 16:02:28 +0200: Memory Usage (490296K) : isonwell_drw has 0 polygons
2026-03-30 16:02:28 +0200: Memory Usage (490296K) : Total no. of polygons in the design is 20378830
2026-03-30 16:02:28 +0200: Memory Usage (490296K) : Loaded TECH DRC rules values from /home/syndace/Projects/IHP-Open-PDK/ihp-sg13cmos5l/libs.tech/klayout/python/sg13cmos5l_pycell_lib/sg13cmos5l_tech_mod.json
2026-03-30 16:02:28 +0200: Memory Usage (490296K) : Loaded default DRC rules values from /home/syndace/Projects/IHP-Open-PDK/ihp-sg13cmos5l/libs.tech/klayout/tech/drc/rule_decks/sg13cmos5l_tech_default.json
2026-03-30 16:02:29 +0200: Memory Usage (502036K) : Total area of the design is 3240000.0 um^2.
2026-03-30 16:02:29 +0200: Memory Usage (502036K) : The design dimensions are 1800.0 um * 1800.0 um.
2026-03-30 16:02:29 +0200: Memory Usage (502036K) : Starting general IHP-SG13CMOS5L derivations.
2026-03-30 16:02:29 +0200: Memory Usage (502036K) : Starting Pwell derivations
2026-03-30 16:02:31 +0200: Memory Usage (572572K) : Starting IHP-SG13CMOS5L DRC rules.
2026-03-30 16:02:31 +0200: Memory Usage (572572K) : Starting 3.2. angle table
2026-03-30 16:02:31 +0200: Memory Usage (572572K) : Executing rule activ_drw_Acute
2026-03-30 16:03:06 +0200: Memory Usage (617308K) : Executing rule activ_pin_Acute
2026-03-30 16:03:07 +0200: Memory Usage (617308K) : Executing rule activ_mask_Acute
2026-03-30 16:03:07 +0200: Memory Usage (617308K) : Executing rule activ_filler_Acute
2026-03-30 16:03:07 +0200: Memory Usage (619420K) : Executing rule activ_nofill_Acute
2026-03-30 16:03:08 +0200: Memory Usage (619420K) : Executing rule activ_opc_Acute
2026-03-30 16:03:08 +0200: Memory Usage (619420K) : Executing rule activ_iopc_Acute
2026-03-30 16:03:08 +0200: Memory Usage (619420K) : Executing rule activ_noqrc_Acute
2026-03-30 16:03:08 +0200: Memory Usage (619420K) : Executing rule gatpoly_drw_Acute
2026-03-30 16:03:09 +0200: Memory Usage (619420K) : Executing rule gatpoly_pin_Acute
2026-03-30 16:03:09 +0200: Memory Usage (619420K) : Executing rule gatpoly_filler_Acute
2026-03-30 16:03:10 +0200: Memory Usage (619420K) : Executing rule gatpoly_nofill_Acute
2026-03-30 16:03:10 +0200: Memory Usage (619420K) : Executing rule gatpoly_opc_Acute
2026-03-30 16:03:10 +0200: Memory Usage (619420K) : Executing rule gatpoly_iopc_Acute
2026-03-30 16:03:11 +0200: Memory Usage (619420K) : Executing rule gatpoly_noqrc_Acute
2026-03-30 16:03:11 +0200: Memory Usage (619420K) : Executing rule cont_drw_Acute
2026-03-30 16:04:07 +0200: Memory Usage (1082172K) : Executing rule cont_opc_Acute
2026-03-30 16:04:08 +0200: Memory Usage (1082172K) : Executing rule nsd_drw_Acute
2026-03-30 16:04:08 +0200: Memory Usage (1082172K) : Executing rule nsd_block_Acute
2026-03-30 16:04:08 +0200: Memory Usage (1082172K) : Executing rule metal1_drw_Acute
2026-03-30 16:04:56 +0200: Memory Usage (1082172K) : Executing rule metal1_pin_Acute
2026-03-30 16:05:19 +0200: Memory Usage (1082172K) : Executing rule metal1_mask_Acute
2026-03-30 16:05:19 +0200: Memory Usage (1082172K) : Executing rule metal1_filler_Acute
2026-03-30 16:05:19 +0200: Memory Usage (1082172K) : Executing rule metal1_nofill_Acute
2026-03-30 16:05:20 +0200: Memory Usage (1082172K) : Executing rule metal1_slit_Acute
2026-03-30 16:05:20 +0200: Memory Usage (1082172K) : Executing rule metal1_opc_Acute
2026-03-30 16:05:20 +0200: Memory Usage (1082172K) : Executing rule metal1_noqrc_Acute
2026-03-30 16:05:20 +0200: Memory Usage (1082172K) : Executing rule metal1_res_Acute
2026-03-30 16:05:21 +0200: Memory Usage (1082172K) : Executing rule metal1_iprobe_Acute
2026-03-30 16:05:21 +0200: Memory Usage (1082172K) : Executing rule metal1_diffprb_Acute
2026-03-30 16:05:21 +0200: Memory Usage (1082172K) : Executing rule passiv_drw_Acute
2026-03-30 16:05:22 +0200: Memory Usage (1082172K) : Executing rule passiv_pin_Acute
2026-03-30 16:05:22 +0200: Memory Usage (1082172K) : Executing rule passiv_pillar_Acute
2026-03-30 16:05:22 +0200: Memory Usage (1082172K) : Executing rule passiv_sbump_Acute
2026-03-30 16:05:22 +0200: Memory Usage (1082172K) : Executing rule passiv_pdl_Acute
2026-03-30 16:05:22 +0200: Memory Usage (1082172K) : Executing rule metal2_drw_Acute
2026-03-30 16:05:39 +0200: Memory Usage (1082172K) : Executing rule metal2_pin_Acute
2026-03-30 16:05:39 +0200: Memory Usage (1082172K) : Executing rule metal2_mask_Acute
2026-03-30 16:05:39 +0200: Memory Usage (1082172K) : Executing rule metal2_filler_Acute
2026-03-30 16:05:40 +0200: Memory Usage (1082172K) : Executing rule metal2_nofill_Acute
2026-03-30 16:05:40 +0200: Memory Usage (1082172K) : Executing rule metal2_slit_Acute
2026-03-30 16:05:41 +0200: Memory Usage (1082172K) : Executing rule metal2_opc_Acute
2026-03-30 16:05:41 +0200: Memory Usage (1082172K) : Executing rule metal2_noqrc_Acute
2026-03-30 16:05:41 +0200: Memory Usage (1082172K) : Executing rule metal2_res_Acute
2026-03-30 16:05:41 +0200: Memory Usage (1082172K) : Executing rule metal2_iprobe_Acute
2026-03-30 16:05:42 +0200: Memory Usage (1082172K) : Executing rule metal2_diffprb_Acute
2026-03-30 16:05:42 +0200: Memory Usage (1082172K) : Executing rule psd_drw_Acute
2026-03-30 16:06:04 +0200: Memory Usage (1082172K) : Executing rule via1_drw_Acute
2026-03-30 16:06:14 +0200: Memory Usage (1086296K) : Executing rule salblock_drw_Acute
2026-03-30 16:06:14 +0200: Memory Usage (1086296K) : Executing rule via2_drw_Acute
2026-03-30 16:06:20 +0200: Memory Usage (1088328K) : Executing rule metal3_drw_Acute
2026-03-30 16:06:28 +0200: Memory Usage (1087504K) : Executing rule metal3_pin_Acute
2026-03-30 16:06:29 +0200: Memory Usage (1087312K) : Executing rule metal3_mask_Acute
2026-03-30 16:06:29 +0200: Memory Usage (1087312K) : Executing rule metal3_filler_Acute
2026-03-30 16:06:29 +0200: Memory Usage (1087120K) : Executing rule metal3_nofill_Acute
2026-03-30 16:06:30 +0200: Memory Usage (1087120K) : Executing rule metal3_slit_Acute
2026-03-30 16:06:30 +0200: Memory Usage (1087120K) : Executing rule metal3_opc_Acute
2026-03-30 16:06:30 +0200: Memory Usage (1087120K) : Executing rule metal3_noqrc_Acute
2026-03-30 16:06:30 +0200: Memory Usage (1087120K) : Executing rule metal3_res_Acute
2026-03-30 16:06:31 +0200: Memory Usage (1087120K) : Executing rule metal3_iprobe_Acute
2026-03-30 16:06:31 +0200: Memory Usage (1087120K) : Executing rule metal3_diffprb_Acute
2026-03-30 16:06:31 +0200: Memory Usage (1086928K) : Executing rule nwell_drw_Acute
2026-03-30 16:06:40 +0200: Memory Usage (1086928K) : Executing rule nwell_pin_Acute
2026-03-30 16:06:41 +0200: Memory Usage (1086928K) : Executing rule pwell_drw_Acute
2026-03-30 16:06:41 +0200: Memory Usage (1086928K) : Executing rule pwell_pin_Acute
2026-03-30 16:06:41 +0200: Memory Usage (1086928K) : Executing rule pwell_block_Acute
2026-03-30 16:06:41 +0200: Memory Usage (1086928K) : Executing rule substrate_drw_Acute
2026-03-30 16:06:42 +0200: Memory Usage (1086928K) : Executing rule via3_drw_Acute
2026-03-30 16:06:44 +0200: Memory Usage (1088968K) : Executing rule metal4_drw_Acute
2026-03-30 16:06:46 +0200: Memory Usage (1087764K) : Executing rule metal4_pin_Acute
2026-03-30 16:06:46 +0200: Memory Usage (1087764K) : Executing rule metal4_mask_Acute
2026-03-30 16:06:46 +0200: Memory Usage (1087572K) : Executing rule metal4_filler_Acute
2026-03-30 16:06:47 +0200: Memory Usage (1087320K) : Executing rule metal4_nofill_Acute
2026-03-30 16:06:47 +0200: Memory Usage (1087320K) : Executing rule metal4_slit_Acute
2026-03-30 16:06:47 +0200: Memory Usage (1087320K) : Executing rule metal4_opc_Acute
2026-03-30 16:06:48 +0200: Memory Usage (1087320K) : Executing rule metal4_noqrc_Acute
2026-03-30 16:06:48 +0200: Memory Usage (1087128K) : Executing rule metal4_res_Acute
2026-03-30 16:06:48 +0200: Memory Usage (1087128K) : Executing rule metal4_iprobe_Acute
2026-03-30 16:06:48 +0200: Memory Usage (1087128K) : Executing rule metal4_diffprb_Acute
2026-03-30 16:06:48 +0200: Memory Usage (1087128K) : Executing rule topvia1_drw_Acute
2026-03-30 16:06:50 +0200: Memory Usage (1087128K) : Executing rule topmetal1_drw_Acute
2026-03-30 16:06:50 +0200: Memory Usage (1087128K) : Executing rule topmetal1_pin_Acute
2026-03-30 16:06:51 +0200: Memory Usage (1087128K) : Executing rule topmetal1_mask_Acute
2026-03-30 16:06:51 +0200: Memory Usage (1087128K) : Executing rule topmetal1_filler_Acute
2026-03-30 16:06:51 +0200: Memory Usage (1087128K) : Executing rule topmetal1_nofill_Acute
2026-03-30 16:06:52 +0200: Memory Usage (1087128K) : Executing rule topmetal1_slit_Acute
2026-03-30 16:06:52 +0200: Memory Usage (1087128K) : Executing rule topmetal1_noqrc_Acute
2026-03-30 16:06:52 +0200: Memory Usage (1087128K) : Executing rule topmetal1_res_Acute
2026-03-30 16:06:52 +0200: Memory Usage (1087128K) : Executing rule topmetal1_iprobe_Acute
2026-03-30 16:06:52 +0200: Memory Usage (1087128K) : Executing rule topmetal1_diffprb_Acute
2026-03-30 16:06:53 +0200: Memory Usage (1087128K) : Executing rule thickgateox_drw_Acute
2026-03-30 16:06:53 +0200: Memory Usage (1087128K) : Executing rule polyres_drw_Acute
2026-03-30 16:06:53 +0200: Memory Usage (1087128K) : Executing rule polyres_pin_Acute
2026-03-30 16:06:53 +0200: Memory Usage (1087128K) : Executing rule antmetal1_drw_Acute
2026-03-30 16:06:54 +0200: Memory Usage (1087128K) : Executing rule thinfilmres_drw_Acute
2026-03-30 16:06:54 +0200: Memory Usage (1087128K) : Executing rule lbe_drw_Acute
2026-03-30 16:06:54 +0200: Memory Usage (1087128K) : Executing rule prboundary_drw_Acute
2026-03-30 16:06:54 +0200: Memory Usage (1087128K) : Executing rule cont_drw_Angle90
2026-03-30 16:07:58 +0200: Memory Usage (2502964K) : Executing rule via1_drw_Angle90
2026-03-30 16:08:06 +0200: Memory Usage (2504692K) : Executing rule via2_drw_Angle90
2026-03-30 16:08:13 +0200: Memory Usage (2548468K) : Executing rule via3_drw_Angle90
2026-03-30 16:08:16 +0200: Memory Usage (2549044K) : Executing rule topvia1_drw_Angle90
2026-03-30 16:08:17 +0200: Memory Usage (2549236K) : Executing rule gatpoly_drw_Angle45
2026-03-30 16:08:19 +0200: Memory Usage (2568244K) : Executing rule activ_drw_Angle45
2026-03-30 16:08:34 +0200: Memory Usage (2597812K) : Executing rule metal1_drw_Angle45
2026-03-30 16:09:08 +0200: Memory Usage (2789244K) : Executing rule metal2_drw_Angle45
2026-03-30 16:09:26 +0200: Memory Usage (2906924K) : Executing rule metal3_drw_Angle45
2026-03-30 16:09:34 +0200: Memory Usage (3002156K) : Executing rule metal4_drw_Angle45
2026-03-30 16:09:35 +0200: Memory Usage (3002156K) : Executing rule topmetal1_drw_Angle45
2026-03-30 16:09:36 +0200: Memory Usage (3002732K) : KLayout DRC run for tables 'angle' completed in 446.21 seconds
