
==========================================================================
floorplan final report_tns
--------------------------------------------------------------------------
tns max 0.00

==========================================================================
floorplan final report_wns
--------------------------------------------------------------------------
wns max 0.00

==========================================================================
floorplan final report_worst_slack
--------------------------------------------------------------------------
worst slack max 7.74

==========================================================================
floorplan final report_clock_min_period
--------------------------------------------------------------------------
CORE_CLK period_min = 11.54 fmax = 86.62
JTAG_TCK period_min = 15.90 fmax = 62.91

==========================================================================
floorplan final report_checks -path_delay min
--------------------------------------------------------------------------
Startpoint: core.core_srams_1.io_axi_arw_rValid$_DFFE_PN0P_
            (rising edge-triggered flip-flop clocked by CORE_CLK)
Endpoint: _22475_ (rising clock gating-check end-point clocked by CORE_CLK)
Path Group: gated clock
Path Type: min
Corner: fast

Fanout     Cap    Slew   Delay    Time   Description
-----------------------------------------------------------------------------
                  3.00    0.00    0.00   clock CORE_CLK (rise edge)
                          0.00    0.00   clock network delay (ideal)
                  3.00    0.00    0.00 ^ core.core_srams_1.io_axi_arw_rValid$_DFFE_PN0P_/CLK (sg13cmos5l_dfrbpq_1)
     3    0.01    0.02    0.36    0.36 v core.core_srams_1.io_axi_arw_rValid$_DFFE_PN0P_/Q (sg13cmos5l_dfrbpq_1)
                                         core.core_srams_1.io_axi_arw_rValid (net)
                  0.02    0.00    0.36 v _20695_/A (sg13cmos5l_nand2_1)
     1    0.00    0.01    0.02    0.38 ^ _20695_/Y (sg13cmos5l_nand2_1)
                                         _04363_ (net)
                  0.01    0.00    0.38 ^ _20696_/A (sg13cmos5l_buf_1)
     7    0.02    0.05    0.07    0.45 ^ _20696_/X (sg13cmos5l_buf_1)
                                         _04364_ (net)
                  0.05    0.00    0.45 ^ _20697_/A (sg13cmos5l_inv_1)
     1    0.00    0.02    0.02    0.47 v _20697_/Y (sg13cmos5l_inv_1)
                                         _04365_ (net)
                  0.02    0.00    0.47 v _20698_/A (sg13cmos5l_buf_1)
    10    0.02    0.06    0.07    0.55 v _20698_/X (sg13cmos5l_buf_1)
                                         _04366_ (net)
                  0.06    0.00    0.55 v _22475_/B (sg13cmos5l_and2_1)
                                  0.55   data arrival time

                  3.00   10.42   10.42   clock CORE_CLK (fall edge)
                          0.00   10.42   clock network delay (ideal)
                          0.08   10.50   clock uncertainty
                          0.00   10.50   clock reconvergence pessimism
                                 10.50 v _22475_/A (sg13cmos5l_and2_1)
                          0.00   10.50   clock gating hold time
                                 10.50   data required time
-----------------------------------------------------------------------------
                                 10.50   data required time
                                 -0.55   data arrival time
-----------------------------------------------------------------------------
                                 -9.95   slack (VIOLATED)


Startpoint: core.core_srams_0.io_axi_arw_rData_addr[7]$_DFFE_PP_
            (rising edge-triggered flip-flop clocked by CORE_CLK)
Endpoint: srams_0 (rising edge-triggered flip-flop clocked by CORE_CLK)
Path Group: CORE_CLK
Path Type: min
Corner: slow

Fanout     Cap    Slew   Delay    Time   Description
-----------------------------------------------------------------------------
                  3.00    0.00    0.00   clock CORE_CLK (rise edge)
                          0.00    0.00   clock network delay (ideal)
                  3.00    0.00    0.00 ^ core.core_srams_0.io_axi_arw_rData_addr[7]$_DFFE_PP_/CLK (sg13cmos5l_dfrbpq_1)
     2    0.00    0.05    0.79    0.79 ^ core.core_srams_0.io_axi_arw_rData_addr[7]$_DFFE_PP_/Q (sg13cmos5l_dfrbpq_1)
                                         core.core_srams_0._zz_wordAddr[5] (net)
                  0.05    0.00    0.79 ^ _20688_/A (sg13cmos5l_and2_1)
     1    0.01    0.08    0.16    0.94 ^ _20688_/X (sg13cmos5l_and2_1)
                                         core.core_srams_0.io_sram_A_ADDR[5] (net)
                  0.11    0.00    0.94 ^ srams_0/A_ADDR[5] (RM_IHPSG13_1P_512x32_c2_bm_bist)
                                  0.94   data arrival time

                  3.00    0.00    0.00   clock CORE_CLK (rise edge)
                          0.00    0.00   clock network delay (ideal)
                          0.08    0.08   clock uncertainty
                          0.00    0.08   clock reconvergence pessimism
                                  0.08 ^ srams_0/A_CLK (RM_IHPSG13_1P_512x32_c2_bm_bist)
                          3.63    3.71   library hold time
                                  3.71   data required time
-----------------------------------------------------------------------------
                                  3.71   data required time
                                 -0.94   data arrival time
-----------------------------------------------------------------------------
                                 -2.76   slack (VIOLATED)


Startpoint: core.jtagBridge_1.flowCCUnsafeByToggle_1.inputArea_target$_DFFE_PP_
            (rising edge-triggered flip-flop clocked by JTAG_TCK)
Endpoint: core.jtagBridge_1.flowCCUnsafeByToggle_1.inputArea_target$_DFFE_PP_
          (rising edge-triggered flip-flop clocked by JTAG_TCK)
Path Group: JTAG_TCK
Path Type: min
Corner: fast

Fanout     Cap    Slew   Delay    Time   Description
-----------------------------------------------------------------------------
                  3.00    0.00    0.00   clock JTAG_TCK (rise edge)
                          0.00    0.00   clock network delay (ideal)
                  3.00    0.00    0.00 ^ core.jtagBridge_1.flowCCUnsafeByToggle_1.inputArea_target$_DFFE_PP_/CLK (sg13cmos5l_dfrbpq_1)
     2    0.01    0.02    0.36    0.36 v core.jtagBridge_1.flowCCUnsafeByToggle_1.inputArea_target$_DFFE_PP_/Q (sg13cmos5l_dfrbpq_1)
                                         core.jtagBridge_1.flowCCUnsafeByToggle_1.inputArea_target (net)
                  0.02    0.00    0.36 v _26367_/A (sg13cmos5l_xor2_1)
     1    0.00    0.02    0.03    0.39 v _26367_/X (sg13cmos5l_xor2_1)
                                         _01717_ (net)
                  0.02    0.00    0.39 v core.jtagBridge_1.flowCCUnsafeByToggle_1.inputArea_target$_DFFE_PP_/D (sg13cmos5l_dfrbpq_1)
                                  0.39   data arrival time

                  3.00    0.00    0.00   clock JTAG_TCK (rise edge)
                          0.00    0.00   clock network delay (ideal)
                          0.06    0.06   clock uncertainty
                          0.00    0.06   clock reconvergence pessimism
                                  0.06 ^ core.jtagBridge_1.flowCCUnsafeByToggle_1.inputArea_target$_DFFE_PP_/CLK (sg13cmos5l_dfrbpq_1)
                          0.18    0.24   library hold time
                                  0.24   data required time
-----------------------------------------------------------------------------
                                  0.24   data required time
                                 -0.39   data arrival time
-----------------------------------------------------------------------------
                                  0.15   slack (MET)



==========================================================================
floorplan final report_checks -path_delay max
--------------------------------------------------------------------------
Startpoint: core.core_gpio._zz_io_gpio_write_1$_DFFE_PP_
            (rising edge-triggered flip-flop clocked by CORE_CLK)
Endpoint: _22475_ (rising clock gating-check end-point clocked by CORE_CLK)
Path Group: gated clock
Path Type: max
Corner: slow

Fanout     Cap    Slew   Delay    Time   Description
-----------------------------------------------------------------------------
                  3.00    0.00    0.00   clock CORE_CLK (rise edge)
                          0.00    0.00   clock network delay (ideal)
                  3.00    0.00    0.00 ^ core.core_gpio._zz_io_gpio_write_1$_DFFE_PP_/CLK (sg13cmos5l_dfrbpq_1)
     4    0.04    0.25    0.93    0.93 ^ core.core_gpio._zz_io_gpio_write_1$_DFFE_PP_/Q (sg13cmos5l_dfrbpq_1)
                                         core.core_gpio._zz_io_gpio_write_1 (net)
                  0.25    0.00    0.93 ^ _20694_/A (sg13cmos5l_nand2_1)
     3    0.01    0.13    0.17    1.11 v _20694_/Y (sg13cmos5l_nand2_1)
                                         _04362_ (net)
                  0.13    0.00    1.11 v _20695_/B (sg13cmos5l_nand2_1)
     1    0.00    0.06    0.09    1.19 ^ _20695_/Y (sg13cmos5l_nand2_1)
                                         _04363_ (net)
                  0.06    0.00    1.19 ^ _20696_/A (sg13cmos5l_buf_1)
     7    0.02    0.15    0.19    1.38 ^ _20696_/X (sg13cmos5l_buf_1)
                                         _04364_ (net)
                  0.15    0.00    1.38 ^ _20697_/A (sg13cmos5l_inv_1)
     1    0.00    0.05    0.07    1.45 v _20697_/Y (sg13cmos5l_inv_1)
                                         _04365_ (net)
                  0.05    0.00    1.45 v _20698_/A (sg13cmos5l_buf_1)
    10    0.02    0.13    0.18    1.64 v _20698_/X (sg13cmos5l_buf_1)
                                         _04366_ (net)
                  0.13    0.00    1.64 v _22475_/B (sg13cmos5l_and2_1)
                                  1.64   data arrival time

                  3.00   20.83   20.83   clock CORE_CLK (rise edge)
                          0.00   20.83   clock network delay (ideal)
                         -0.06   20.77   clock uncertainty
                          0.00   20.77   clock reconvergence pessimism
                                 20.77 ^ _22475_/A (sg13cmos5l_and2_1)
                          0.00   20.77   clock gating setup time
                                 20.77   data required time
-----------------------------------------------------------------------------
                                 20.77   data required time
                                 -1.64   data arrival time
-----------------------------------------------------------------------------
                                 19.14   slack (MET)


Startpoint: srams_0 (rising edge-triggered flip-flop clocked by CORE_CLK)
Endpoint: core.core_cpu.RegFilePlugin_regFile_spinal_port0[11]$_DFF_P_
          (rising edge-triggered flip-flop clocked by CORE_CLK)
Path Group: CORE_CLK
Path Type: max
Corner: slow

Fanout     Cap    Slew   Delay    Time   Description
-----------------------------------------------------------------------------
                  3.00    0.00    0.00   clock CORE_CLK (rise edge)
                          0.00    0.00   clock network delay (ideal)
                  3.00    0.00    0.00 ^ srams_0/A_CLK (RM_IHPSG13_1P_512x32_c2_bm_bist)
     2    0.01    0.05    7.29    7.29 v srams_0/A_DOUT[6] (RM_IHPSG13_1P_512x32_c2_bm_bist)
                                         core.axi4ReadOnlyDecoder_1.io_outputs_0_r_payload_data[6] (net)
                  0.04    0.00    7.29 v _19695_/B_N (sg13cmos5l_nor2b_1)
     1    0.00    0.05    0.11    7.40 v _19695_/Y (sg13cmos5l_nor2b_1)
                                         _03484_ (net)
                  0.05    0.00    7.40 v _19696_/B1 (sg13cmos5l_a21oi_1)
     1    0.00    0.09    0.10    7.50 ^ _19696_/Y (sg13cmos5l_a21oi_1)
                                         _03485_ (net)
                  0.09    0.00    7.50 ^ _19697_/B2 (sg13cmos5l_a22oi_1)
     1    0.00    0.10    0.10    7.59 v _19697_/Y (sg13cmos5l_a22oi_1)
                                         _03486_ (net)
                  0.10    0.00    7.59 v _19698_/B1 (sg13cmos5l_o21ai_1)
     3    0.01    0.21    0.12    7.71 ^ _19698_/Y (sg13cmos5l_o21ai_1)
                                         _03487_ (net)
                  0.21    0.00    7.71 ^ _19701_/A0 (sg13cmos5l_mux2_1)
     2    0.01    0.07    0.23    7.95 ^ _19701_/X (sg13cmos5l_mux2_1)
                                         _03490_ (net)
                  0.07    0.00    7.95 ^ _19702_/B (sg13cmos5l_nor2_1)
     1    0.00    0.04    0.06    8.00 v _19702_/Y (sg13cmos5l_nor2_1)
                                         _03491_ (net)
                  0.04    0.00    8.00 v _19703_/B1 (sg13cmos5l_a21oi_1)
     2    0.01    0.13    0.13    8.13 ^ _19703_/Y (sg13cmos5l_a21oi_1)
                                         _03492_ (net)
                  0.13    0.00    8.13 ^ _19753_/A2 (sg13cmos5l_o21ai_1)
     1    0.00    0.06    0.11    8.24 v _19753_/Y (sg13cmos5l_o21ai_1)
                                         _03542_ (net)
                  0.06    0.00    8.24 v _19754_/A (sg13cmos5l_buf_1)
     4    0.01    0.08    0.14    8.39 v _19754_/X (sg13cmos5l_buf_1)
                                         _03543_ (net)
                  0.08    0.00    8.39 v _19780_/A (sg13cmos5l_or2_1)
     1    0.00    0.04    0.17    8.56 v _19780_/X (sg13cmos5l_or2_1)
                                         _03569_ (net)
                  0.04    0.00    8.56 v _19781_/A (sg13cmos5l_buf_1)
     4    0.01    0.08    0.14    8.69 v _19781_/X (sg13cmos5l_buf_1)
                                         _03570_ (net)
                  0.08    0.00    8.69 v _19825_/B (sg13cmos5l_or3_1)
     1    0.00    0.05    0.23    8.92 v _19825_/X (sg13cmos5l_or3_1)
                                         _03614_ (net)
                  0.05    0.00    8.92 v _19826_/A (sg13cmos5l_buf_2)
     4    0.01    0.05    0.13    9.06 v _19826_/X (sg13cmos5l_buf_2)
                                         _03615_ (net)
                  0.05    0.00    9.06 v _19936_/A (sg13cmos5l_nor3_1)
     2    0.01    0.18    0.20    9.26 ^ _19936_/Y (sg13cmos5l_nor3_1)
                                         _03725_ (net)
                  0.18    0.00    9.26 ^ _19937_/B (sg13cmos5l_and2_1)
     1    0.00    0.04    0.19    9.44 ^ _19937_/X (sg13cmos5l_and2_1)
                                         _03726_ (net)
                  0.04    0.00    9.44 ^ _19938_/A (sg13cmos5l_buf_2)
     6    0.02    0.08    0.14    9.58 ^ _19938_/X (sg13cmos5l_buf_2)
                                         _03727_ (net)
                  0.08    0.00    9.58 ^ _20163_/A_N (sg13cmos5l_nand3b_1)
     1    0.00    0.06    0.12    9.71 ^ _20163_/Y (sg13cmos5l_nand3b_1)
                                         _03947_ (net)
                  0.06    0.00    9.71 ^ _20164_/B1 (sg13cmos5l_o21ai_1)
     1    0.00    0.07    0.07    9.78 v _20164_/Y (sg13cmos5l_o21ai_1)
                                         _03948_ (net)
                  0.07    0.00    9.78 v _20165_/A (sg13cmos5l_buf_2)
     4    0.01    0.05    0.14    9.92 v _20165_/X (sg13cmos5l_buf_2)
                                         _03949_ (net)
                  0.05    0.00    9.92 v _20186_/A_N (sg13cmos5l_nand2b_1)
     2    0.01    0.10    0.15   10.06 v _20186_/Y (sg13cmos5l_nand2b_1)
                                         _03968_ (net)
                  0.10    0.00   10.06 v _20187_/B1 (sg13cmos5l_a221oi_1)
     1    0.00    0.17    0.21   10.27 ^ _20187_/Y (sg13cmos5l_a221oi_1)
                                         _03969_ (net)
                  0.17    0.00   10.27 ^ _20188_/B (sg13cmos5l_nand2b_1)
     1    0.00    0.07    0.12   10.40 v _20188_/Y (sg13cmos5l_nand2b_1)
                                         _03970_ (net)
                  0.07    0.00   10.40 v _20189_/B1 (sg13cmos5l_o21ai_1)
     1    0.01    0.18    0.10   10.50 ^ _20189_/Y (sg13cmos5l_o21ai_1)
                                         _03971_ (net)
                  0.18    0.00   10.50 ^ _20190_/A (sg13cmos5l_buf_8)
     9    0.04    0.06    0.19   10.69 ^ _20190_/X (sg13cmos5l_buf_8)
                                         _03972_ (net)
                  0.06    0.00   10.69 ^ _20942_/A (sg13cmos5l_or2_1)
     1    0.00    0.04    0.12   10.81 ^ _20942_/X (sg13cmos5l_or2_1)
                                         _04470_ (net)
                  0.04    0.00   10.81 ^ _20943_/A (sg13cmos5l_buf_4)
     5    0.03    0.07    0.16   10.97 ^ _20943_/X (sg13cmos5l_buf_4)
                                         _04471_ (net)
                  0.07    0.00   10.97 ^ _21153_/A (sg13cmos5l_buf_8)
    10    0.02    0.04    0.13   11.10 ^ _21153_/X (sg13cmos5l_buf_8)
                                         _04671_ (net)
                  0.04    0.00   11.10 ^ _21326_/A (sg13cmos5l_or2_1)
     1    0.00    0.04    0.11   11.21 ^ _21326_/X (sg13cmos5l_or2_1)
                                         _04835_ (net)
                  0.04    0.00   11.21 ^ _21327_/B1 (sg13cmos5l_o21ai_1)
     1    0.00    0.07    0.07   11.28 v _21327_/Y (sg13cmos5l_o21ai_1)
                                         _04836_ (net)
                  0.07    0.00   11.28 v _21338_/B (sg13cmos5l_nor4_1)
     1    0.00    0.14    0.20   11.47 ^ _21338_/Y (sg13cmos5l_nor4_1)
                                         _00002_ (net)
                  0.14    0.00   11.47 ^ core.core_cpu.RegFilePlugin_regFile_spinal_port0[11]$_DFF_P_/D (sg13cmos5l_dfrbpq_1)
                                 11.47   data arrival time

                  3.00   20.83   20.83   clock CORE_CLK (rise edge)
                          0.00   20.83   clock network delay (ideal)
                         -0.06   20.77   clock uncertainty
                          0.00   20.77   clock reconvergence pessimism
                                 20.77 ^ core.core_cpu.RegFilePlugin_regFile_spinal_port0[11]$_DFF_P_/CLK (sg13cmos5l_dfrbpq_1)
                         -0.01   20.76   library setup time
                                 20.76   data required time
-----------------------------------------------------------------------------
                                 20.76   data required time
                                -11.47   data arrival time
-----------------------------------------------------------------------------
                                  9.29   slack (MET)


Startpoint: core.jtagBridge_1.jtag_tap_tdoUnbufferd_regNext$_DFF_N_
            (rising edge-triggered flip-flop clocked by JTAG_TCK')
Endpoint: jtag_tdo (output port clocked by JTAG_TCK)
Path Group: JTAG_TCK
Path Type: max
Corner: slow

Fanout     Cap    Slew   Delay    Time   Description
-----------------------------------------------------------------------------
                  3.00   33.33   33.33   clock JTAG_TCK' (rise edge)
                          0.00   33.33   clock network delay (ideal)
                  3.00    0.00   33.33 ^ core.jtagBridge_1.jtag_tap_tdoUnbufferd_regNext$_DFF_N_/CLK (sg13cmos5l_dfrbpq_1)
     1    0.04    0.26    0.94   34.27 ^ core.jtagBridge_1.jtag_tap_tdoUnbufferd_regNext$_DFF_N_/Q (sg13cmos5l_dfrbpq_1)
                                         core.jtagBridge_1.io_jtag_tdo (net)
                  0.34    0.00   34.27 ^ pad_jtag_tdo/c2p (sg13cmos5l_IOPadOut4mA)
     2   10.00   14.17    8.74   43.01 ^ pad_jtag_tdo/pad (sg13cmos5l_IOPadOut4mA)
                                         jtag_tdo (net)
                  0.00    0.00   43.01 ^ jtag_tdo (out)
                                 43.01   data arrival time

                  3.00   66.67   66.67   clock JTAG_TCK (rise edge)
                          0.00   66.67   clock network delay (ideal)
                         -0.12   66.55   clock uncertainty
                          0.00   66.55   clock reconvergence pessimism
                        -15.80   50.75   output external delay
                                 50.75   data required time
-----------------------------------------------------------------------------
                                 50.75   data required time
                                -43.01   data arrival time
-----------------------------------------------------------------------------
                                  7.74   slack (MET)



==========================================================================
floorplan final report_checks -unconstrained
--------------------------------------------------------------------------
Startpoint: core.core_gpio._zz_io_gpio_write_1$_DFFE_PP_
            (rising edge-triggered flip-flop clocked by CORE_CLK)
Endpoint: _22475_ (rising clock gating-check end-point clocked by CORE_CLK)
Path Group: gated clock
Path Type: max
Corner: slow

Fanout     Cap    Slew   Delay    Time   Description
-----------------------------------------------------------------------------
                  3.00    0.00    0.00   clock CORE_CLK (rise edge)
                          0.00    0.00   clock network delay (ideal)
                  3.00    0.00    0.00 ^ core.core_gpio._zz_io_gpio_write_1$_DFFE_PP_/CLK (sg13cmos5l_dfrbpq_1)
     4    0.04    0.25    0.93    0.93 ^ core.core_gpio._zz_io_gpio_write_1$_DFFE_PP_/Q (sg13cmos5l_dfrbpq_1)
                                         core.core_gpio._zz_io_gpio_write_1 (net)
                  0.25    0.00    0.93 ^ _20694_/A (sg13cmos5l_nand2_1)
     3    0.01    0.13    0.17    1.11 v _20694_/Y (sg13cmos5l_nand2_1)
                                         _04362_ (net)
                  0.13    0.00    1.11 v _20695_/B (sg13cmos5l_nand2_1)
     1    0.00    0.06    0.09    1.19 ^ _20695_/Y (sg13cmos5l_nand2_1)
                                         _04363_ (net)
                  0.06    0.00    1.19 ^ _20696_/A (sg13cmos5l_buf_1)
     7    0.02    0.15    0.19    1.38 ^ _20696_/X (sg13cmos5l_buf_1)
                                         _04364_ (net)
                  0.15    0.00    1.38 ^ _20697_/A (sg13cmos5l_inv_1)
     1    0.00    0.05    0.07    1.45 v _20697_/Y (sg13cmos5l_inv_1)
                                         _04365_ (net)
                  0.05    0.00    1.45 v _20698_/A (sg13cmos5l_buf_1)
    10    0.02    0.13    0.18    1.64 v _20698_/X (sg13cmos5l_buf_1)
                                         _04366_ (net)
                  0.13    0.00    1.64 v _22475_/B (sg13cmos5l_and2_1)
                                  1.64   data arrival time

                  3.00   20.83   20.83   clock CORE_CLK (rise edge)
                          0.00   20.83   clock network delay (ideal)
                         -0.06   20.77   clock uncertainty
                          0.00   20.77   clock reconvergence pessimism
                                 20.77 ^ _22475_/A (sg13cmos5l_and2_1)
                          0.00   20.77   clock gating setup time
                                 20.77   data required time
-----------------------------------------------------------------------------
                                 20.77   data required time
                                 -1.64   data arrival time
-----------------------------------------------------------------------------
                                 19.14   slack (MET)


Startpoint: srams_0 (rising edge-triggered flip-flop clocked by CORE_CLK)
Endpoint: core.core_cpu.RegFilePlugin_regFile_spinal_port0[11]$_DFF_P_
          (rising edge-triggered flip-flop clocked by CORE_CLK)
Path Group: CORE_CLK
Path Type: max
Corner: slow

Fanout     Cap    Slew   Delay    Time   Description
-----------------------------------------------------------------------------
                  3.00    0.00    0.00   clock CORE_CLK (rise edge)
                          0.00    0.00   clock network delay (ideal)
                  3.00    0.00    0.00 ^ srams_0/A_CLK (RM_IHPSG13_1P_512x32_c2_bm_bist)
     2    0.01    0.05    7.29    7.29 v srams_0/A_DOUT[6] (RM_IHPSG13_1P_512x32_c2_bm_bist)
                                         core.axi4ReadOnlyDecoder_1.io_outputs_0_r_payload_data[6] (net)
                  0.04    0.00    7.29 v _19695_/B_N (sg13cmos5l_nor2b_1)
     1    0.00    0.05    0.11    7.40 v _19695_/Y (sg13cmos5l_nor2b_1)
                                         _03484_ (net)
                  0.05    0.00    7.40 v _19696_/B1 (sg13cmos5l_a21oi_1)
     1    0.00    0.09    0.10    7.50 ^ _19696_/Y (sg13cmos5l_a21oi_1)
                                         _03485_ (net)
                  0.09    0.00    7.50 ^ _19697_/B2 (sg13cmos5l_a22oi_1)
     1    0.00    0.10    0.10    7.59 v _19697_/Y (sg13cmos5l_a22oi_1)
                                         _03486_ (net)
                  0.10    0.00    7.59 v _19698_/B1 (sg13cmos5l_o21ai_1)
     3    0.01    0.21    0.12    7.71 ^ _19698_/Y (sg13cmos5l_o21ai_1)
                                         _03487_ (net)
                  0.21    0.00    7.71 ^ _19701_/A0 (sg13cmos5l_mux2_1)
     2    0.01    0.07    0.23    7.95 ^ _19701_/X (sg13cmos5l_mux2_1)
                                         _03490_ (net)
                  0.07    0.00    7.95 ^ _19702_/B (sg13cmos5l_nor2_1)
     1    0.00    0.04    0.06    8.00 v _19702_/Y (sg13cmos5l_nor2_1)
                                         _03491_ (net)
                  0.04    0.00    8.00 v _19703_/B1 (sg13cmos5l_a21oi_1)
     2    0.01    0.13    0.13    8.13 ^ _19703_/Y (sg13cmos5l_a21oi_1)
                                         _03492_ (net)
                  0.13    0.00    8.13 ^ _19753_/A2 (sg13cmos5l_o21ai_1)
     1    0.00    0.06    0.11    8.24 v _19753_/Y (sg13cmos5l_o21ai_1)
                                         _03542_ (net)
                  0.06    0.00    8.24 v _19754_/A (sg13cmos5l_buf_1)
     4    0.01    0.08    0.14    8.39 v _19754_/X (sg13cmos5l_buf_1)
                                         _03543_ (net)
                  0.08    0.00    8.39 v _19780_/A (sg13cmos5l_or2_1)
     1    0.00    0.04    0.17    8.56 v _19780_/X (sg13cmos5l_or2_1)
                                         _03569_ (net)
                  0.04    0.00    8.56 v _19781_/A (sg13cmos5l_buf_1)
     4    0.01    0.08    0.14    8.69 v _19781_/X (sg13cmos5l_buf_1)
                                         _03570_ (net)
                  0.08    0.00    8.69 v _19825_/B (sg13cmos5l_or3_1)
     1    0.00    0.05    0.23    8.92 v _19825_/X (sg13cmos5l_or3_1)
                                         _03614_ (net)
                  0.05    0.00    8.92 v _19826_/A (sg13cmos5l_buf_2)
     4    0.01    0.05    0.13    9.06 v _19826_/X (sg13cmos5l_buf_2)
                                         _03615_ (net)
                  0.05    0.00    9.06 v _19936_/A (sg13cmos5l_nor3_1)
     2    0.01    0.18    0.20    9.26 ^ _19936_/Y (sg13cmos5l_nor3_1)
                                         _03725_ (net)
                  0.18    0.00    9.26 ^ _19937_/B (sg13cmos5l_and2_1)
     1    0.00    0.04    0.19    9.44 ^ _19937_/X (sg13cmos5l_and2_1)
                                         _03726_ (net)
                  0.04    0.00    9.44 ^ _19938_/A (sg13cmos5l_buf_2)
     6    0.02    0.08    0.14    9.58 ^ _19938_/X (sg13cmos5l_buf_2)
                                         _03727_ (net)
                  0.08    0.00    9.58 ^ _20163_/A_N (sg13cmos5l_nand3b_1)
     1    0.00    0.06    0.12    9.71 ^ _20163_/Y (sg13cmos5l_nand3b_1)
                                         _03947_ (net)
                  0.06    0.00    9.71 ^ _20164_/B1 (sg13cmos5l_o21ai_1)
     1    0.00    0.07    0.07    9.78 v _20164_/Y (sg13cmos5l_o21ai_1)
                                         _03948_ (net)
                  0.07    0.00    9.78 v _20165_/A (sg13cmos5l_buf_2)
     4    0.01    0.05    0.14    9.92 v _20165_/X (sg13cmos5l_buf_2)
                                         _03949_ (net)
                  0.05    0.00    9.92 v _20186_/A_N (sg13cmos5l_nand2b_1)
     2    0.01    0.10    0.15   10.06 v _20186_/Y (sg13cmos5l_nand2b_1)
                                         _03968_ (net)
                  0.10    0.00   10.06 v _20187_/B1 (sg13cmos5l_a221oi_1)
     1    0.00    0.17    0.21   10.27 ^ _20187_/Y (sg13cmos5l_a221oi_1)
                                         _03969_ (net)
                  0.17    0.00   10.27 ^ _20188_/B (sg13cmos5l_nand2b_1)
     1    0.00    0.07    0.12   10.40 v _20188_/Y (sg13cmos5l_nand2b_1)
                                         _03970_ (net)
                  0.07    0.00   10.40 v _20189_/B1 (sg13cmos5l_o21ai_1)
     1    0.01    0.18    0.10   10.50 ^ _20189_/Y (sg13cmos5l_o21ai_1)
                                         _03971_ (net)
                  0.18    0.00   10.50 ^ _20190_/A (sg13cmos5l_buf_8)
     9    0.04    0.06    0.19   10.69 ^ _20190_/X (sg13cmos5l_buf_8)
                                         _03972_ (net)
                  0.06    0.00   10.69 ^ _20942_/A (sg13cmos5l_or2_1)
     1    0.00    0.04    0.12   10.81 ^ _20942_/X (sg13cmos5l_or2_1)
                                         _04470_ (net)
                  0.04    0.00   10.81 ^ _20943_/A (sg13cmos5l_buf_4)
     5    0.03    0.07    0.16   10.97 ^ _20943_/X (sg13cmos5l_buf_4)
                                         _04471_ (net)
                  0.07    0.00   10.97 ^ _21153_/A (sg13cmos5l_buf_8)
    10    0.02    0.04    0.13   11.10 ^ _21153_/X (sg13cmos5l_buf_8)
                                         _04671_ (net)
                  0.04    0.00   11.10 ^ _21326_/A (sg13cmos5l_or2_1)
     1    0.00    0.04    0.11   11.21 ^ _21326_/X (sg13cmos5l_or2_1)
                                         _04835_ (net)
                  0.04    0.00   11.21 ^ _21327_/B1 (sg13cmos5l_o21ai_1)
     1    0.00    0.07    0.07   11.28 v _21327_/Y (sg13cmos5l_o21ai_1)
                                         _04836_ (net)
                  0.07    0.00   11.28 v _21338_/B (sg13cmos5l_nor4_1)
     1    0.00    0.14    0.20   11.47 ^ _21338_/Y (sg13cmos5l_nor4_1)
                                         _00002_ (net)
                  0.14    0.00   11.47 ^ core.core_cpu.RegFilePlugin_regFile_spinal_port0[11]$_DFF_P_/D (sg13cmos5l_dfrbpq_1)
                                 11.47   data arrival time

                  3.00   20.83   20.83   clock CORE_CLK (rise edge)
                          0.00   20.83   clock network delay (ideal)
                         -0.06   20.77   clock uncertainty
                          0.00   20.77   clock reconvergence pessimism
                                 20.77 ^ core.core_cpu.RegFilePlugin_regFile_spinal_port0[11]$_DFF_P_/CLK (sg13cmos5l_dfrbpq_1)
                         -0.01   20.76   library setup time
                                 20.76   data required time
-----------------------------------------------------------------------------
                                 20.76   data required time
                                -11.47   data arrival time
-----------------------------------------------------------------------------
                                  9.29   slack (MET)


Startpoint: core.jtagBridge_1.jtag_tap_tdoUnbufferd_regNext$_DFF_N_
            (rising edge-triggered flip-flop clocked by JTAG_TCK')
Endpoint: jtag_tdo (output port clocked by JTAG_TCK)
Path Group: JTAG_TCK
Path Type: max
Corner: slow

Fanout     Cap    Slew   Delay    Time   Description
-----------------------------------------------------------------------------
                  3.00   33.33   33.33   clock JTAG_TCK' (rise edge)
                          0.00   33.33   clock network delay (ideal)
                  3.00    0.00   33.33 ^ core.jtagBridge_1.jtag_tap_tdoUnbufferd_regNext$_DFF_N_/CLK (sg13cmos5l_dfrbpq_1)
     1    0.04    0.26    0.94   34.27 ^ core.jtagBridge_1.jtag_tap_tdoUnbufferd_regNext$_DFF_N_/Q (sg13cmos5l_dfrbpq_1)
                                         core.jtagBridge_1.io_jtag_tdo (net)
                  0.34    0.00   34.27 ^ pad_jtag_tdo/c2p (sg13cmos5l_IOPadOut4mA)
     2   10.00   14.17    8.74   43.01 ^ pad_jtag_tdo/pad (sg13cmos5l_IOPadOut4mA)
                                         jtag_tdo (net)
                  0.00    0.00   43.01 ^ jtag_tdo (out)
                                 43.01   data arrival time

                  3.00   66.67   66.67   clock JTAG_TCK (rise edge)
                          0.00   66.67   clock network delay (ideal)
                         -0.12   66.55   clock uncertainty
                          0.00   66.55   clock reconvergence pessimism
                        -15.80   50.75   output external delay
                                 50.75   data required time
-----------------------------------------------------------------------------
                                 50.75   data required time
                                -43.01   data arrival time
-----------------------------------------------------------------------------
                                  7.74   slack (MET)



==========================================================================
floorplan final report_power
--------------------------------------------------------------------------
Corner: slow
Group                  Internal  Switching    Leakage      Total
                          Power      Power      Power      Power (Watts)
----------------------------------------------------------------
Sequential             9.42e-05   0.00e+00   7.36e-06   1.02e-04  41.4%
Combinational          1.75e-07   4.36e-05   9.86e-06   5.36e-05  21.9%
Clock                  0.00e+00   0.00e+00   2.77e-09   2.77e-09   0.0%
Macro                  7.66e-05   0.00e+00   5.23e-06   8.18e-05  33.3%
Pad                    3.47e-07   7.76e-06   1.85e-07   8.29e-06   3.4%
----------------------------------------------------------------
Total                  1.71e-04   5.14e-05   2.26e-05   2.45e-04 100.0%
                          69.8%      20.9%       9.2%
Corner: typ
Group                  Internal  Switching    Leakage      Total
                          Power      Power      Power      Power (Watts)
----------------------------------------------------------------
Sequential             1.21e-04   0.00e+00   1.79e-06   1.23e-04  40.0%
Combinational          2.22e-07   6.04e-05   3.01e-06   6.37e-05  20.7%
Clock                  0.00e+00   0.00e+00   6.37e-10   6.37e-10   0.0%
Macro                  1.04e-04   0.00e+00   5.23e-06   1.09e-04  35.6%
Pad                    4.69e-07   1.08e-05   3.42e-08   1.13e-05   3.7%
----------------------------------------------------------------
Total                  2.26e-04   7.13e-05   1.01e-05   3.07e-04 100.0%
                          73.5%      23.2%       3.3%
Corner: fast
Group                  Internal  Switching    Leakage      Total
                          Power      Power      Power      Power (Watts)
----------------------------------------------------------------
Sequential             1.52e-04   0.00e+00   3.43e-06   1.55e-04  34.2%
Combinational          2.81e-07   7.82e-05   5.96e-06   8.44e-05  18.6%
Clock                  0.00e+00   0.00e+00   1.35e-09   1.35e-09   0.0%
Macro                  1.94e-04   0.00e+00   5.23e-06   1.99e-04  43.8%
Pad                    1.09e-06   1.40e-05   5.99e-08   1.52e-05   3.3%
----------------------------------------------------------------
Total                  3.47e-04   9.22e-05   1.47e-05   4.54e-04 100.0%
                          76.5%      20.3%       3.2%
